[1.744s] Invoking command in '/home/ryanlin12/CSCE452_project2/src/my_package': PYTHONPATH=/home/ryanlin12/CSCE452_project2/build/my_package/prefix_override:/home/ryanlin12/CSCE452_project2/install/my_package/lib/python3.10/site-packages:${PYTHONPATH} /usr/bin/python3 setup.py egg_info --egg-base ../../build/my_package build --build-base /home/ryanlin12/CSCE452_project2/build/my_package/build install --record /home/ryanlin12/CSCE452_project2/build/my_package/install.log --single-version-externally-managed
[2.234s] running egg_info
[2.235s] writing ../../build/my_package/my_package.egg-info/PKG-INFO
[2.237s] writing dependency_links to ../../build/my_package/my_package.egg-info/dependency_links.txt
[2.237s] writing entry points to ../../build/my_package/my_package.egg-info/entry_points.txt
[2.240s] writing requirements to ../../build/my_package/my_package.egg-info/requires.txt
[2.240s] writing top-level names to ../../build/my_package/my_package.egg-info/top_level.txt
[2.243s] reading manifest file '../../build/my_package/my_package.egg-info/SOURCES.txt'
[2.246s] writing manifest file '../../build/my_package/my_package.egg-info/SOURCES.txt'
[2.247s] running build
[2.247s] running build_py
[2.247s] copying my_package/a_mlogo.py -> /home/ryanlin12/CSCE452_project2/build/my_package/build/lib/my_package
[2.248s] running install
[2.248s] running install_lib
[2.249s] /usr/lib/python3/dist-packages/setuptools/command/install.py:34: SetuptoolsDeprecationWarning: setup.py install is deprecated. Use build and pip and other standards-based tools.
[2.249s]   warnings.warn(
[2.251s] copying /home/ryanlin12/CSCE452_project2/build/my_package/build/lib/my_package/a_mlogo.py -> /home/ryanlin12/CSCE452_project2/install/my_package/lib/python3.10/site-packages/my_package
[2.253s] byte-compiling /home/ryanlin12/CSCE452_project2/install/my_package/lib/python3.10/site-packages/my_package/a_mlogo.py to a_mlogo.cpython-310.pyc
[2.263s] running install_data
[2.265s] running install_egg_info
[2.268s] removing '/home/ryanlin12/CSCE452_project2/install/my_package/lib/python3.10/site-packages/my_package-0.0.0-py3.10.egg-info' (and everything under it)
[2.274s] Copying ../../build/my_package/my_package.egg-info to /home/ryanlin12/CSCE452_project2/install/my_package/lib/python3.10/site-packages/my_package-0.0.0-py3.10.egg-info
[2.274s] running install_scripts
[2.357s] Installing a_mlogo script to /home/ryanlin12/CSCE452_project2/install/my_package/lib/my_package
[2.359s] Installing listener script to /home/ryanlin12/CSCE452_project2/install/my_package/lib/my_package
[2.359s] Installing my_node script to /home/ryanlin12/CSCE452_project2/install/my_package/lib/my_package
[2.359s] Installing talker script to /home/ryanlin12/CSCE452_project2/install/my_package/lib/my_package
[2.360s] writing list of installed files to '/home/ryanlin12/CSCE452_project2/build/my_package/install.log'
[2.370s] Invoked command in '/home/ryanlin12/CSCE452_project2/src/my_package' returned '0': PYTHONPATH=/home/ryanlin12/CSCE452_project2/build/my_package/prefix_override:/home/ryanlin12/CSCE452_project2/install/my_package/lib/python3.10/site-packages:${PYTHONPATH} /usr/bin/python3 setup.py egg_info --egg-base ../../build/my_package build --build-base /home/ryanlin12/CSCE452_project2/build/my_package/build install --record /home/ryanlin12/CSCE452_project2/build/my_package/install.log --single-version-externally-managed
