[0.762s] Invoking command in '/home/ryanlin12/CSCE452_project2/src/py_srvcli': AMENT_PREFIX_PATH=/home/ryanlin12/CSCE452_project2/install/turtlesim:${AMENT_PREFIX_PATH} CMAKE_PREFIX_PATH=/home/ryanlin12/CSCE452_project2/install/turtlesim LD_LIBRARY_PATH=/home/ryanlin12/CSCE452_project2/install/turtlesim/lib:${LD_LIBRARY_PATH} PYTHONPATH=/home/ryanlin12/CSCE452_project2/build/py_srvcli/prefix_override:/home/ryanlin12/CSCE452_project2/install/py_srvcli/lib/python3.10/site-packages:/home/ryanlin12/CSCE452_project2/install/turtlesim/local/lib/python3.10/dist-packages:${PYTHONPATH} /usr/bin/python3 setup.py egg_info --egg-base ../../build/py_srvcli build --build-base /home/ryanlin12/CSCE452_project2/build/py_srvcli/build install --record /home/ryanlin12/CSCE452_project2/build/py_srvcli/install.log --single-version-externally-managed
[1.044s] running egg_info
[1.045s] writing ../../build/py_srvcli/py_srvcli.egg-info/PKG-INFO
[1.046s] writing dependency_links to ../../build/py_srvcli/py_srvcli.egg-info/dependency_links.txt
[1.046s] writing entry points to ../../build/py_srvcli/py_srvcli.egg-info/entry_points.txt
[1.047s] writing requirements to ../../build/py_srvcli/py_srvcli.egg-info/requires.txt
[1.047s] writing top-level names to ../../build/py_srvcli/py_srvcli.egg-info/top_level.txt
[1.052s] reading manifest file '../../build/py_srvcli/py_srvcli.egg-info/SOURCES.txt'
[1.064s] writing manifest file '../../build/py_srvcli/py_srvcli.egg-info/SOURCES.txt'
[1.064s] running build
[1.064s] running build_py
[1.065s] running install
[1.066s] /usr/lib/python3/dist-packages/setuptools/command/install.py:34: SetuptoolsDeprecationWarning: setup.py install is deprecated. Use build and pip and other standards-based tools.
[1.067s]   warnings.warn(
[1.067s] running install_lib
[1.068s] running install_data
[1.069s] running install_egg_info
[1.071s] removing '/home/ryanlin12/CSCE452_project2/install/py_srvcli/lib/python3.10/site-packages/py_srvcli-0.0.0-py3.10.egg-info' (and everything under it)
[1.082s] Copying ../../build/py_srvcli/py_srvcli.egg-info to /home/ryanlin12/CSCE452_project2/install/py_srvcli/lib/python3.10/site-packages/py_srvcli-0.0.0-py3.10.egg-info
[1.084s] running install_scripts
[1.117s] Installing clear_line_client script to /home/ryanlin12/CSCE452_project2/install/py_srvcli/lib/py_srvcli
[1.117s] Installing clear_line_service script to /home/ryanlin12/CSCE452_project2/install/py_srvcli/lib/py_srvcli
[1.117s] Installing set_color_client script to /home/ryanlin12/CSCE452_project2/install/py_srvcli/lib/py_srvcli
[1.118s] Installing set_color_service script to /home/ryanlin12/CSCE452_project2/install/py_srvcli/lib/py_srvcli
[1.119s] writing list of installed files to '/home/ryanlin12/CSCE452_project2/build/py_srvcli/install.log'
[1.150s] Invoked command in '/home/ryanlin12/CSCE452_project2/src/py_srvcli' returned '0': AMENT_PREFIX_PATH=/home/ryanlin12/CSCE452_project2/install/turtlesim:${AMENT_PREFIX_PATH} CMAKE_PREFIX_PATH=/home/ryanlin12/CSCE452_project2/install/turtlesim LD_LIBRARY_PATH=/home/ryanlin12/CSCE452_project2/install/turtlesim/lib:${LD_LIBRARY_PATH} PYTHONPATH=/home/ryanlin12/CSCE452_project2/build/py_srvcli/prefix_override:/home/ryanlin12/CSCE452_project2/install/py_srvcli/lib/python3.10/site-packages:/home/ryanlin12/CSCE452_project2/install/turtlesim/local/lib/python3.10/dist-packages:${PYTHONPATH} /usr/bin/python3 setup.py egg_info --egg-base ../../build/py_srvcli build --build-base /home/ryanlin12/CSCE452_project2/build/py_srvcli/build install --record /home/ryanlin12/CSCE452_project2/build/py_srvcli/install.log --single-version-externally-managed
