[0.438s] Invoking command in '/home/ryanlin12/CSCE452_project2/src/my_package': PYTHONPATH=/home/ryanlin12/CSCE452_project2/build/my_package/prefix_override:/home/ryanlin12/CSCE452_project2/install/my_package/lib/python3.10/site-packages:${PYTHONPATH} /usr/bin/python3 setup.py egg_info --egg-base ../../build/my_package build --build-base /home/ryanlin12/CSCE452_project2/build/my_package/build install --record /home/ryanlin12/CSCE452_project2/build/my_package/install.log --single-version-externally-managed
[0.621s] running egg_info
[0.622s] writing ../../build/my_package/my_package.egg-info/PKG-INFO
[0.622s] writing dependency_links to ../../build/my_package/my_package.egg-info/dependency_links.txt
[0.623s] writing entry points to ../../build/my_package/my_package.egg-info/entry_points.txt
[0.623s] writing requirements to ../../build/my_package/my_package.egg-info/requires.txt
[0.623s] writing top-level names to ../../build/my_package/my_package.egg-info/top_level.txt
[0.625s] reading manifest file '../../build/my_package/my_package.egg-info/SOURCES.txt'
[0.627s] /usr/lib/python3/dist-packages/setuptools/command/install.py:34: SetuptoolsDeprecationWarning: setup.py install is deprecated. Use build and pip and other standards-based tools.
[0.627s]   warnings.warn(
[0.627s] writing manifest file '../../build/my_package/my_package.egg-info/SOURCES.txt'
[0.627s] running build
[0.627s] running build_py
[0.627s] copying my_package/realfinalattempt.py -> /home/ryanlin12/CSCE452_project2/build/my_package/build/lib/my_package
[0.627s] running install
[0.627s] running install_lib
[0.628s] copying /home/ryanlin12/CSCE452_project2/build/my_package/build/lib/my_package/realfinalattempt.py -> /home/ryanlin12/CSCE452_project2/install/my_package/lib/python3.10/site-packages/my_package
[0.628s] byte-compiling /home/ryanlin12/CSCE452_project2/install/my_package/lib/python3.10/site-packages/my_package/final_attempt.py to final_attempt.cpython-310.pyc
[0.629s]   File "/home/ryanlin12/CSCE452_project2/install/my_package/lib/python3.10/site-packages/my_package/final_attempt.py", line 63
[0.629s]     // wrap g_goal.theta to [-pi, pi)
[0.629s]                                     ^
[0.629s] SyntaxError: closing parenthesis ')' does not match opening parenthesis '['
[0.629s] 
[0.629s] byte-compiling /home/ryanlin12/CSCE452_project2/install/my_package/lib/python3.10/site-packages/my_package/realfinalattempt.py to realfinalattempt.cpython-310.pyc
[0.630s] running install_data
[0.631s] running install_egg_info
[0.632s] removing '/home/ryanlin12/CSCE452_project2/install/my_package/lib/python3.10/site-packages/my_package-0.0.0-py3.10.egg-info' (and everything under it)
[0.632s] Copying ../../build/my_package/my_package.egg-info to /home/ryanlin12/CSCE452_project2/install/my_package/lib/python3.10/site-packages/my_package-0.0.0-py3.10.egg-info
[0.633s] running install_scripts
[0.652s] Installing a_mlogo script to /home/ryanlin12/CSCE452_project2/install/my_package/lib/my_package
[0.652s] Installing final script to /home/ryanlin12/CSCE452_project2/install/my_package/lib/my_package
[0.653s] Installing listener script to /home/ryanlin12/CSCE452_project2/install/my_package/lib/my_package
[0.653s] Installing my_node script to /home/ryanlin12/CSCE452_project2/install/my_package/lib/my_package
[0.654s] Installing talker script to /home/ryanlin12/CSCE452_project2/install/my_package/lib/my_package
[0.654s] writing list of installed files to '/home/ryanlin12/CSCE452_project2/build/my_package/install.log'
[0.678s] Invoked command in '/home/ryanlin12/CSCE452_project2/src/my_package' returned '0': PYTHONPATH=/home/ryanlin12/CSCE452_project2/build/my_package/prefix_override:/home/ryanlin12/CSCE452_project2/install/my_package/lib/python3.10/site-packages:${PYTHONPATH} /usr/bin/python3 setup.py egg_info --egg-base ../../build/my_package build --build-base /home/ryanlin12/CSCE452_project2/build/my_package/build install --record /home/ryanlin12/CSCE452_project2/build/my_package/install.log --single-version-externally-managed
