[1.301s] Invoking command in '/home/ryanlin12/CSCE452_project2/src/my_package': PYTHONPATH=/home/ryanlin12/CSCE452_project2/build/my_package/prefix_override:/home/ryanlin12/CSCE452_project2/install/my_package/lib/python3.10/site-packages:${PYTHONPATH} /usr/bin/python3 setup.py egg_info --egg-base ../../build/my_package build --build-base /home/ryanlin12/CSCE452_project2/build/my_package/build install --record /home/ryanlin12/CSCE452_project2/build/my_package/install.log --single-version-externally-managed
[1.744s] running egg_info
[1.747s] writing ../../build/my_package/my_package.egg-info/PKG-INFO
[1.747s] writing dependency_links to ../../build/my_package/my_package.egg-info/dependency_links.txt
[1.747s] writing entry points to ../../build/my_package/my_package.egg-info/entry_points.txt
[1.749s] writing requirements to ../../build/my_package/my_package.egg-info/requires.txt
[1.749s] writing top-level names to ../../build/my_package/my_package.egg-info/top_level.txt
[1.753s] reading manifest file '../../build/my_package/my_package.egg-info/SOURCES.txt'
[1.755s] writing manifest file '../../build/my_package/my_package.egg-info/SOURCES.txt'
[1.756s] running build
[1.756s] running build_py
[1.756s] running install
[1.756s] /usr/lib/python3/dist-packages/setuptools/command/install.py:34: SetuptoolsDeprecationWarning: setup.py install is deprecated. Use build and pip and other standards-based tools.
[1.757s]   warnings.warn(
[1.757s] running install_lib
[1.760s] running install_data
[1.762s] copying package.xml -> /home/ryanlin12/CSCE452_project2/install/my_package/share/my_package
[1.767s] running install_egg_info
[1.775s] removing '/home/ryanlin12/CSCE452_project2/install/my_package/lib/python3.10/site-packages/my_package-0.0.0-py3.10.egg-info' (and everything under it)
[1.775s] Copying ../../build/my_package/my_package.egg-info to /home/ryanlin12/CSCE452_project2/install/my_package/lib/python3.10/site-packages/my_package-0.0.0-py3.10.egg-info
[1.776s] running install_scripts
[1.812s] Installing a_mlogo script to /home/ryanlin12/CSCE452_project2/install/my_package/lib/my_package
[1.815s] Installing listener script to /home/ryanlin12/CSCE452_project2/install/my_package/lib/my_package
[1.815s] Installing my_node script to /home/ryanlin12/CSCE452_project2/install/my_package/lib/my_package
[1.816s] Installing talker script to /home/ryanlin12/CSCE452_project2/install/my_package/lib/my_package
[1.816s] writing list of installed files to '/home/ryanlin12/CSCE452_project2/build/my_package/install.log'
[1.856s] Invoked command in '/home/ryanlin12/CSCE452_project2/src/my_package' returned '0': PYTHONPATH=/home/ryanlin12/CSCE452_project2/build/my_package/prefix_override:/home/ryanlin12/CSCE452_project2/install/my_package/lib/python3.10/site-packages:${PYTHONPATH} /usr/bin/python3 setup.py egg_info --egg-base ../../build/my_package build --build-base /home/ryanlin12/CSCE452_project2/build/my_package/build install --record /home/ryanlin12/CSCE452_project2/build/my_package/install.log --single-version-externally-managed
