[1.440s] Invoking command in '/home/ryanlin12/CSCE452_project2/src/my_package': PYTHONPATH=/home/ryanlin12/CSCE452_project2/build/my_package/prefix_override:/home/ryanlin12/CSCE452_project2/install/my_package/lib/python3.10/site-packages:${PYTHONPATH} /usr/bin/python3 setup.py egg_info --egg-base ../../build/my_package build --build-base /home/ryanlin12/CSCE452_project2/build/my_package/build install --record /home/ryanlin12/CSCE452_project2/build/my_package/install.log --single-version-externally-managed
[1.927s] running egg_info
[1.929s] writing ../../build/my_package/my_package.egg-info/PKG-INFO
[1.930s] writing dependency_links to ../../build/my_package/my_package.egg-info/dependency_links.txt
[1.932s] writing entry points to ../../build/my_package/my_package.egg-info/entry_points.txt
[1.933s] writing requirements to ../../build/my_package/my_package.egg-info/requires.txt
[1.934s] writing top-level names to ../../build/my_package/my_package.egg-info/top_level.txt
[1.938s] reading manifest file '../../build/my_package/my_package.egg-info/SOURCES.txt'
[1.940s] writing manifest file '../../build/my_package/my_package.egg-info/SOURCES.txt'
[1.941s] running build
[1.941s] running build_py
[1.942s] copying my_package/a_mlogo.py -> /home/ryanlin12/CSCE452_project2/build/my_package/build/lib/my_package
[1.945s] running install
[1.946s] /usr/lib/python3/dist-packages/setuptools/command/install.py:34: SetuptoolsDeprecationWarning: setup.py install is deprecated. Use build and pip and other standards-based tools.
[1.946s]   warnings.warn(
[1.946s] running install_lib
[1.948s] copying /home/ryanlin12/CSCE452_project2/build/my_package/build/lib/my_package/a_mlogo.py -> /home/ryanlin12/CSCE452_project2/install/my_package/lib/python3.10/site-packages/my_package
[1.949s] byte-compiling /home/ryanlin12/CSCE452_project2/install/my_package/lib/python3.10/site-packages/my_package/a_mlogo.py to a_mlogo.cpython-310.pyc
[1.953s] running install_data
[1.955s] running install_egg_info
[1.960s] removing '/home/ryanlin12/CSCE452_project2/install/my_package/lib/python3.10/site-packages/my_package-0.0.0-py3.10.egg-info' (and everything under it)
[1.960s] Copying ../../build/my_package/my_package.egg-info to /home/ryanlin12/CSCE452_project2/install/my_package/lib/python3.10/site-packages/my_package-0.0.0-py3.10.egg-info
[1.960s] running install_scripts
[2.014s] Installing a_mlogo script to /home/ryanlin12/CSCE452_project2/install/my_package/lib/my_package
[2.015s] Installing listener script to /home/ryanlin12/CSCE452_project2/install/my_package/lib/my_package
[2.016s] Installing my_node script to /home/ryanlin12/CSCE452_project2/install/my_package/lib/my_package
[2.018s] Installing talker script to /home/ryanlin12/CSCE452_project2/install/my_package/lib/my_package
[2.019s] writing list of installed files to '/home/ryanlin12/CSCE452_project2/build/my_package/install.log'
[2.067s] Invoked command in '/home/ryanlin12/CSCE452_project2/src/my_package' returned '0': PYTHONPATH=/home/ryanlin12/CSCE452_project2/build/my_package/prefix_override:/home/ryanlin12/CSCE452_project2/install/my_package/lib/python3.10/site-packages:${PYTHONPATH} /usr/bin/python3 setup.py egg_info --egg-base ../../build/my_package build --build-base /home/ryanlin12/CSCE452_project2/build/my_package/build install --record /home/ryanlin12/CSCE452_project2/build/my_package/install.log --single-version-externally-managed
