[0.352s] DEBUG:colcon:Command line arguments: ['/usr/bin/colcon', 'build', '--packages-select', 'my_package']
[0.353s] DEBUG:colcon:Parsed command line arguments: Namespace(log_base=None, log_level=None, verb_name='build', build_base='build', install_base='install', merge_install=False, symlink_install=False, test_result_base=None, continue_on_error=False, executor='parallel', parallel_workers=4, event_handlers=None, ignore_user_meta=False, metas=['./colcon.meta'], base_paths=['.'], packages_ignore=None, packages_ignore_regex=None, paths=None, packages_up_to=None, packages_up_to_regex=None, packages_above=None, packages_above_and_dependencies=None, packages_above_depth=None, packages_select_by_dep=None, packages_skip_by_dep=None, packages_skip_up_to=None, packages_select_build_failed=False, packages_skip_build_finished=False, packages_select_test_failures=False, packages_skip_test_passed=False, packages_select=['my_package'], packages_skip=None, packages_select_regex=None, packages_skip_regex=None, packages_start=None, packages_end=None, allow_overriding=[], cmake_args=None, cmake_target=None, cmake_target_skip_unavailable=False, cmake_clean_cache=False, cmake_clean_first=False, cmake_force_configure=False, ament_cmake_args=None, catkin_cmake_args=None, catkin_skip_building_tests=False, verb_parser=<colcon_defaults.argument_parser.defaults.DefaultArgumentsDecorator object at 0x7f1a3a7922c0>, verb_extension=<colcon_core.verb.build.BuildVerb object at 0x7f1a3afa53c0>, main=<bound method BuildVerb.main of <colcon_core.verb.build.BuildVerb object at 0x7f1a3afa53c0>>)
[0.384s] Level 1:colcon.colcon_core.package_discovery:discover_packages(colcon_meta) check parameters
[0.384s] Level 1:colcon.colcon_core.package_discovery:discover_packages(recursive) check parameters
[0.384s] Level 1:colcon.colcon_core.package_discovery:discover_packages(ignore) check parameters
[0.384s] Level 1:colcon.colcon_core.package_discovery:discover_packages(path) check parameters
[0.384s] Level 1:colcon.colcon_core.package_discovery:discover_packages(colcon_meta) discover
[0.385s] Level 1:colcon.colcon_core.package_discovery:discover_packages(recursive) discover
[0.385s] INFO:colcon.colcon_core.package_discovery:Crawling recursively for packages in '/home/ryanlin12/CSCE452_project2'
[0.385s] Level 1:colcon.colcon_core.package_identification:_identify(.) by extensions ['ignore', 'ignore_ament_install']
[0.385s] Level 1:colcon.colcon_core.package_identification:_identify(.) by extension 'ignore'
[0.385s] Level 1:colcon.colcon_core.package_identification:_identify(.) by extension 'ignore_ament_install'
[0.385s] Level 1:colcon.colcon_core.package_identification:_identify(.) by extensions ['colcon_pkg']
[0.385s] Level 1:colcon.colcon_core.package_identification:_identify(.) by extension 'colcon_pkg'
[0.386s] Level 1:colcon.colcon_core.package_identification:_identify(.) by extensions ['colcon_meta']
[0.386s] Level 1:colcon.colcon_core.package_identification:_identify(.) by extension 'colcon_meta'
[0.386s] Level 1:colcon.colcon_core.package_identification:_identify(.) by extensions ['ros']
[0.386s] Level 1:colcon.colcon_core.package_identification:_identify(.) by extension 'ros'
[0.399s] Level 1:colcon.colcon_core.package_identification:_identify(.) by extensions ['cmake', 'python']
[0.399s] Level 1:colcon.colcon_core.package_identification:_identify(.) by extension 'cmake'
[0.399s] Level 1:colcon.colcon_core.package_identification:_identify(.) by extension 'python'
[0.399s] Level 1:colcon.colcon_core.package_identification:_identify(.) by extensions ['python_setup_py']
[0.400s] Level 1:colcon.colcon_core.package_identification:_identify(.) by extension 'python_setup_py'
[0.401s] Level 1:colcon.colcon_core.package_identification:_identify(build) by extensions ['ignore', 'ignore_ament_install']
[0.401s] Level 1:colcon.colcon_core.package_identification:_identify(build) by extension 'ignore'
[0.401s] Level 1:colcon.colcon_core.package_identification:_identify(build) ignored
[0.402s] Level 1:colcon.colcon_core.package_identification:_identify(install) by extensions ['ignore', 'ignore_ament_install']
[0.402s] Level 1:colcon.colcon_core.package_identification:_identify(install) by extension 'ignore'
[0.402s] Level 1:colcon.colcon_core.package_identification:_identify(install) ignored
[0.402s] Level 1:colcon.colcon_core.package_identification:_identify(log) by extensions ['ignore', 'ignore_ament_install']
[0.402s] Level 1:colcon.colcon_core.package_identification:_identify(log) by extension 'ignore'
[0.403s] Level 1:colcon.colcon_core.package_identification:_identify(log) ignored
[0.403s] Level 1:colcon.colcon_core.package_identification:_identify(src) by extensions ['ignore', 'ignore_ament_install']
[0.403s] Level 1:colcon.colcon_core.package_identification:_identify(src) by extension 'ignore'
[0.403s] Level 1:colcon.colcon_core.package_identification:_identify(src) by extension 'ignore_ament_install'
[0.403s] Level 1:colcon.colcon_core.package_identification:_identify(src) by extensions ['colcon_pkg']
[0.403s] Level 1:colcon.colcon_core.package_identification:_identify(src) by extension 'colcon_pkg'
[0.403s] Level 1:colcon.colcon_core.package_identification:_identify(src) by extensions ['colcon_meta']
[0.403s] Level 1:colcon.colcon_core.package_identification:_identify(src) by extension 'colcon_meta'
[0.403s] Level 1:colcon.colcon_core.package_identification:_identify(src) by extensions ['ros']
[0.403s] Level 1:colcon.colcon_core.package_identification:_identify(src) by extension 'ros'
[0.403s] Level 1:colcon.colcon_core.package_identification:_identify(src) by extensions ['cmake', 'python']
[0.403s] Level 1:colcon.colcon_core.package_identification:_identify(src) by extension 'cmake'
[0.403s] Level 1:colcon.colcon_core.package_identification:_identify(src) by extension 'python'
[0.403s] Level 1:colcon.colcon_core.package_identification:_identify(src) by extensions ['python_setup_py']
[0.403s] Level 1:colcon.colcon_core.package_identification:_identify(src) by extension 'python_setup_py'
[0.403s] Level 1:colcon.colcon_core.package_identification:_identify(src/my_package) by extensions ['ignore', 'ignore_ament_install']
[0.404s] Level 1:colcon.colcon_core.package_identification:_identify(src/my_package) by extension 'ignore'
[0.404s] Level 1:colcon.colcon_core.package_identification:_identify(src/my_package) by extension 'ignore_ament_install'
[0.404s] Level 1:colcon.colcon_core.package_identification:_identify(src/my_package) by extensions ['colcon_pkg']
[0.404s] Level 1:colcon.colcon_core.package_identification:_identify(src/my_package) by extension 'colcon_pkg'
[0.404s] Level 1:colcon.colcon_core.package_identification:_identify(src/my_package) by extensions ['colcon_meta']
[0.404s] Level 1:colcon.colcon_core.package_identification:_identify(src/my_package) by extension 'colcon_meta'
[0.405s] Level 1:colcon.colcon_core.package_identification:_identify(src/my_package) by extensions ['ros']
[0.405s] Level 1:colcon.colcon_core.package_identification:_identify(src/my_package) by extension 'ros'
[0.409s] DEBUG:colcon.colcon_core.package_identification:Package 'src/my_package' with type 'ros.ament_python' and name 'my_package'
[0.410s] Level 1:colcon.colcon_core.package_identification:_identify(src/py_srvcli) by extensions ['ignore', 'ignore_ament_install']
[0.410s] Level 1:colcon.colcon_core.package_identification:_identify(src/py_srvcli) by extension 'ignore'
[0.410s] Level 1:colcon.colcon_core.package_identification:_identify(src/py_srvcli) by extension 'ignore_ament_install'
[0.410s] Level 1:colcon.colcon_core.package_identification:_identify(src/py_srvcli) by extensions ['colcon_pkg']
[0.410s] Level 1:colcon.colcon_core.package_identification:_identify(src/py_srvcli) by extension 'colcon_pkg'
[0.410s] Level 1:colcon.colcon_core.package_identification:_identify(src/py_srvcli) by extensions ['colcon_meta']
[0.410s] Level 1:colcon.colcon_core.package_identification:_identify(src/py_srvcli) by extension 'colcon_meta'
[0.410s] Level 1:colcon.colcon_core.package_identification:_identify(src/py_srvcli) by extensions ['ros']
[0.411s] Level 1:colcon.colcon_core.package_identification:_identify(src/py_srvcli) by extension 'ros'
[0.411s] DEBUG:colcon.colcon_core.package_identification:Package 'src/py_srvcli' with type 'ros.ament_python' and name 'py_srvcli'
[0.411s] Level 1:colcon.colcon_core.package_identification:_identify(src/ros_tutorials) by extensions ['ignore', 'ignore_ament_install']
[0.412s] Level 1:colcon.colcon_core.package_identification:_identify(src/ros_tutorials) by extension 'ignore'
[0.412s] Level 1:colcon.colcon_core.package_identification:_identify(src/ros_tutorials) by extension 'ignore_ament_install'
[0.412s] Level 1:colcon.colcon_core.package_identification:_identify(src/ros_tutorials) by extensions ['colcon_pkg']
[0.412s] Level 1:colcon.colcon_core.package_identification:_identify(src/ros_tutorials) by extension 'colcon_pkg'
[0.412s] Level 1:colcon.colcon_core.package_identification:_identify(src/ros_tutorials) by extensions ['colcon_meta']
[0.412s] Level 1:colcon.colcon_core.package_identification:_identify(src/ros_tutorials) by extension 'colcon_meta'
[0.412s] Level 1:colcon.colcon_core.package_identification:_identify(src/ros_tutorials) by extensions ['ros']
[0.412s] Level 1:colcon.colcon_core.package_identification:_identify(src/ros_tutorials) by extension 'ros'
[0.412s] Level 1:colcon.colcon_core.package_identification:_identify(src/ros_tutorials) by extensions ['cmake', 'python']
[0.412s] Level 1:colcon.colcon_core.package_identification:_identify(src/ros_tutorials) by extension 'cmake'
[0.412s] Level 1:colcon.colcon_core.package_identification:_identify(src/ros_tutorials) by extension 'python'
[0.412s] Level 1:colcon.colcon_core.package_identification:_identify(src/ros_tutorials) by extensions ['python_setup_py']
[0.412s] Level 1:colcon.colcon_core.package_identification:_identify(src/ros_tutorials) by extension 'python_setup_py'
[0.412s] Level 1:colcon.colcon_core.package_identification:_identify(src/ros_tutorials/ros_tutorials) by extensions ['ignore', 'ignore_ament_install']
[0.412s] Level 1:colcon.colcon_core.package_identification:_identify(src/ros_tutorials/ros_tutorials) by extension 'ignore'
[0.412s] Level 1:colcon.colcon_core.package_identification:_identify(src/ros_tutorials/ros_tutorials) ignored
[0.412s] Level 1:colcon.colcon_core.package_identification:_identify(src/ros_tutorials/roscpp_tutorials) by extensions ['ignore', 'ignore_ament_install']
[0.413s] Level 1:colcon.colcon_core.package_identification:_identify(src/ros_tutorials/roscpp_tutorials) by extension 'ignore'
[0.413s] Level 1:colcon.colcon_core.package_identification:_identify(src/ros_tutorials/roscpp_tutorials) ignored
[0.413s] Level 1:colcon.colcon_core.package_identification:_identify(src/ros_tutorials/rospy_tutorials) by extensions ['ignore', 'ignore_ament_install']
[0.413s] Level 1:colcon.colcon_core.package_identification:_identify(src/ros_tutorials/rospy_tutorials) by extension 'ignore'
[0.413s] Level 1:colcon.colcon_core.package_identification:_identify(src/ros_tutorials/rospy_tutorials) ignored
[0.413s] Level 1:colcon.colcon_core.package_identification:_identify(src/ros_tutorials/turtlesim) by extensions ['ignore', 'ignore_ament_install']
[0.413s] Level 1:colcon.colcon_core.package_identification:_identify(src/ros_tutorials/turtlesim) by extension 'ignore'
[0.413s] Level 1:colcon.colcon_core.package_identification:_identify(src/ros_tutorials/turtlesim) by extension 'ignore_ament_install'
[0.413s] Level 1:colcon.colcon_core.package_identification:_identify(src/ros_tutorials/turtlesim) by extensions ['colcon_pkg']
[0.413s] Level 1:colcon.colcon_core.package_identification:_identify(src/ros_tutorials/turtlesim) by extension 'colcon_pkg'
[0.413s] Level 1:colcon.colcon_core.package_identification:_identify(src/ros_tutorials/turtlesim) by extensions ['colcon_meta']
[0.413s] Level 1:colcon.colcon_core.package_identification:_identify(src/ros_tutorials/turtlesim) by extension 'colcon_meta'
[0.413s] Level 1:colcon.colcon_core.package_identification:_identify(src/ros_tutorials/turtlesim) by extensions ['ros']
[0.413s] Level 1:colcon.colcon_core.package_identification:_identify(src/ros_tutorials/turtlesim) by extension 'ros'
[0.414s] DEBUG:colcon.colcon_core.package_identification:Package 'src/ros_tutorials/turtlesim' with type 'ros.ament_cmake' and name 'turtlesim'
[0.415s] Level 1:colcon.colcon_core.package_discovery:discover_packages(recursive) using defaults
[0.415s] Level 1:colcon.colcon_core.package_discovery:discover_packages(ignore) discover
[0.415s] Level 1:colcon.colcon_core.package_discovery:discover_packages(ignore) using defaults
[0.415s] Level 1:colcon.colcon_core.package_discovery:discover_packages(path) discover
[0.415s] Level 1:colcon.colcon_core.package_discovery:discover_packages(path) using defaults
[0.438s] INFO:colcon.colcon_core.package_selection:Skipping not selected package 'turtlesim' in 'src/ros_tutorials/turtlesim'
[0.439s] INFO:colcon.colcon_core.package_selection:Skipping not selected package 'py_srvcli' in 'src/py_srvcli'
[0.440s] Level 1:colcon.colcon_core.package_discovery:discover_packages(prefix_path) check parameters
[0.440s] Level 1:colcon.colcon_core.package_discovery:discover_packages(prefix_path) discover
[0.445s] DEBUG:colcon.colcon_installed_package_information.package_discovery:Found 284 installed packages in /opt/ros/humble
[0.447s] Level 1:colcon.colcon_core.package_discovery:discover_packages(prefix_path) using defaults
[0.507s] Level 5:colcon.colcon_core.verb:set package 'my_package' build argument 'cmake_args' from command line to 'None'
[0.507s] Level 5:colcon.colcon_core.verb:set package 'my_package' build argument 'cmake_target' from command line to 'None'
[0.508s] Level 5:colcon.colcon_core.verb:set package 'my_package' build argument 'cmake_target_skip_unavailable' from command line to 'False'
[0.508s] Level 5:colcon.colcon_core.verb:set package 'my_package' build argument 'cmake_clean_cache' from command line to 'False'
[0.508s] Level 5:colcon.colcon_core.verb:set package 'my_package' build argument 'cmake_clean_first' from command line to 'False'
[0.508s] Level 5:colcon.colcon_core.verb:set package 'my_package' build argument 'cmake_force_configure' from command line to 'False'
[0.508s] Level 5:colcon.colcon_core.verb:set package 'my_package' build argument 'ament_cmake_args' from command line to 'None'
[0.508s] Level 5:colcon.colcon_core.verb:set package 'my_package' build argument 'catkin_cmake_args' from command line to 'None'
[0.508s] Level 5:colcon.colcon_core.verb:set package 'my_package' build argument 'catkin_skip_building_tests' from command line to 'False'
[0.508s] DEBUG:colcon.colcon_core.verb:Building package 'my_package' with the following arguments: {'ament_cmake_args': None, 'build_base': '/home/ryanlin12/CSCE452_project2/build/my_package', 'catkin_cmake_args': None, 'catkin_skip_building_tests': False, 'cmake_args': None, 'cmake_clean_cache': False, 'cmake_clean_first': False, 'cmake_force_configure': False, 'cmake_target': None, 'cmake_target_skip_unavailable': False, 'install_base': '/home/ryanlin12/CSCE452_project2/install/my_package', 'merge_install': False, 'path': '/home/ryanlin12/CSCE452_project2/src/my_package', 'symlink_install': False, 'test_result_base': None}
[0.508s] INFO:colcon.colcon_core.executor:Executing jobs using 'parallel' executor
[0.515s] DEBUG:colcon.colcon_parallel_executor.executor.parallel:run_until_complete
[0.516s] INFO:colcon.colcon_ros.task.ament_python.build:Building ROS package in '/home/ryanlin12/CSCE452_project2/src/my_package' with build type 'ament_python'
[0.517s] Level 1:colcon.colcon_core.shell:create_environment_hook('my_package', 'ament_prefix_path')
[0.522s] INFO:colcon.colcon_core.plugin_system:Skipping extension 'colcon_core.shell.bat': Not used on non-Windows systems
[0.522s] INFO:colcon.colcon_core.shell:Creating environment hook '/home/ryanlin12/CSCE452_project2/install/my_package/share/my_package/hook/ament_prefix_path.ps1'
[0.523s] INFO:colcon.colcon_core.shell:Creating environment descriptor '/home/ryanlin12/CSCE452_project2/install/my_package/share/my_package/hook/ament_prefix_path.dsv'
[0.524s] INFO:colcon.colcon_core.shell:Creating environment hook '/home/ryanlin12/CSCE452_project2/install/my_package/share/my_package/hook/ament_prefix_path.sh'
[0.526s] INFO:colcon.colcon_core.shell:Skip shell extension 'powershell' for command environment: Not usable outside of PowerShell
[0.526s] DEBUG:colcon.colcon_core.shell:Skip shell extension 'dsv' for command environment
[0.834s] INFO:colcon.colcon_core.task.python.build:Building Python package in '/home/ryanlin12/CSCE452_project2/src/my_package'
[0.839s] INFO:colcon.colcon_core.shell:Skip shell extension 'powershell' for command environment: Not usable outside of PowerShell
[0.839s] DEBUG:colcon.colcon_core.shell:Skip shell extension 'dsv' for command environment
[1.260s] DEBUG:colcon.colcon_core.event_handler.log_command:Invoking command in '/home/ryanlin12/CSCE452_project2/src/my_package': PYTHONPATH=/home/ryanlin12/CSCE452_project2/build/my_package/prefix_override:/home/ryanlin12/CSCE452_project2/install/my_package/lib/python3.10/site-packages:${PYTHONPATH} /usr/bin/python3 setup.py egg_info --egg-base ../../build/my_package build --build-base /home/ryanlin12/CSCE452_project2/build/my_package/build install --record /home/ryanlin12/CSCE452_project2/build/my_package/install.log --single-version-externally-managed
[1.802s] DEBUG:colcon.colcon_core.event_handler.log_command:Invoked command in '/home/ryanlin12/CSCE452_project2/src/my_package' returned '0': PYTHONPATH=/home/ryanlin12/CSCE452_project2/build/my_package/prefix_override:/home/ryanlin12/CSCE452_project2/install/my_package/lib/python3.10/site-packages:${PYTHONPATH} /usr/bin/python3 setup.py egg_info --egg-base ../../build/my_package build --build-base /home/ryanlin12/CSCE452_project2/build/my_package/build install --record /home/ryanlin12/CSCE452_project2/build/my_package/install.log --single-version-externally-managed
[1.807s] Level 1:colcon.colcon_core.environment:checking '/home/ryanlin12/CSCE452_project2/install/my_package' for CMake module files
[1.808s] Level 1:colcon.colcon_core.environment:checking '/home/ryanlin12/CSCE452_project2/install/my_package' for CMake config files
[1.809s] Level 1:colcon.colcon_core.environment:checking '/home/ryanlin12/CSCE452_project2/install/my_package/lib'
[1.809s] Level 1:colcon.colcon_core.environment:checking '/home/ryanlin12/CSCE452_project2/install/my_package/bin'
[1.810s] Level 1:colcon.colcon_core.environment:checking '/home/ryanlin12/CSCE452_project2/install/my_package/lib/pkgconfig/my_package.pc'
[1.810s] Level 1:colcon.colcon_core.environment:checking '/home/ryanlin12/CSCE452_project2/install/my_package/lib/python3.10/site-packages'
[1.810s] Level 1:colcon.colcon_core.shell:create_environment_hook('my_package', 'pythonpath')
[1.812s] INFO:colcon.colcon_core.shell:Creating environment hook '/home/ryanlin12/CSCE452_project2/install/my_package/share/my_package/hook/pythonpath.ps1'
[1.813s] INFO:colcon.colcon_core.shell:Creating environment descriptor '/home/ryanlin12/CSCE452_project2/install/my_package/share/my_package/hook/pythonpath.dsv'
[1.815s] INFO:colcon.colcon_core.shell:Creating environment hook '/home/ryanlin12/CSCE452_project2/install/my_package/share/my_package/hook/pythonpath.sh'
[1.817s] Level 1:colcon.colcon_core.environment:checking '/home/ryanlin12/CSCE452_project2/install/my_package/bin'
[1.818s] Level 1:colcon.colcon_core.environment:create_environment_scripts_only(my_package)
[1.820s] INFO:colcon.colcon_core.shell:Creating package script '/home/ryanlin12/CSCE452_project2/install/my_package/share/my_package/package.ps1'
[1.822s] INFO:colcon.colcon_core.shell:Creating package descriptor '/home/ryanlin12/CSCE452_project2/install/my_package/share/my_package/package.dsv'
[1.824s] INFO:colcon.colcon_core.shell:Creating package script '/home/ryanlin12/CSCE452_project2/install/my_package/share/my_package/package.sh'
[1.826s] INFO:colcon.colcon_core.shell:Creating package script '/home/ryanlin12/CSCE452_project2/install/my_package/share/my_package/package.bash'
[1.827s] INFO:colcon.colcon_core.shell:Creating package script '/home/ryanlin12/CSCE452_project2/install/my_package/share/my_package/package.zsh'
[1.834s] Level 1:colcon.colcon_core.environment:create_file_with_runtime_dependencies(/home/ryanlin12/CSCE452_project2/install/my_package/share/colcon-core/packages/my_package)
[1.835s] DEBUG:colcon.colcon_parallel_executor.executor.parallel:closing loop
[1.837s] DEBUG:colcon.colcon_parallel_executor.executor.parallel:loop closed
[1.837s] DEBUG:colcon.colcon_parallel_executor.executor.parallel:run_until_complete finished with '0'
[1.838s] DEBUG:colcon.colcon_core.event_reactor:joining thread
[1.857s] INFO:colcon.colcon_core.plugin_system:Skipping extension 'colcon_notification.desktop_notification.terminal_notifier': Not used on non-Darwin systems
[1.857s] INFO:colcon.colcon_core.plugin_system:Skipping extension 'colcon_notification.desktop_notification.win32': Not used on non-Windows systems
[1.857s] INFO:colcon.colcon_notification.desktop_notification:Sending desktop notification using 'notify2'
[1.889s] DEBUG:colcon.colcon_core.event_reactor:joined thread
[1.892s] INFO:colcon.colcon_core.shell:Creating prefix script '/home/ryanlin12/CSCE452_project2/install/local_setup.ps1'
[1.893s] INFO:colcon.colcon_core.shell:Creating prefix util module '/home/ryanlin12/CSCE452_project2/install/_local_setup_util_ps1.py'
[1.896s] INFO:colcon.colcon_core.shell:Creating prefix chain script '/home/ryanlin12/CSCE452_project2/install/setup.ps1'
[1.899s] INFO:colcon.colcon_core.shell:Creating prefix script '/home/ryanlin12/CSCE452_project2/install/local_setup.sh'
[1.900s] INFO:colcon.colcon_core.shell:Creating prefix util module '/home/ryanlin12/CSCE452_project2/install/_local_setup_util_sh.py'
[1.901s] INFO:colcon.colcon_core.shell:Creating prefix chain script '/home/ryanlin12/CSCE452_project2/install/setup.sh'
[1.904s] INFO:colcon.colcon_core.shell:Creating prefix script '/home/ryanlin12/CSCE452_project2/install/local_setup.bash'
[1.907s] INFO:colcon.colcon_core.shell:Creating prefix chain script '/home/ryanlin12/CSCE452_project2/install/setup.bash'
[1.910s] INFO:colcon.colcon_core.shell:Creating prefix script '/home/ryanlin12/CSCE452_project2/install/local_setup.zsh'
[1.912s] INFO:colcon.colcon_core.shell:Creating prefix chain script '/home/ryanlin12/CSCE452_project2/install/setup.zsh'
