[0.535s] Invoking command in '/home/ryanlin12/CSCE452_project2/src/my_package': PYTHONPATH=/home/ryanlin12/CSCE452_project2/build/my_package/prefix_override:/home/ryanlin12/CSCE452_project2/install/my_package/lib/python3.10/site-packages:${PYTHONPATH} /usr/bin/python3 setup.py egg_info --egg-base ../../build/my_package build --build-base /home/ryanlin12/CSCE452_project2/build/my_package/build install --record /home/ryanlin12/CSCE452_project2/build/my_package/install.log --single-version-externally-managed
[0.816s] running egg_info
[0.816s] writing ../../build/my_package/my_package.egg-info/PKG-INFO
[0.816s] writing dependency_links to ../../build/my_package/my_package.egg-info/dependency_links.txt
[0.818s] writing entry points to ../../build/my_package/my_package.egg-info/entry_points.txt
[0.819s] writing requirements to ../../build/my_package/my_package.egg-info/requires.txt
[0.821s] writing top-level names to ../../build/my_package/my_package.egg-info/top_level.txt
[0.822s] reading manifest file '../../build/my_package/my_package.egg-info/SOURCES.txt'
[0.823s] writing manifest file '../../build/my_package/my_package.egg-info/SOURCES.txt'
[0.824s] running build
[0.824s] running build_py
[0.824s] copying my_package/realfinalattempt.py -> /home/ryanlin12/CSCE452_project2/build/my_package/build/lib/my_package
[0.825s] /usr/lib/python3/dist-packages/setuptools/command/install.py:34: SetuptoolsDeprecationWarning: setup.py install is deprecated. Use build and pip and other standards-based tools.
[0.825s]   warnings.warn(
[0.825s] running install
[0.825s] running install_lib
[0.826s] copying /home/ryanlin12/CSCE452_project2/build/my_package/build/lib/my_package/realfinalattempt.py -> /home/ryanlin12/CSCE452_project2/install/my_package/lib/python3.10/site-packages/my_package
[0.827s] byte-compiling /home/ryanlin12/CSCE452_project2/install/my_package/lib/python3.10/site-packages/my_package/final_attempt.py to final_attempt.cpython-310.pyc
[0.828s]   File "/home/ryanlin12/CSCE452_project2/install/my_package/lib/python3.10/site-packages/my_package/final_attempt.py", line 63
[0.828s]     // wrap g_goal.theta to [-pi, pi)
[0.828s]                                     ^
[0.829s] SyntaxError: closing parenthesis ')' does not match opening parenthesis '['
[0.829s] 
[0.830s] byte-compiling /home/ryanlin12/CSCE452_project2/install/my_package/lib/python3.10/site-packages/my_package/realfinalattempt.py to realfinalattempt.cpython-310.pyc
[0.833s] running install_data
[0.834s] running install_egg_info
[0.837s] removing '/home/ryanlin12/CSCE452_project2/install/my_package/lib/python3.10/site-packages/my_package-0.0.0-py3.10.egg-info' (and everything under it)
[0.838s] Copying ../../build/my_package/my_package.egg-info to /home/ryanlin12/CSCE452_project2/install/my_package/lib/python3.10/site-packages/my_package-0.0.0-py3.10.egg-info
[0.839s] running install_scripts
[0.871s] Installing a_mlogo script to /home/ryanlin12/CSCE452_project2/install/my_package/lib/my_package
[0.872s] Installing final script to /home/ryanlin12/CSCE452_project2/install/my_package/lib/my_package
[0.872s] Installing listener script to /home/ryanlin12/CSCE452_project2/install/my_package/lib/my_package
[0.873s] Installing my_node script to /home/ryanlin12/CSCE452_project2/install/my_package/lib/my_package
[0.874s] Installing talker script to /home/ryanlin12/CSCE452_project2/install/my_package/lib/my_package
[0.875s] writing list of installed files to '/home/ryanlin12/CSCE452_project2/build/my_package/install.log'
[0.908s] Invoked command in '/home/ryanlin12/CSCE452_project2/src/my_package' returned '0': PYTHONPATH=/home/ryanlin12/CSCE452_project2/build/my_package/prefix_override:/home/ryanlin12/CSCE452_project2/install/my_package/lib/python3.10/site-packages:${PYTHONPATH} /usr/bin/python3 setup.py egg_info --egg-base ../../build/my_package build --build-base /home/ryanlin12/CSCE452_project2/build/my_package/build install --record /home/ryanlin12/CSCE452_project2/build/my_package/install.log --single-version-externally-managed
