[0.647s] Invoking command in '/home/ryanlin12/CSCE452_project2/src/my_package': PYTHONPATH=/home/ryanlin12/CSCE452_project2/build/my_package/prefix_override:/home/ryanlin12/CSCE452_project2/install/my_package/lib/python3.10/site-packages:${PYTHONPATH} /usr/bin/python3 setup.py egg_info --egg-base ../../build/my_package build --build-base /home/ryanlin12/CSCE452_project2/build/my_package/build install --record /home/ryanlin12/CSCE452_project2/build/my_package/install.log --single-version-externally-managed
[0.896s] running egg_info
[0.902s] writing ../../build/my_package/my_package.egg-info/PKG-INFO
[0.902s] writing dependency_links to ../../build/my_package/my_package.egg-info/dependency_links.txt
[0.902s] writing entry points to ../../build/my_package/my_package.egg-info/entry_points.txt
[0.902s] writing requirements to ../../build/my_package/my_package.egg-info/requires.txt
[0.902s] writing top-level names to ../../build/my_package/my_package.egg-info/top_level.txt
[0.906s] reading manifest file '../../build/my_package/my_package.egg-info/SOURCES.txt'
[0.906s] writing manifest file '../../build/my_package/my_package.egg-info/SOURCES.txt'
[0.906s] running build
[0.906s] running build_py
[0.906s] copying my_package/anotherGoodAttempt.py -> /home/ryanlin12/CSCE452_project2/build/my_package/build/lib/my_package
[0.907s] running install
[0.908s] running install_lib
[0.908s] /usr/lib/python3/dist-packages/setuptools/command/install.py:34: SetuptoolsDeprecationWarning: setup.py install is deprecated. Use build and pip and other standards-based tools.
[0.908s]   warnings.warn(
[0.909s] copying /home/ryanlin12/CSCE452_project2/build/my_package/build/lib/my_package/anotherGoodAttempt.py -> /home/ryanlin12/CSCE452_project2/install/my_package/lib/python3.10/site-packages/my_package
[0.909s] byte-compiling /home/ryanlin12/CSCE452_project2/install/my_package/lib/python3.10/site-packages/my_package/anotherGoodAttempt.py to anotherGoodAttempt.cpython-310.pyc
[0.912s] running install_data
[0.913s] running install_egg_info
[0.914s] removing '/home/ryanlin12/CSCE452_project2/install/my_package/lib/python3.10/site-packages/my_package-0.0.0-py3.10.egg-info' (and everything under it)
[0.915s] Copying ../../build/my_package/my_package.egg-info to /home/ryanlin12/CSCE452_project2/install/my_package/lib/python3.10/site-packages/my_package-0.0.0-py3.10.egg-info
[0.916s] running install_scripts
[0.943s] Installing a_mlogo script to /home/ryanlin12/CSCE452_project2/install/my_package/lib/my_package
[0.944s] Installing listener script to /home/ryanlin12/CSCE452_project2/install/my_package/lib/my_package
[0.944s] Installing my_node script to /home/ryanlin12/CSCE452_project2/install/my_package/lib/my_package
[0.944s] Installing talker script to /home/ryanlin12/CSCE452_project2/install/my_package/lib/my_package
[0.944s] writing list of installed files to '/home/ryanlin12/CSCE452_project2/build/my_package/install.log'
[0.972s] Invoked command in '/home/ryanlin12/CSCE452_project2/src/my_package' returned '0': PYTHONPATH=/home/ryanlin12/CSCE452_project2/build/my_package/prefix_override:/home/ryanlin12/CSCE452_project2/install/my_package/lib/python3.10/site-packages:${PYTHONPATH} /usr/bin/python3 setup.py egg_info --egg-base ../../build/my_package build --build-base /home/ryanlin12/CSCE452_project2/build/my_package/build install --record /home/ryanlin12/CSCE452_project2/build/my_package/install.log --single-version-externally-managed
