[1.712s] Invoking command in '/home/ryanlin12/CSCE452_project2/src/my_package': PYTHONPATH=/home/ryanlin12/CSCE452_project2/build/my_package/prefix_override:/home/ryanlin12/CSCE452_project2/install/my_package/lib/python3.10/site-packages:${PYTHONPATH} /usr/bin/python3 setup.py egg_info --egg-base ../../build/my_package build --build-base /home/ryanlin12/CSCE452_project2/build/my_package/build install --record /home/ryanlin12/CSCE452_project2/build/my_package/install.log --single-version-externally-managed
[2.075s] running egg_info
[2.087s] writing ../../build/my_package/my_package.egg-info/PKG-INFO
[2.087s] writing dependency_links to ../../build/my_package/my_package.egg-info/dependency_links.txt
[2.089s] writing entry points to ../../build/my_package/my_package.egg-info/entry_points.txt
[2.092s] writing requirements to ../../build/my_package/my_package.egg-info/requires.txt
[2.092s] writing top-level names to ../../build/my_package/my_package.egg-info/top_level.txt
[2.097s] reading manifest file '../../build/my_package/my_package.egg-info/SOURCES.txt'
[2.102s] writing manifest file '../../build/my_package/my_package.egg-info/SOURCES.txt'
[2.102s] running build
[2.102s] running build_py
[2.104s] copying my_package/anotherGoodAttempt.py -> /home/ryanlin12/CSCE452_project2/build/my_package/build/lib/my_package
[2.104s] running install
[2.112s] /usr/lib/python3/dist-packages/setuptools/command/install.py:34: SetuptoolsDeprecationWarning: setup.py install is deprecated. Use build and pip and other standards-based tools.
[2.112s]   warnings.warn(
[2.113s] running install_lib
[2.115s] copying /home/ryanlin12/CSCE452_project2/build/my_package/build/lib/my_package/anotherGoodAttempt.py -> /home/ryanlin12/CSCE452_project2/install/my_package/lib/python3.10/site-packages/my_package
[2.117s] byte-compiling /home/ryanlin12/CSCE452_project2/install/my_package/lib/python3.10/site-packages/my_package/anotherGoodAttempt.py to anotherGoodAttempt.cpython-310.pyc
[2.122s] running install_data
[2.124s] running install_egg_info
[2.127s] removing '/home/ryanlin12/CSCE452_project2/install/my_package/lib/python3.10/site-packages/my_package-0.0.0-py3.10.egg-info' (and everything under it)
[2.134s] Copying ../../build/my_package/my_package.egg-info to /home/ryanlin12/CSCE452_project2/install/my_package/lib/python3.10/site-packages/my_package-0.0.0-py3.10.egg-info
[2.136s] running install_scripts
[2.174s] Installing a_mlogo script to /home/ryanlin12/CSCE452_project2/install/my_package/lib/my_package
[2.177s] Installing listener script to /home/ryanlin12/CSCE452_project2/install/my_package/lib/my_package
[2.179s] Installing my_node script to /home/ryanlin12/CSCE452_project2/install/my_package/lib/my_package
[2.179s] Installing talker script to /home/ryanlin12/CSCE452_project2/install/my_package/lib/my_package
[2.181s] writing list of installed files to '/home/ryanlin12/CSCE452_project2/build/my_package/install.log'
[2.222s] Invoked command in '/home/ryanlin12/CSCE452_project2/src/my_package' returned '0': PYTHONPATH=/home/ryanlin12/CSCE452_project2/build/my_package/prefix_override:/home/ryanlin12/CSCE452_project2/install/my_package/lib/python3.10/site-packages:${PYTHONPATH} /usr/bin/python3 setup.py egg_info --egg-base ../../build/my_package build --build-base /home/ryanlin12/CSCE452_project2/build/my_package/build install --record /home/ryanlin12/CSCE452_project2/build/my_package/install.log --single-version-externally-managed
