[0.481s] Invoking command in '/home/ryanlin12/CSCE452_project2/src/my_package': PYTHONPATH=/home/ryanlin12/CSCE452_project2/build/my_package/prefix_override:/home/ryanlin12/CSCE452_project2/install/my_package/lib/python3.10/site-packages:${PYTHONPATH} /usr/bin/python3 setup.py egg_info --egg-base ../../build/my_package build --build-base /home/ryanlin12/CSCE452_project2/build/my_package/build install --record /home/ryanlin12/CSCE452_project2/build/my_package/install.log --single-version-externally-managed
[0.645s] running egg_info
[0.646s] writing ../../build/my_package/my_package.egg-info/PKG-INFO
[0.646s] writing dependency_links to ../../build/my_package/my_package.egg-info/dependency_links.txt
[0.646s] writing entry points to ../../build/my_package/my_package.egg-info/entry_points.txt
[0.646s] writing requirements to ../../build/my_package/my_package.egg-info/requires.txt
[0.646s] writing top-level names to ../../build/my_package/my_package.egg-info/top_level.txt
[0.647s] reading manifest file '../../build/my_package/my_package.egg-info/SOURCES.txt'
[0.648s] writing manifest file '../../build/my_package/my_package.egg-info/SOURCES.txt'
[0.648s] running build
[0.648s] running build_py
[0.649s] copying my_package/publisher_member_function.py -> /home/ryanlin12/CSCE452_project2/build/my_package/build/lib/my_package
[0.650s] copying my_package/subscriber_member_function.py -> /home/ryanlin12/CSCE452_project2/build/my_package/build/lib/my_package
[0.651s] running install
[0.651s] /usr/lib/python3/dist-packages/setuptools/command/install.py:34: SetuptoolsDeprecationWarning: setup.py install is deprecated. Use build and pip and other standards-based tools.
[0.651s]   warnings.warn(
[0.651s] running install_lib
[0.652s] copying /home/ryanlin12/CSCE452_project2/build/my_package/build/lib/my_package/publisher_member_function.py -> /home/ryanlin12/CSCE452_project2/install/my_package/lib/python3.10/site-packages/my_package
[0.652s] copying /home/ryanlin12/CSCE452_project2/build/my_package/build/lib/my_package/subscriber_member_function.py -> /home/ryanlin12/CSCE452_project2/install/my_package/lib/python3.10/site-packages/my_package
[0.652s] byte-compiling /home/ryanlin12/CSCE452_project2/install/my_package/lib/python3.10/site-packages/my_package/publisher_member_function.py to publisher_member_function.cpython-310.pyc
[0.653s] byte-compiling /home/ryanlin12/CSCE452_project2/install/my_package/lib/python3.10/site-packages/my_package/subscriber_member_function.py to subscriber_member_function.cpython-310.pyc
[0.653s] running install_data
[0.654s] copying package.xml -> /home/ryanlin12/CSCE452_project2/install/my_package/share/my_package
[0.654s] running install_egg_info
[0.655s] removing '/home/ryanlin12/CSCE452_project2/install/my_package/lib/python3.10/site-packages/my_package-0.0.0-py3.10.egg-info' (and everything under it)
[0.656s] Copying ../../build/my_package/my_package.egg-info to /home/ryanlin12/CSCE452_project2/install/my_package/lib/python3.10/site-packages/my_package-0.0.0-py3.10.egg-info
[0.657s] running install_scripts
[0.672s] Installing listener script to /home/ryanlin12/CSCE452_project2/install/my_package/lib/my_package
[0.672s] Installing my_node = my_package.my_node:maintalker script to /home/ryanlin12/CSCE452_project2/install/my_package/lib/my_package
[0.677s] writing list of installed files to '/home/ryanlin12/CSCE452_project2/build/my_package/install.log'
[0.697s] Invoked command in '/home/ryanlin12/CSCE452_project2/src/my_package' returned '0': PYTHONPATH=/home/ryanlin12/CSCE452_project2/build/my_package/prefix_override:/home/ryanlin12/CSCE452_project2/install/my_package/lib/python3.10/site-packages:${PYTHONPATH} /usr/bin/python3 setup.py egg_info --egg-base ../../build/my_package build --build-base /home/ryanlin12/CSCE452_project2/build/my_package/build install --record /home/ryanlin12/CSCE452_project2/build/my_package/install.log --single-version-externally-managed
