[0.640s] Invoking command in '/home/ryanlin12/CSCE452_project2/src/my_package': PYTHONPATH=/home/ryanlin12/CSCE452_project2/build/my_package/prefix_override:/home/ryanlin12/CSCE452_project2/install/my_package/lib/python3.10/site-packages:${PYTHONPATH} /usr/bin/python3 setup.py egg_info --egg-base ../../build/my_package build --build-base /home/ryanlin12/CSCE452_project2/build/my_package/build install --record /home/ryanlin12/CSCE452_project2/build/my_package/install.log --single-version-externally-managed
[0.889s] running egg_info
[0.891s] writing ../../build/my_package/my_package.egg-info/PKG-INFO
[0.891s] writing dependency_links to ../../build/my_package/my_package.egg-info/dependency_links.txt
[0.892s] writing entry points to ../../build/my_package/my_package.egg-info/entry_points.txt
[0.893s] writing requirements to ../../build/my_package/my_package.egg-info/requires.txt
[0.893s] writing top-level names to ../../build/my_package/my_package.egg-info/top_level.txt
[0.896s] reading manifest file '../../build/my_package/my_package.egg-info/SOURCES.txt'
[0.896s] writing manifest file '../../build/my_package/my_package.egg-info/SOURCES.txt'
[0.897s] running build
[0.897s] running build_py
[0.897s] copying my_package/a_mlogo.py -> /home/ryanlin12/CSCE452_project2/build/my_package/build/lib/my_package
[0.898s] running install
[0.898s] /usr/lib/python3/dist-packages/setuptools/command/install.py:34: SetuptoolsDeprecationWarning: setup.py install is deprecated. Use build and pip and other standards-based tools.
[0.898s]   warnings.warn(
[0.899s] running install_lib
[0.899s] copying /home/ryanlin12/CSCE452_project2/build/my_package/build/lib/my_package/a_mlogo.py -> /home/ryanlin12/CSCE452_project2/install/my_package/lib/python3.10/site-packages/my_package
[0.900s] byte-compiling /home/ryanlin12/CSCE452_project2/install/my_package/lib/python3.10/site-packages/my_package/a_mlogo.py to a_mlogo.cpython-310.pyc
[0.902s] running install_data
[0.903s] running install_egg_info
[0.905s] removing '/home/ryanlin12/CSCE452_project2/install/my_package/lib/python3.10/site-packages/my_package-0.0.0-py3.10.egg-info' (and everything under it)
[0.905s] Copying ../../build/my_package/my_package.egg-info to /home/ryanlin12/CSCE452_project2/install/my_package/lib/python3.10/site-packages/my_package-0.0.0-py3.10.egg-info
[0.906s] running install_scripts
[0.935s] Installing a_mlogo script to /home/ryanlin12/CSCE452_project2/install/my_package/lib/my_package
[0.935s] Installing listener script to /home/ryanlin12/CSCE452_project2/install/my_package/lib/my_package
[0.936s] Installing my_node script to /home/ryanlin12/CSCE452_project2/install/my_package/lib/my_package
[0.937s] Installing talker script to /home/ryanlin12/CSCE452_project2/install/my_package/lib/my_package
[0.937s] writing list of installed files to '/home/ryanlin12/CSCE452_project2/build/my_package/install.log'
[0.972s] Invoked command in '/home/ryanlin12/CSCE452_project2/src/my_package' returned '0': PYTHONPATH=/home/ryanlin12/CSCE452_project2/build/my_package/prefix_override:/home/ryanlin12/CSCE452_project2/install/my_package/lib/python3.10/site-packages:${PYTHONPATH} /usr/bin/python3 setup.py egg_info --egg-base ../../build/my_package build --build-base /home/ryanlin12/CSCE452_project2/build/my_package/build install --record /home/ryanlin12/CSCE452_project2/build/my_package/install.log --single-version-externally-managed
