[0.008s] Invoking command in '/home/ryanlin12/CSCE452_project2/build/turtlesim': CMAKE_PREFIX_PATH=${CMAKE_PREFIX_PATH}:/opt/ros/humble /usr/bin/cmake --build /home/ryanlin12/CSCE452_project2/build/turtlesim -- -j4 -l4
[0.065s] [  1%] Built target turtlesim__cpp
[0.067s] [ 11%] Built target turtlesim__rosidl_generator_c
[0.076s] [ 11%] Built target ament_cmake_python_copy_turtlesim
[0.100s] [ 21%] Built target turtlesim__rosidl_typesupport_cpp
[0.103s] [ 31%] Built target turtlesim__rosidl_typesupport_fastrtps_cpp
[0.112s] [ 41%] Built target turtlesim__rosidl_typesupport_introspection_cpp
[0.124s] [ 51%] Built target turtlesim__rosidl_typesupport_fastrtps_c
[0.131s] [ 61%] Built target turtlesim__rosidl_typesupport_introspection_c
[0.140s] [ 71%] Built target turtlesim__rosidl_typesupport_c
[0.142s] [35m[1mConsolidate compiler generated dependencies of target turtlesim_node[0m
[0.167s] [ 73%] Built target turtle_teleop_key
[0.172s] [ 79%] Built target turtlesim_node
[0.184s] [ 81%] Built target draw_square
[0.191s] [ 83%] Built target mimic
[0.205s] [ 83%] Built target turtlesim
[0.241s] [ 84%] Built target turtlesim__py
[0.267s] [ 93%] Built target turtlesim__rosidl_generator_py
[0.292s] [ 95%] Built target turtlesim__rosidl_typesupport_c__pyext
[0.299s] [ 97%] Built target turtlesim__rosidl_typesupport_introspection_c__pyext
[0.303s] [100%] Built target turtlesim__rosidl_typesupport_fastrtps_c__pyext
[0.343s] running egg_info
[0.344s] writing turtlesim.egg-info/PKG-INFO
[0.345s] writing dependency_links to turtlesim.egg-info/dependency_links.txt
[0.346s] writing top-level names to turtlesim.egg-info/top_level.txt
[0.348s] reading manifest file 'turtlesim.egg-info/SOURCES.txt'
[0.348s] writing manifest file 'turtlesim.egg-info/SOURCES.txt'
[0.370s] [100%] Built target ament_cmake_python_build_turtlesim_egg
[0.381s] Invoked command in '/home/ryanlin12/CSCE452_project2/build/turtlesim' returned '0': CMAKE_PREFIX_PATH=${CMAKE_PREFIX_PATH}:/opt/ros/humble /usr/bin/cmake --build /home/ryanlin12/CSCE452_project2/build/turtlesim -- -j4 -l4
[0.820s] Invoking command in '/home/ryanlin12/CSCE452_project2/build/turtlesim': CMAKE_PREFIX_PATH=${CMAKE_PREFIX_PATH}:/opt/ros/humble /usr/bin/cmake --install /home/ryanlin12/CSCE452_project2/build/turtlesim
[0.833s] -- Install configuration: ""
[0.834s] -- Up-to-date: /home/ryanlin12/CSCE452_project2/install/turtlesim/share/ament_index/resource_index/rosidl_interfaces/turtlesim
[0.834s] -- Up-to-date: /home/ryanlin12/CSCE452_project2/install/turtlesim/include/turtlesim/turtlesim
[0.834s] -- Up-to-date: /home/ryanlin12/CSCE452_project2/install/turtlesim/include/turtlesim/turtlesim/srv
[0.834s] -- Up-to-date: /home/ryanlin12/CSCE452_project2/install/turtlesim/include/turtlesim/turtlesim/srv/detail
[0.834s] -- Up-to-date: /home/ryanlin12/CSCE452_project2/install/turtlesim/include/turtlesim/turtlesim/srv/detail/teleport_relative__type_support.h
[0.834s] -- Up-to-date: /home/ryanlin12/CSCE452_project2/install/turtlesim/include/turtlesim/turtlesim/srv/detail/teleport_absolute__functions.c
[0.834s] -- Up-to-date: /home/ryanlin12/CSCE452_project2/install/turtlesim/include/turtlesim/turtlesim/srv/detail/teleport_absolute__type_support.h
[0.834s] -- Up-to-date: /home/ryanlin12/CSCE452_project2/install/turtlesim/include/turtlesim/turtlesim/srv/detail/set_pen__struct.h
[0.834s] -- Up-to-date: /home/ryanlin12/CSCE452_project2/install/turtlesim/include/turtlesim/turtlesim/srv/detail/teleport_absolute__functions.h
[0.834s] -- Up-to-date: /home/ryanlin12/CSCE452_project2/install/turtlesim/include/turtlesim/turtlesim/srv/detail/kill__functions.h
[0.834s] -- Up-to-date: /home/ryanlin12/CSCE452_project2/install/turtlesim/include/turtlesim/turtlesim/srv/detail/set_pen__type_support.h
[0.835s] -- Up-to-date: /home/ryanlin12/CSCE452_project2/install/turtlesim/include/turtlesim/turtlesim/srv/detail/teleport_absolute__struct.h
[0.835s] -- Up-to-date: /home/ryanlin12/CSCE452_project2/install/turtlesim/include/turtlesim/turtlesim/srv/detail/kill__struct.h
[0.835s] -- Up-to-date: /home/ryanlin12/CSCE452_project2/install/turtlesim/include/turtlesim/turtlesim/srv/detail/teleport_relative__functions.h
[0.835s] -- Up-to-date: /home/ryanlin12/CSCE452_project2/install/turtlesim/include/turtlesim/turtlesim/srv/detail/kill__functions.c
[0.835s] -- Up-to-date: /home/ryanlin12/CSCE452_project2/install/turtlesim/include/turtlesim/turtlesim/srv/detail/kill__type_support.h
[0.839s] -- Up-to-date: /home/ryanlin12/CSCE452_project2/install/turtlesim/include/turtlesim/turtlesim/srv/detail/spawn__struct.h
[0.839s] -- Up-to-date: /home/ryanlin12/CSCE452_project2/install/turtlesim/include/turtlesim/turtlesim/srv/detail/spawn__functions.h
[0.839s] -- Up-to-date: /home/ryanlin12/CSCE452_project2/install/turtlesim/include/turtlesim/turtlesim/srv/detail/teleport_relative__struct.h
[0.839s] -- Up-to-date: /home/ryanlin12/CSCE452_project2/install/turtlesim/include/turtlesim/turtlesim/srv/detail/spawn__functions.c
[0.839s] -- Up-to-date: /home/ryanlin12/CSCE452_project2/install/turtlesim/include/turtlesim/turtlesim/srv/detail/teleport_relative__functions.c
[0.839s] -- Up-to-date: /home/ryanlin12/CSCE452_project2/install/turtlesim/include/turtlesim/turtlesim/srv/detail/set_pen__functions.c
[0.839s] -- Up-to-date: /home/ryanlin12/CSCE452_project2/install/turtlesim/include/turtlesim/turtlesim/srv/detail/set_pen__functions.h
[0.839s] -- Up-to-date: /home/ryanlin12/CSCE452_project2/install/turtlesim/include/turtlesim/turtlesim/srv/detail/spawn__type_support.h
[0.840s] -- Up-to-date: /home/ryanlin12/CSCE452_project2/install/turtlesim/include/turtlesim/turtlesim/srv/teleport_relative.h
[0.840s] -- Up-to-date: /home/ryanlin12/CSCE452_project2/install/turtlesim/include/turtlesim/turtlesim/srv/spawn.h
[0.840s] -- Up-to-date: /home/ryanlin12/CSCE452_project2/install/turtlesim/include/turtlesim/turtlesim/srv/kill.h
[0.841s] -- Up-to-date: /home/ryanlin12/CSCE452_project2/install/turtlesim/include/turtlesim/turtlesim/srv/set_pen.h
[0.845s] -- Up-to-date: /home/ryanlin12/CSCE452_project2/install/turtlesim/include/turtlesim/turtlesim/srv/teleport_absolute.h
[0.845s] -- Up-to-date: /home/ryanlin12/CSCE452_project2/install/turtlesim/include/turtlesim/turtlesim/action
[0.845s] -- Up-to-date: /home/ryanlin12/CSCE452_project2/install/turtlesim/include/turtlesim/turtlesim/action/detail
[0.845s] -- Up-to-date: /home/ryanlin12/CSCE452_project2/install/turtlesim/include/turtlesim/turtlesim/action/detail/rotate_absolute__functions.h
[0.845s] -- Up-to-date: /home/ryanlin12/CSCE452_project2/install/turtlesim/include/turtlesim/turtlesim/action/detail/rotate_absolute__type_support.h
[0.845s] -- Up-to-date: /home/ryanlin12/CSCE452_project2/install/turtlesim/include/turtlesim/turtlesim/action/detail/rotate_absolute__functions.c
[0.846s] -- Up-to-date: /home/ryanlin12/CSCE452_project2/install/turtlesim/include/turtlesim/turtlesim/action/detail/rotate_absolute__struct.h
[0.846s] -- Up-to-date: /home/ryanlin12/CSCE452_project2/install/turtlesim/include/turtlesim/turtlesim/action/rotate_absolute.h
[0.847s] -- Up-to-date: /home/ryanlin12/CSCE452_project2/install/turtlesim/include/turtlesim/turtlesim/msg
[0.847s] -- Up-to-date: /home/ryanlin12/CSCE452_project2/install/turtlesim/include/turtlesim/turtlesim/msg/color.h
[0.848s] -- Up-to-date: /home/ryanlin12/CSCE452_project2/install/turtlesim/include/turtlesim/turtlesim/msg/detail
[0.848s] -- Up-to-date: /home/ryanlin12/CSCE452_project2/install/turtlesim/include/turtlesim/turtlesim/msg/detail/color__functions.c
[0.848s] -- Up-to-date: /home/ryanlin12/CSCE452_project2/install/turtlesim/include/turtlesim/turtlesim/msg/detail/color__functions.h
[0.848s] -- Up-to-date: /home/ryanlin12/CSCE452_project2/install/turtlesim/include/turtlesim/turtlesim/msg/detail/color__type_support.h
[0.848s] -- Up-to-date: /home/ryanlin12/CSCE452_project2/install/turtlesim/include/turtlesim/turtlesim/msg/detail/pose__struct.h
[0.848s] -- Up-to-date: /home/ryanlin12/CSCE452_project2/install/turtlesim/include/turtlesim/turtlesim/msg/detail/pose__functions.h
[0.848s] -- Up-to-date: /home/ryanlin12/CSCE452_project2/install/turtlesim/include/turtlesim/turtlesim/msg/detail/color__struct.h
[0.848s] -- Up-to-date: /home/ryanlin12/CSCE452_project2/install/turtlesim/include/turtlesim/turtlesim/msg/detail/pose__functions.c
[0.849s] -- Up-to-date: /home/ryanlin12/CSCE452_project2/install/turtlesim/include/turtlesim/turtlesim/msg/detail/pose__type_support.h
[0.849s] -- Up-to-date: /home/ryanlin12/CSCE452_project2/install/turtlesim/include/turtlesim/turtlesim/msg/rosidl_generator_c__visibility_control.h
[0.849s] -- Up-to-date: /home/ryanlin12/CSCE452_project2/install/turtlesim/include/turtlesim/turtlesim/msg/pose.h
[0.849s] -- Up-to-date: /home/ryanlin12/CSCE452_project2/install/turtlesim/share/turtlesim/environment/library_path.sh
[0.849s] -- Up-to-date: /home/ryanlin12/CSCE452_project2/install/turtlesim/share/turtlesim/environment/library_path.dsv
[0.849s] -- Up-to-date: /home/ryanlin12/CSCE452_project2/install/turtlesim/lib/libturtlesim__rosidl_generator_c.so
[0.849s] -- Up-to-date: /home/ryanlin12/CSCE452_project2/install/turtlesim/include/turtlesim/turtlesim
[0.849s] -- Up-to-date: /home/ryanlin12/CSCE452_project2/install/turtlesim/include/turtlesim/turtlesim/srv
[0.849s] -- Up-to-date: /home/ryanlin12/CSCE452_project2/install/turtlesim/include/turtlesim/turtlesim/srv/detail
[0.850s] -- Up-to-date: /home/ryanlin12/CSCE452_project2/install/turtlesim/include/turtlesim/turtlesim/srv/detail/teleport_relative__rosidl_typesupport_fastrtps_c.h
[0.850s] -- Up-to-date: /home/ryanlin12/CSCE452_project2/install/turtlesim/include/turtlesim/turtlesim/srv/detail/kill__rosidl_typesupport_fastrtps_c.h
[0.850s] -- Up-to-date: /home/ryanlin12/CSCE452_project2/install/turtlesim/include/turtlesim/turtlesim/srv/detail/spawn__rosidl_typesupport_fastrtps_c.h
[0.850s] -- Up-to-date: /home/ryanlin12/CSCE452_project2/install/turtlesim/include/turtlesim/turtlesim/srv/detail/set_pen__rosidl_typesupport_fastrtps_c.h
[0.850s] -- Up-to-date: /home/ryanlin12/CSCE452_project2/install/turtlesim/include/turtlesim/turtlesim/srv/detail/teleport_absolute__rosidl_typesupport_fastrtps_c.h
[0.850s] -- Up-to-date: /home/ryanlin12/CSCE452_project2/install/turtlesim/include/turtlesim/turtlesim/action
[0.850s] -- Up-to-date: /home/ryanlin12/CSCE452_project2/install/turtlesim/include/turtlesim/turtlesim/action/detail
[0.850s] -- Up-to-date: /home/ryanlin12/CSCE452_project2/install/turtlesim/include/turtlesim/turtlesim/action/detail/rotate_absolute__rosidl_typesupport_fastrtps_c.h
[0.851s] -- Up-to-date: /home/ryanlin12/CSCE452_project2/install/turtlesim/include/turtlesim/turtlesim/msg
[0.851s] -- Up-to-date: /home/ryanlin12/CSCE452_project2/install/turtlesim/include/turtlesim/turtlesim/msg/detail
[0.851s] -- Up-to-date: /home/ryanlin12/CSCE452_project2/install/turtlesim/include/turtlesim/turtlesim/msg/detail/color__rosidl_typesupport_fastrtps_c.h
[0.851s] -- Up-to-date: /home/ryanlin12/CSCE452_project2/install/turtlesim/include/turtlesim/turtlesim/msg/detail/pose__rosidl_typesupport_fastrtps_c.h
[0.851s] -- Up-to-date: /home/ryanlin12/CSCE452_project2/install/turtlesim/include/turtlesim/turtlesim/msg/rosidl_typesupport_fastrtps_c__visibility_control.h
[0.851s] -- Up-to-date: /home/ryanlin12/CSCE452_project2/install/turtlesim/lib/libturtlesim__rosidl_typesupport_fastrtps_c.so
[0.851s] -- Up-to-date: /home/ryanlin12/CSCE452_project2/install/turtlesim/include/turtlesim/turtlesim
[0.851s] -- Up-to-date: /home/ryanlin12/CSCE452_project2/install/turtlesim/include/turtlesim/turtlesim/srv
[0.852s] -- Up-to-date: /home/ryanlin12/CSCE452_project2/install/turtlesim/include/turtlesim/turtlesim/srv/teleport_absolute.hpp
[0.852s] -- Up-to-date: /home/ryanlin12/CSCE452_project2/install/turtlesim/include/turtlesim/turtlesim/srv/detail
[0.852s] -- Up-to-date: /home/ryanlin12/CSCE452_project2/install/turtlesim/include/turtlesim/turtlesim/srv/detail/teleport_absolute__traits.hpp
[0.852s] -- Up-to-date: /home/ryanlin12/CSCE452_project2/install/turtlesim/include/turtlesim/turtlesim/srv/detail/kill__struct.hpp
[0.852s] -- Up-to-date: /home/ryanlin12/CSCE452_project2/install/turtlesim/include/turtlesim/turtlesim/srv/detail/spawn__struct.hpp
[0.852s] -- Up-to-date: /home/ryanlin12/CSCE452_project2/install/turtlesim/include/turtlesim/turtlesim/srv/detail/teleport_relative__builder.hpp
[0.852s] -- Up-to-date: /home/ryanlin12/CSCE452_project2/install/turtlesim/include/turtlesim/turtlesim/srv/detail/set_pen__struct.hpp
[0.852s] -- Up-to-date: /home/ryanlin12/CSCE452_project2/install/turtlesim/include/turtlesim/turtlesim/srv/detail/teleport_absolute__struct.hpp
[0.852s] -- Up-to-date: /home/ryanlin12/CSCE452_project2/install/turtlesim/include/turtlesim/turtlesim/srv/detail/kill__traits.hpp
[0.852s] -- Up-to-date: /home/ryanlin12/CSCE452_project2/install/turtlesim/include/turtlesim/turtlesim/srv/detail/set_pen__builder.hpp
[0.853s] -- Up-to-date: /home/ryanlin12/CSCE452_project2/install/turtlesim/include/turtlesim/turtlesim/srv/detail/set_pen__traits.hpp
[0.853s] -- Up-to-date: /home/ryanlin12/CSCE452_project2/install/turtlesim/include/turtlesim/turtlesim/srv/detail/spawn__traits.hpp
[0.853s] -- Up-to-date: /home/ryanlin12/CSCE452_project2/install/turtlesim/include/turtlesim/turtlesim/srv/detail/teleport_absolute__builder.hpp
[0.853s] -- Up-to-date: /home/ryanlin12/CSCE452_project2/install/turtlesim/include/turtlesim/turtlesim/srv/detail/spawn__builder.hpp
[0.853s] -- Up-to-date: /home/ryanlin12/CSCE452_project2/install/turtlesim/include/turtlesim/turtlesim/srv/detail/teleport_relative__struct.hpp
[0.853s] -- Up-to-date: /home/ryanlin12/CSCE452_project2/install/turtlesim/include/turtlesim/turtlesim/srv/detail/kill__builder.hpp
[0.853s] -- Up-to-date: /home/ryanlin12/CSCE452_project2/install/turtlesim/include/turtlesim/turtlesim/srv/detail/teleport_relative__traits.hpp
[0.853s] -- Up-to-date: /home/ryanlin12/CSCE452_project2/install/turtlesim/include/turtlesim/turtlesim/srv/set_pen.hpp
[0.853s] -- Up-to-date: /home/ryanlin12/CSCE452_project2/install/turtlesim/include/turtlesim/turtlesim/srv/teleport_relative.hpp
[0.853s] -- Up-to-date: /home/ryanlin12/CSCE452_project2/install/turtlesim/include/turtlesim/turtlesim/srv/kill.hpp
[0.854s] -- Up-to-date: /home/ryanlin12/CSCE452_project2/install/turtlesim/include/turtlesim/turtlesim/srv/spawn.hpp
[0.854s] -- Up-to-date: /home/ryanlin12/CSCE452_project2/install/turtlesim/include/turtlesim/turtlesim/action
[0.854s] -- Up-to-date: /home/ryanlin12/CSCE452_project2/install/turtlesim/include/turtlesim/turtlesim/action/detail
[0.854s] -- Up-to-date: /home/ryanlin12/CSCE452_project2/install/turtlesim/include/turtlesim/turtlesim/action/detail/rotate_absolute__traits.hpp
[0.854s] -- Up-to-date: /home/ryanlin12/CSCE452_project2/install/turtlesim/include/turtlesim/turtlesim/action/detail/rotate_absolute__struct.hpp
[0.854s] -- Up-to-date: /home/ryanlin12/CSCE452_project2/install/turtlesim/include/turtlesim/turtlesim/action/detail/rotate_absolute__builder.hpp
[0.854s] -- Up-to-date: /home/ryanlin12/CSCE452_project2/install/turtlesim/include/turtlesim/turtlesim/action/rotate_absolute.hpp
[0.854s] -- Up-to-date: /home/ryanlin12/CSCE452_project2/install/turtlesim/include/turtlesim/turtlesim/msg
[0.854s] -- Up-to-date: /home/ryanlin12/CSCE452_project2/install/turtlesim/include/turtlesim/turtlesim/msg/detail
[0.854s] -- Up-to-date: /home/ryanlin12/CSCE452_project2/install/turtlesim/include/turtlesim/turtlesim/msg/detail/color__traits.hpp
[0.854s] -- Up-to-date: /home/ryanlin12/CSCE452_project2/install/turtlesim/include/turtlesim/turtlesim/msg/detail/color__struct.hpp
[0.855s] -- Up-to-date: /home/ryanlin12/CSCE452_project2/install/turtlesim/include/turtlesim/turtlesim/msg/detail/pose__builder.hpp
[0.855s] -- Up-to-date: /home/ryanlin12/CSCE452_project2/install/turtlesim/include/turtlesim/turtlesim/msg/detail/color__builder.hpp
[0.855s] -- Up-to-date: /home/ryanlin12/CSCE452_project2/install/turtlesim/include/turtlesim/turtlesim/msg/detail/pose__struct.hpp
[0.856s] -- Up-to-date: /home/ryanlin12/CSCE452_project2/install/turtlesim/include/turtlesim/turtlesim/msg/detail/pose__traits.hpp
[0.856s] -- Up-to-date: /home/ryanlin12/CSCE452_project2/install/turtlesim/include/turtlesim/turtlesim/msg/pose.hpp
[0.856s] -- Up-to-date: /home/ryanlin12/CSCE452_project2/install/turtlesim/include/turtlesim/turtlesim/msg/color.hpp
[0.856s] -- Up-to-date: /home/ryanlin12/CSCE452_project2/install/turtlesim/include/turtlesim/turtlesim
[0.856s] -- Up-to-date: /home/ryanlin12/CSCE452_project2/install/turtlesim/include/turtlesim/turtlesim/srv
[0.856s] -- Up-to-date: /home/ryanlin12/CSCE452_project2/install/turtlesim/include/turtlesim/turtlesim/srv/detail
[0.856s] -- Up-to-date: /home/ryanlin12/CSCE452_project2/install/turtlesim/include/turtlesim/turtlesim/srv/detail/kill__rosidl_typesupport_fastrtps_cpp.hpp
[0.856s] -- Up-to-date: /home/ryanlin12/CSCE452_project2/install/turtlesim/include/turtlesim/turtlesim/srv/detail/dds_fastrtps
[0.856s] -- Up-to-date: /home/ryanlin12/CSCE452_project2/install/turtlesim/include/turtlesim/turtlesim/srv/detail/teleport_absolute__rosidl_typesupport_fastrtps_cpp.hpp
[0.856s] -- Up-to-date: /home/ryanlin12/CSCE452_project2/install/turtlesim/include/turtlesim/turtlesim/srv/detail/teleport_relative__rosidl_typesupport_fastrtps_cpp.hpp
[0.856s] -- Up-to-date: /home/ryanlin12/CSCE452_project2/install/turtlesim/include/turtlesim/turtlesim/srv/detail/set_pen__rosidl_typesupport_fastrtps_cpp.hpp
[0.856s] -- Up-to-date: /home/ryanlin12/CSCE452_project2/install/turtlesim/include/turtlesim/turtlesim/srv/detail/spawn__rosidl_typesupport_fastrtps_cpp.hpp
[0.856s] -- Up-to-date: /home/ryanlin12/CSCE452_project2/install/turtlesim/include/turtlesim/turtlesim/action
[0.857s] -- Up-to-date: /home/ryanlin12/CSCE452_project2/install/turtlesim/include/turtlesim/turtlesim/action/detail
[0.857s] -- Up-to-date: /home/ryanlin12/CSCE452_project2/install/turtlesim/include/turtlesim/turtlesim/action/detail/dds_fastrtps
[0.857s] -- Up-to-date: /home/ryanlin12/CSCE452_project2/install/turtlesim/include/turtlesim/turtlesim/action/detail/rotate_absolute__rosidl_typesupport_fastrtps_cpp.hpp
[0.857s] -- Up-to-date: /home/ryanlin12/CSCE452_project2/install/turtlesim/include/turtlesim/turtlesim/msg
[0.857s] -- Up-to-date: /home/ryanlin12/CSCE452_project2/install/turtlesim/include/turtlesim/turtlesim/msg/detail
[0.857s] -- Up-to-date: /home/ryanlin12/CSCE452_project2/install/turtlesim/include/turtlesim/turtlesim/msg/detail/pose__rosidl_typesupport_fastrtps_cpp.hpp
[0.857s] -- Up-to-date: /home/ryanlin12/CSCE452_project2/install/turtlesim/include/turtlesim/turtlesim/msg/detail/dds_fastrtps
[0.857s] -- Up-to-date: /home/ryanlin12/CSCE452_project2/install/turtlesim/include/turtlesim/turtlesim/msg/detail/color__rosidl_typesupport_fastrtps_cpp.hpp
[0.857s] -- Up-to-date: /home/ryanlin12/CSCE452_project2/install/turtlesim/include/turtlesim/turtlesim/msg/rosidl_typesupport_fastrtps_cpp__visibility_control.h
[0.857s] -- Up-to-date: /home/ryanlin12/CSCE452_project2/install/turtlesim/lib/libturtlesim__rosidl_typesupport_fastrtps_cpp.so
[0.857s] -- Up-to-date: /home/ryanlin12/CSCE452_project2/install/turtlesim/include/turtlesim/turtlesim
[0.858s] -- Up-to-date: /home/ryanlin12/CSCE452_project2/install/turtlesim/include/turtlesim/turtlesim/srv
[0.858s] -- Up-to-date: /home/ryanlin12/CSCE452_project2/install/turtlesim/include/turtlesim/turtlesim/srv/detail
[0.858s] -- Up-to-date: /home/ryanlin12/CSCE452_project2/install/turtlesim/include/turtlesim/turtlesim/srv/detail/kill__type_support.c
[0.858s] -- Up-to-date: /home/ryanlin12/CSCE452_project2/install/turtlesim/include/turtlesim/turtlesim/srv/detail/spawn__rosidl_typesupport_introspection_c.h
[0.859s] -- Up-to-date: /home/ryanlin12/CSCE452_project2/install/turtlesim/include/turtlesim/turtlesim/srv/detail/teleport_absolute__rosidl_typesupport_introspection_c.h
[0.859s] -- Up-to-date: /home/ryanlin12/CSCE452_project2/install/turtlesim/include/turtlesim/turtlesim/srv/detail/teleport_relative__type_support.c
[0.859s] -- Up-to-date: /home/ryanlin12/CSCE452_project2/install/turtlesim/include/turtlesim/turtlesim/srv/detail/spawn__type_support.c
[0.859s] -- Up-to-date: /home/ryanlin12/CSCE452_project2/install/turtlesim/include/turtlesim/turtlesim/srv/detail/set_pen__type_support.c
[0.859s] -- Up-to-date: /home/ryanlin12/CSCE452_project2/install/turtlesim/include/turtlesim/turtlesim/srv/detail/set_pen__rosidl_typesupport_introspection_c.h
[0.859s] -- Up-to-date: /home/ryanlin12/CSCE452_project2/install/turtlesim/include/turtlesim/turtlesim/srv/detail/kill__rosidl_typesupport_introspection_c.h
[0.859s] -- Up-to-date: /home/ryanlin12/CSCE452_project2/install/turtlesim/include/turtlesim/turtlesim/srv/detail/teleport_relative__rosidl_typesupport_introspection_c.h
[0.859s] -- Up-to-date: /home/ryanlin12/CSCE452_project2/install/turtlesim/include/turtlesim/turtlesim/srv/detail/teleport_absolute__type_support.c
[0.859s] -- Up-to-date: /home/ryanlin12/CSCE452_project2/install/turtlesim/include/turtlesim/turtlesim/action
[0.859s] -- Up-to-date: /home/ryanlin12/CSCE452_project2/install/turtlesim/include/turtlesim/turtlesim/action/detail
[0.859s] -- Up-to-date: /home/ryanlin12/CSCE452_project2/install/turtlesim/include/turtlesim/turtlesim/action/detail/rotate_absolute__type_support.c
[0.859s] -- Up-to-date: /home/ryanlin12/CSCE452_project2/install/turtlesim/include/turtlesim/turtlesim/action/detail/rotate_absolute__rosidl_typesupport_introspection_c.h
[0.859s] -- Up-to-date: /home/ryanlin12/CSCE452_project2/install/turtlesim/include/turtlesim/turtlesim/msg
[0.860s] -- Up-to-date: /home/ryanlin12/CSCE452_project2/install/turtlesim/include/turtlesim/turtlesim/msg/rosidl_typesupport_introspection_c__visibility_control.h
[0.860s] -- Up-to-date: /home/ryanlin12/CSCE452_project2/install/turtlesim/include/turtlesim/turtlesim/msg/detail
[0.860s] -- Up-to-date: /home/ryanlin12/CSCE452_project2/install/turtlesim/include/turtlesim/turtlesim/msg/detail/color__type_support.c
[0.860s] -- Up-to-date: /home/ryanlin12/CSCE452_project2/install/turtlesim/include/turtlesim/turtlesim/msg/detail/pose__type_support.c
[0.860s] -- Up-to-date: /home/ryanlin12/CSCE452_project2/install/turtlesim/include/turtlesim/turtlesim/msg/detail/color__rosidl_typesupport_introspection_c.h
[0.860s] -- Up-to-date: /home/ryanlin12/CSCE452_project2/install/turtlesim/include/turtlesim/turtlesim/msg/detail/pose__rosidl_typesupport_introspection_c.h
[0.860s] -- Up-to-date: /home/ryanlin12/CSCE452_project2/install/turtlesim/lib/libturtlesim__rosidl_typesupport_introspection_c.so
[0.860s] -- Up-to-date: /home/ryanlin12/CSCE452_project2/install/turtlesim/lib/libturtlesim__rosidl_typesupport_c.so
[0.860s] -- Up-to-date: /home/ryanlin12/CSCE452_project2/install/turtlesim/include/turtlesim/turtlesim
[0.860s] -- Up-to-date: /home/ryanlin12/CSCE452_project2/install/turtlesim/include/turtlesim/turtlesim/srv
[0.860s] -- Up-to-date: /home/ryanlin12/CSCE452_project2/install/turtlesim/include/turtlesim/turtlesim/srv/detail
[0.860s] -- Up-to-date: /home/ryanlin12/CSCE452_project2/install/turtlesim/include/turtlesim/turtlesim/srv/detail/teleport_relative__rosidl_typesupport_introspection_cpp.hpp
[0.860s] -- Up-to-date: /home/ryanlin12/CSCE452_project2/install/turtlesim/include/turtlesim/turtlesim/srv/detail/spawn__rosidl_typesupport_introspection_cpp.hpp
[0.860s] -- Up-to-date: /home/ryanlin12/CSCE452_project2/install/turtlesim/include/turtlesim/turtlesim/srv/detail/set_pen__type_support.cpp
[0.860s] -- Up-to-date: /home/ryanlin12/CSCE452_project2/install/turtlesim/include/turtlesim/turtlesim/srv/detail/set_pen__rosidl_typesupport_introspection_cpp.hpp
[0.861s] -- Up-to-date: /home/ryanlin12/CSCE452_project2/install/turtlesim/include/turtlesim/turtlesim/srv/detail/kill__rosidl_typesupport_introspection_cpp.hpp
[0.861s] -- Up-to-date: /home/ryanlin12/CSCE452_project2/install/turtlesim/include/turtlesim/turtlesim/srv/detail/teleport_relative__type_support.cpp
[0.861s] -- Up-to-date: /home/ryanlin12/CSCE452_project2/install/turtlesim/include/turtlesim/turtlesim/srv/detail/kill__type_support.cpp
[0.861s] -- Up-to-date: /home/ryanlin12/CSCE452_project2/install/turtlesim/include/turtlesim/turtlesim/srv/detail/spawn__type_support.cpp
[0.861s] -- Up-to-date: /home/ryanlin12/CSCE452_project2/install/turtlesim/include/turtlesim/turtlesim/srv/detail/teleport_absolute__rosidl_typesupport_introspection_cpp.hpp
[0.861s] -- Up-to-date: /home/ryanlin12/CSCE452_project2/install/turtlesim/include/turtlesim/turtlesim/srv/detail/teleport_absolute__type_support.cpp
[0.861s] -- Up-to-date: /home/ryanlin12/CSCE452_project2/install/turtlesim/include/turtlesim/turtlesim/action
[0.861s] -- Up-to-date: /home/ryanlin12/CSCE452_project2/install/turtlesim/include/turtlesim/turtlesim/action/detail
[0.861s] -- Up-to-date: /home/ryanlin12/CSCE452_project2/install/turtlesim/include/turtlesim/turtlesim/action/detail/rotate_absolute__rosidl_typesupport_introspection_cpp.hpp
[0.861s] -- Up-to-date: /home/ryanlin12/CSCE452_project2/install/turtlesim/include/turtlesim/turtlesim/action/detail/rotate_absolute__type_support.cpp
[0.861s] -- Up-to-date: /home/ryanlin12/CSCE452_project2/install/turtlesim/include/turtlesim/turtlesim/msg
[0.862s] -- Up-to-date: /home/ryanlin12/CSCE452_project2/install/turtlesim/include/turtlesim/turtlesim/msg/detail
[0.862s] -- Up-to-date: /home/ryanlin12/CSCE452_project2/install/turtlesim/include/turtlesim/turtlesim/msg/detail/color__type_support.cpp
[0.862s] -- Up-to-date: /home/ryanlin12/CSCE452_project2/install/turtlesim/include/turtlesim/turtlesim/msg/detail/pose__type_support.cpp
[0.862s] -- Up-to-date: /home/ryanlin12/CSCE452_project2/install/turtlesim/include/turtlesim/turtlesim/msg/detail/color__rosidl_typesupport_introspection_cpp.hpp
[0.862s] -- Up-to-date: /home/ryanlin12/CSCE452_project2/install/turtlesim/include/turtlesim/turtlesim/msg/detail/pose__rosidl_typesupport_introspection_cpp.hpp
[0.862s] -- Up-to-date: /home/ryanlin12/CSCE452_project2/install/turtlesim/lib/libturtlesim__rosidl_typesupport_introspection_cpp.so
[0.862s] -- Up-to-date: /home/ryanlin12/CSCE452_project2/install/turtlesim/lib/libturtlesim__rosidl_typesupport_cpp.so
[0.862s] -- Up-to-date: /home/ryanlin12/CSCE452_project2/install/turtlesim/share/turtlesim/environment/pythonpath.sh
[0.862s] -- Up-to-date: /home/ryanlin12/CSCE452_project2/install/turtlesim/share/turtlesim/environment/pythonpath.dsv
[0.862s] -- Up-to-date: /home/ryanlin12/CSCE452_project2/install/turtlesim/local/lib/python3.10/dist-packages/turtlesim-1.4.1-py3.10.egg-info
[0.862s] -- Installing: /home/ryanlin12/CSCE452_project2/install/turtlesim/local/lib/python3.10/dist-packages/turtlesim-1.4.1-py3.10.egg-info/SOURCES.txt
[0.862s] -- Installing: /home/ryanlin12/CSCE452_project2/install/turtlesim/local/lib/python3.10/dist-packages/turtlesim-1.4.1-py3.10.egg-info/top_level.txt
[0.862s] -- Installing: /home/ryanlin12/CSCE452_project2/install/turtlesim/local/lib/python3.10/dist-packages/turtlesim-1.4.1-py3.10.egg-info/PKG-INFO
[0.863s] -- Installing: /home/ryanlin12/CSCE452_project2/install/turtlesim/local/lib/python3.10/dist-packages/turtlesim-1.4.1-py3.10.egg-info/dependency_links.txt
[0.863s] -- Up-to-date: /home/ryanlin12/CSCE452_project2/install/turtlesim/local/lib/python3.10/dist-packages/turtlesim
[0.863s] -- Up-to-date: /home/ryanlin12/CSCE452_project2/install/turtlesim/local/lib/python3.10/dist-packages/turtlesim/srv
[0.863s] -- Up-to-date: /home/ryanlin12/CSCE452_project2/install/turtlesim/local/lib/python3.10/dist-packages/turtlesim/srv/_set_pen.py
[0.863s] -- Up-to-date: /home/ryanlin12/CSCE452_project2/install/turtlesim/local/lib/python3.10/dist-packages/turtlesim/srv/_teleport_relative_s.c
[0.863s] -- Up-to-date: /home/ryanlin12/CSCE452_project2/install/turtlesim/local/lib/python3.10/dist-packages/turtlesim/srv/_teleport_absolute.py
[0.863s] -- Up-to-date: /home/ryanlin12/CSCE452_project2/install/turtlesim/local/lib/python3.10/dist-packages/turtlesim/srv/_teleport_absolute_s.c
[0.863s] -- Up-to-date: /home/ryanlin12/CSCE452_project2/install/turtlesim/local/lib/python3.10/dist-packages/turtlesim/srv/_teleport_relative.py
[0.863s] -- Up-to-date: /home/ryanlin12/CSCE452_project2/install/turtlesim/local/lib/python3.10/dist-packages/turtlesim/srv/_set_pen_s.c
[0.863s] -- Up-to-date: /home/ryanlin12/CSCE452_project2/install/turtlesim/local/lib/python3.10/dist-packages/turtlesim/srv/_kill.py
[0.864s] -- Up-to-date: /home/ryanlin12/CSCE452_project2/install/turtlesim/local/lib/python3.10/dist-packages/turtlesim/srv/_kill_s.c
[0.864s] -- Up-to-date: /home/ryanlin12/CSCE452_project2/install/turtlesim/local/lib/python3.10/dist-packages/turtlesim/srv/_spawn_s.c
[0.864s] -- Up-to-date: /home/ryanlin12/CSCE452_project2/install/turtlesim/local/lib/python3.10/dist-packages/turtlesim/srv/_spawn.py
[0.864s] -- Up-to-date: /home/ryanlin12/CSCE452_project2/install/turtlesim/local/lib/python3.10/dist-packages/turtlesim/srv/__init__.py
[0.864s] -- Up-to-date: /home/ryanlin12/CSCE452_project2/install/turtlesim/local/lib/python3.10/dist-packages/turtlesim/action
[0.865s] -- Up-to-date: /home/ryanlin12/CSCE452_project2/install/turtlesim/local/lib/python3.10/dist-packages/turtlesim/action/_rotate_absolute.py
[0.865s] -- Up-to-date: /home/ryanlin12/CSCE452_project2/install/turtlesim/local/lib/python3.10/dist-packages/turtlesim/action/__init__.py
[0.865s] -- Up-to-date: /home/ryanlin12/CSCE452_project2/install/turtlesim/local/lib/python3.10/dist-packages/turtlesim/action/_rotate_absolute_s.c
[0.865s] -- Up-to-date: /home/ryanlin12/CSCE452_project2/install/turtlesim/local/lib/python3.10/dist-packages/turtlesim/turtlesim_s__rosidl_typesupport_fastrtps_c.cpython-310-x86_64-linux-gnu.so
[0.865s] -- Up-to-date: /home/ryanlin12/CSCE452_project2/install/turtlesim/local/lib/python3.10/dist-packages/turtlesim/_turtlesim_s.ep.rosidl_typesupport_fastrtps_c.c
[0.865s] -- Up-to-date: /home/ryanlin12/CSCE452_project2/install/turtlesim/local/lib/python3.10/dist-packages/turtlesim/turtlesim_s__rosidl_typesupport_c.cpython-310-x86_64-linux-gnu.so
[0.865s] -- Up-to-date: /home/ryanlin12/CSCE452_project2/install/turtlesim/local/lib/python3.10/dist-packages/turtlesim/_turtlesim_s.ep.rosidl_typesupport_introspection_c.c
[0.865s] -- Up-to-date: /home/ryanlin12/CSCE452_project2/install/turtlesim/local/lib/python3.10/dist-packages/turtlesim/msg
[0.865s] -- Up-to-date: /home/ryanlin12/CSCE452_project2/install/turtlesim/local/lib/python3.10/dist-packages/turtlesim/msg/_color.py
[0.866s] -- Up-to-date: /home/ryanlin12/CSCE452_project2/install/turtlesim/local/lib/python3.10/dist-packages/turtlesim/msg/_color_s.c
[0.866s] -- Up-to-date: /home/ryanlin12/CSCE452_project2/install/turtlesim/local/lib/python3.10/dist-packages/turtlesim/msg/_pose.py
[0.866s] -- Up-to-date: /home/ryanlin12/CSCE452_project2/install/turtlesim/local/lib/python3.10/dist-packages/turtlesim/msg/__init__.py
[0.866s] -- Up-to-date: /home/ryanlin12/CSCE452_project2/install/turtlesim/local/lib/python3.10/dist-packages/turtlesim/msg/_pose_s.c
[0.866s] -- Up-to-date: /home/ryanlin12/CSCE452_project2/install/turtlesim/local/lib/python3.10/dist-packages/turtlesim/_turtlesim_s.ep.rosidl_typesupport_c.c
[0.866s] -- Up-to-date: /home/ryanlin12/CSCE452_project2/install/turtlesim/local/lib/python3.10/dist-packages/turtlesim/__init__.py
[0.866s] -- Up-to-date: /home/ryanlin12/CSCE452_project2/install/turtlesim/local/lib/python3.10/dist-packages/turtlesim/turtlesim_s__rosidl_typesupport_introspection_c.cpython-310-x86_64-linux-gnu.so
[0.866s] -- Up-to-date: /home/ryanlin12/CSCE452_project2/install/turtlesim/local/lib/python3.10/dist-packages/turtlesim/libturtlesim__rosidl_generator_py.so
[0.890s] Listing '/home/ryanlin12/CSCE452_project2/install/turtlesim/local/lib/python3.10/dist-packages/turtlesim'...
[0.890s] Listing '/home/ryanlin12/CSCE452_project2/install/turtlesim/local/lib/python3.10/dist-packages/turtlesim/action'...
[0.890s] Listing '/home/ryanlin12/CSCE452_project2/install/turtlesim/local/lib/python3.10/dist-packages/turtlesim/msg'...
[0.890s] Listing '/home/ryanlin12/CSCE452_project2/install/turtlesim/local/lib/python3.10/dist-packages/turtlesim/srv'...
[0.894s] -- Up-to-date: /home/ryanlin12/CSCE452_project2/install/turtlesim/local/lib/python3.10/dist-packages/turtlesim/turtlesim_s__rosidl_typesupport_fastrtps_c.cpython-310-x86_64-linux-gnu.so
[0.894s] -- Up-to-date: /home/ryanlin12/CSCE452_project2/install/turtlesim/local/lib/python3.10/dist-packages/turtlesim/turtlesim_s__rosidl_typesupport_introspection_c.cpython-310-x86_64-linux-gnu.so
[0.894s] -- Up-to-date: /home/ryanlin12/CSCE452_project2/install/turtlesim/local/lib/python3.10/dist-packages/turtlesim/turtlesim_s__rosidl_typesupport_c.cpython-310-x86_64-linux-gnu.so
[0.895s] -- Up-to-date: /home/ryanlin12/CSCE452_project2/install/turtlesim/lib/libturtlesim__rosidl_generator_py.so
[0.895s] -- Up-to-date: /home/ryanlin12/CSCE452_project2/install/turtlesim/share/turtlesim/action/RotateAbsolute.idl
[0.895s] -- Up-to-date: /home/ryanlin12/CSCE452_project2/install/turtlesim/share/turtlesim/msg/Color.idl
[0.895s] -- Up-to-date: /home/ryanlin12/CSCE452_project2/install/turtlesim/share/turtlesim/msg/Pose.idl
[0.895s] -- Up-to-date: /home/ryanlin12/CSCE452_project2/install/turtlesim/share/turtlesim/srv/Kill.idl
[0.896s] -- Up-to-date: /home/ryanlin12/CSCE452_project2/install/turtlesim/share/turtlesim/srv/SetPen.idl
[0.896s] -- Up-to-date: /home/ryanlin12/CSCE452_project2/install/turtlesim/share/turtlesim/srv/Spawn.idl
[0.896s] -- Up-to-date: /home/ryanlin12/CSCE452_project2/install/turtlesim/share/turtlesim/srv/TeleportAbsolute.idl
[0.896s] -- Up-to-date: /home/ryanlin12/CSCE452_project2/install/turtlesim/share/turtlesim/srv/TeleportRelative.idl
[0.896s] -- Up-to-date: /home/ryanlin12/CSCE452_project2/install/turtlesim/share/turtlesim/action/RotateAbsolute.action
[0.896s] -- Up-to-date: /home/ryanlin12/CSCE452_project2/install/turtlesim/share/turtlesim/msg/Color.msg
[0.896s] -- Up-to-date: /home/ryanlin12/CSCE452_project2/install/turtlesim/share/turtlesim/msg/Pose.msg
[0.897s] -- Up-to-date: /home/ryanlin12/CSCE452_project2/install/turtlesim/share/turtlesim/srv/Kill.srv
[0.897s] -- Up-to-date: /home/ryanlin12/CSCE452_project2/install/turtlesim/share/turtlesim/srv/Kill_Request.msg
[0.897s] -- Up-to-date: /home/ryanlin12/CSCE452_project2/install/turtlesim/share/turtlesim/srv/Kill_Response.msg
[0.897s] -- Up-to-date: /home/ryanlin12/CSCE452_project2/install/turtlesim/share/turtlesim/srv/SetPen.srv
[0.897s] -- Up-to-date: /home/ryanlin12/CSCE452_project2/install/turtlesim/share/turtlesim/srv/SetPen_Request.msg
[0.897s] -- Up-to-date: /home/ryanlin12/CSCE452_project2/install/turtlesim/share/turtlesim/srv/SetPen_Response.msg
[0.897s] -- Up-to-date: /home/ryanlin12/CSCE452_project2/install/turtlesim/share/turtlesim/srv/Spawn.srv
[0.898s] -- Up-to-date: /home/ryanlin12/CSCE452_project2/install/turtlesim/share/turtlesim/srv/Spawn_Request.msg
[0.898s] -- Up-to-date: /home/ryanlin12/CSCE452_project2/install/turtlesim/share/turtlesim/srv/Spawn_Response.msg
[0.898s] -- Up-to-date: /home/ryanlin12/CSCE452_project2/install/turtlesim/share/turtlesim/srv/TeleportAbsolute.srv
[0.898s] -- Up-to-date: /home/ryanlin12/CSCE452_project2/install/turtlesim/share/turtlesim/srv/TeleportAbsolute_Request.msg
[0.898s] -- Up-to-date: /home/ryanlin12/CSCE452_project2/install/turtlesim/share/turtlesim/srv/TeleportAbsolute_Response.msg
[0.898s] -- Up-to-date: /home/ryanlin12/CSCE452_project2/install/turtlesim/share/turtlesim/srv/TeleportRelative.srv
[0.898s] -- Up-to-date: /home/ryanlin12/CSCE452_project2/install/turtlesim/share/turtlesim/srv/TeleportRelative_Request.msg
[0.899s] -- Up-to-date: /home/ryanlin12/CSCE452_project2/install/turtlesim/share/turtlesim/srv/TeleportRelative_Response.msg
[0.899s] -- Up-to-date: /home/ryanlin12/CSCE452_project2/install/turtlesim/lib/turtlesim/turtlesim_node
[0.900s] -- Up-to-date: /home/ryanlin12/CSCE452_project2/install/turtlesim/lib/turtlesim/turtle_teleop_key
[0.900s] -- Up-to-date: /home/ryanlin12/CSCE452_project2/install/turtlesim/lib/turtlesim/draw_square
[0.900s] -- Up-to-date: /home/ryanlin12/CSCE452_project2/install/turtlesim/lib/turtlesim/mimic
[0.900s] -- Up-to-date: /home/ryanlin12/CSCE452_project2/install/turtlesim/share/turtlesim/images
[0.901s] -- Up-to-date: /home/ryanlin12/CSCE452_project2/install/turtlesim/share/turtlesim/images/galactic.png
[0.901s] -- Up-to-date: /home/ryanlin12/CSCE452_project2/install/turtlesim/share/turtlesim/images/rolling.png
[0.901s] -- Up-to-date: /home/ryanlin12/CSCE452_project2/install/turtlesim/share/turtlesim/images/bouncy.png
[0.901s] -- Up-to-date: /home/ryanlin12/CSCE452_project2/install/turtlesim/share/turtlesim/images/foxy.png
[0.901s] -- Up-to-date: /home/ryanlin12/CSCE452_project2/install/turtlesim/share/turtlesim/images/ardent.png
[0.901s] -- Up-to-date: /home/ryanlin12/CSCE452_project2/install/turtlesim/share/turtlesim/images/humble.png
[0.901s] -- Up-to-date: /home/ryanlin12/CSCE452_project2/install/turtlesim/share/turtlesim/images/crystal.png
[0.901s] -- Up-to-date: /home/ryanlin12/CSCE452_project2/install/turtlesim/share/turtlesim/images/dashing.png
[0.901s] -- Up-to-date: /home/ryanlin12/CSCE452_project2/install/turtlesim/share/turtlesim/images/eloquent.png
[0.902s] -- Up-to-date: /home/ryanlin12/CSCE452_project2/install/turtlesim/share/turtlesim/launch
[0.902s] -- Up-to-date: /home/ryanlin12/CSCE452_project2/install/turtlesim/share/turtlesim/launch/multisim.launch.py
[0.902s] -- Up-to-date: /home/ryanlin12/CSCE452_project2/install/turtlesim/share/ament_index/resource_index/package_run_dependencies/turtlesim
[0.902s] -- Up-to-date: /home/ryanlin12/CSCE452_project2/install/turtlesim/share/ament_index/resource_index/parent_prefix_path/turtlesim
[0.902s] -- Up-to-date: /home/ryanlin12/CSCE452_project2/install/turtlesim/share/turtlesim/environment/ament_prefix_path.sh
[0.902s] -- Up-to-date: /home/ryanlin12/CSCE452_project2/install/turtlesim/share/turtlesim/environment/ament_prefix_path.dsv
[0.902s] -- Up-to-date: /home/ryanlin12/CSCE452_project2/install/turtlesim/share/turtlesim/environment/path.sh
[0.902s] -- Up-to-date: /home/ryanlin12/CSCE452_project2/install/turtlesim/share/turtlesim/environment/path.dsv
[0.903s] -- Up-to-date: /home/ryanlin12/CSCE452_project2/install/turtlesim/share/turtlesim/local_setup.bash
[0.903s] -- Up-to-date: /home/ryanlin12/CSCE452_project2/install/turtlesim/share/turtlesim/local_setup.sh
[0.903s] -- Up-to-date: /home/ryanlin12/CSCE452_project2/install/turtlesim/share/turtlesim/local_setup.zsh
[0.903s] -- Up-to-date: /home/ryanlin12/CSCE452_project2/install/turtlesim/share/turtlesim/local_setup.dsv
[0.903s] -- Installing: /home/ryanlin12/CSCE452_project2/install/turtlesim/share/turtlesim/package.dsv
[0.903s] -- Up-to-date: /home/ryanlin12/CSCE452_project2/install/turtlesim/share/ament_index/resource_index/packages/turtlesim
[0.904s] -- Up-to-date: /home/ryanlin12/CSCE452_project2/install/turtlesim/share/turtlesim/cmake/export_turtlesim__rosidl_generator_cExport.cmake
[0.904s] -- Up-to-date: /home/ryanlin12/CSCE452_project2/install/turtlesim/share/turtlesim/cmake/export_turtlesim__rosidl_generator_cExport-noconfig.cmake
[0.904s] -- Up-to-date: /home/ryanlin12/CSCE452_project2/install/turtlesim/share/turtlesim/cmake/export_turtlesim__rosidl_typesupport_fastrtps_cExport.cmake
[0.904s] -- Up-to-date: /home/ryanlin12/CSCE452_project2/install/turtlesim/share/turtlesim/cmake/export_turtlesim__rosidl_typesupport_fastrtps_cExport-noconfig.cmake
[0.904s] -- Up-to-date: /home/ryanlin12/CSCE452_project2/install/turtlesim/share/turtlesim/cmake/export_turtlesim__rosidl_generator_cppExport.cmake
[0.904s] -- Up-to-date: /home/ryanlin12/CSCE452_project2/install/turtlesim/share/turtlesim/cmake/export_turtlesim__rosidl_typesupport_fastrtps_cppExport.cmake
[0.904s] -- Up-to-date: /home/ryanlin12/CSCE452_project2/install/turtlesim/share/turtlesim/cmake/export_turtlesim__rosidl_typesupport_fastrtps_cppExport-noconfig.cmake
[0.905s] -- Up-to-date: /home/ryanlin12/CSCE452_project2/install/turtlesim/share/turtlesim/cmake/turtlesim__rosidl_typesupport_introspection_cExport.cmake
[0.905s] -- Up-to-date: /home/ryanlin12/CSCE452_project2/install/turtlesim/share/turtlesim/cmake/turtlesim__rosidl_typesupport_introspection_cExport-noconfig.cmake
[0.905s] -- Up-to-date: /home/ryanlin12/CSCE452_project2/install/turtlesim/share/turtlesim/cmake/turtlesim__rosidl_typesupport_cExport.cmake
[0.905s] -- Up-to-date: /home/ryanlin12/CSCE452_project2/install/turtlesim/share/turtlesim/cmake/turtlesim__rosidl_typesupport_cExport-noconfig.cmake
[0.905s] -- Up-to-date: /home/ryanlin12/CSCE452_project2/install/turtlesim/share/turtlesim/cmake/turtlesim__rosidl_typesupport_introspection_cppExport.cmake
[0.905s] -- Up-to-date: /home/ryanlin12/CSCE452_project2/install/turtlesim/share/turtlesim/cmake/turtlesim__rosidl_typesupport_introspection_cppExport-noconfig.cmake
[0.906s] -- Up-to-date: /home/ryanlin12/CSCE452_project2/install/turtlesim/share/turtlesim/cmake/turtlesim__rosidl_typesupport_cppExport.cmake
[0.906s] -- Up-to-date: /home/ryanlin12/CSCE452_project2/install/turtlesim/share/turtlesim/cmake/turtlesim__rosidl_typesupport_cppExport-noconfig.cmake
[0.906s] -- Up-to-date: /home/ryanlin12/CSCE452_project2/install/turtlesim/share/turtlesim/cmake/export_turtlesim__rosidl_generator_pyExport.cmake
[0.906s] -- Up-to-date: /home/ryanlin12/CSCE452_project2/install/turtlesim/share/turtlesim/cmake/export_turtlesim__rosidl_generator_pyExport-noconfig.cmake
[0.906s] -- Up-to-date: /home/ryanlin12/CSCE452_project2/install/turtlesim/share/turtlesim/cmake/rosidl_cmake-extras.cmake
[0.906s] -- Up-to-date: /home/ryanlin12/CSCE452_project2/install/turtlesim/share/turtlesim/cmake/ament_cmake_export_dependencies-extras.cmake
[0.907s] -- Up-to-date: /home/ryanlin12/CSCE452_project2/install/turtlesim/share/turtlesim/cmake/ament_cmake_export_include_directories-extras.cmake
[0.907s] -- Up-to-date: /home/ryanlin12/CSCE452_project2/install/turtlesim/share/turtlesim/cmake/ament_cmake_export_libraries-extras.cmake
[0.907s] -- Up-to-date: /home/ryanlin12/CSCE452_project2/install/turtlesim/share/turtlesim/cmake/ament_cmake_export_targets-extras.cmake
[0.907s] -- Up-to-date: /home/ryanlin12/CSCE452_project2/install/turtlesim/share/turtlesim/cmake/rosidl_cmake_export_typesupport_targets-extras.cmake
[0.907s] -- Up-to-date: /home/ryanlin12/CSCE452_project2/install/turtlesim/share/turtlesim/cmake/rosidl_cmake_export_typesupport_libraries-extras.cmake
[0.907s] -- Up-to-date: /home/ryanlin12/CSCE452_project2/install/turtlesim/share/turtlesim/cmake/turtlesimConfig.cmake
[0.907s] -- Up-to-date: /home/ryanlin12/CSCE452_project2/install/turtlesim/share/turtlesim/cmake/turtlesimConfig-version.cmake
[0.907s] -- Up-to-date: /home/ryanlin12/CSCE452_project2/install/turtlesim/share/turtlesim/package.xml
[0.915s] Invoked command in '/home/ryanlin12/CSCE452_project2/build/turtlesim' returned '0': CMAKE_PREFIX_PATH=${CMAKE_PREFIX_PATH}:/opt/ros/humble /usr/bin/cmake --install /home/ryanlin12/CSCE452_project2/build/turtlesim
