[0.702s] Invoking command in '/home/ryanlin12/CSCE452_project2/src/py_srvcli': AMENT_PREFIX_PATH=/home/ryanlin12/CSCE452_project2/install/turtlesim:${AMENT_PREFIX_PATH} CMAKE_PREFIX_PATH=/home/ryanlin12/CSCE452_project2/install/turtlesim LD_LIBRARY_PATH=/home/ryanlin12/CSCE452_project2/install/turtlesim/lib:${LD_LIBRARY_PATH} PYTHONPATH=/home/ryanlin12/CSCE452_project2/build/py_srvcli/prefix_override:/home/ryanlin12/CSCE452_project2/install/py_srvcli/lib/python3.10/site-packages:/home/ryanlin12/CSCE452_project2/install/turtlesim/local/lib/python3.10/dist-packages:${PYTHONPATH} /usr/bin/python3 setup.py egg_info --egg-base ../../build/py_srvcli build --build-base /home/ryanlin12/CSCE452_project2/build/py_srvcli/build install --record /home/ryanlin12/CSCE452_project2/build/py_srvcli/install.log --single-version-externally-managed
[0.959s] running egg_info
[0.961s] writing ../../build/py_srvcli/py_srvcli.egg-info/PKG-INFO
[0.963s] writing dependency_links to ../../build/py_srvcli/py_srvcli.egg-info/dependency_links.txt
[0.964s] writing entry points to ../../build/py_srvcli/py_srvcli.egg-info/entry_points.txt
[0.965s] writing requirements to ../../build/py_srvcli/py_srvcli.egg-info/requires.txt
[0.966s] writing top-level names to ../../build/py_srvcli/py_srvcli.egg-info/top_level.txt
[0.968s] reading manifest file '../../build/py_srvcli/py_srvcli.egg-info/SOURCES.txt'
[0.969s] writing manifest file '../../build/py_srvcli/py_srvcli.egg-info/SOURCES.txt'
[0.970s] running build
[0.970s] running build_py
[0.970s] copying py_srvcli/clear_line_client.py -> /home/ryanlin12/CSCE452_project2/build/py_srvcli/build/lib/py_srvcli
[0.971s] running install
[0.972s] /usr/lib/python3/dist-packages/setuptools/command/install.py:34: SetuptoolsDeprecationWarning: setup.py install is deprecated. Use build and pip and other standards-based tools.
[0.972s]   warnings.warn(
[0.972s] running install_lib
[0.973s] copying /home/ryanlin12/CSCE452_project2/build/py_srvcli/build/lib/py_srvcli/clear_line_client.py -> /home/ryanlin12/CSCE452_project2/install/py_srvcli/lib/python3.10/site-packages/py_srvcli
[0.974s] byte-compiling /home/ryanlin12/CSCE452_project2/install/py_srvcli/lib/python3.10/site-packages/py_srvcli/clear_line_client.py to clear_line_client.cpython-310.pyc
[0.978s] running install_data
[0.978s] running install_egg_info
[0.980s] removing '/home/ryanlin12/CSCE452_project2/install/py_srvcli/lib/python3.10/site-packages/py_srvcli-0.0.0-py3.10.egg-info' (and everything under it)
[0.980s] Copying ../../build/py_srvcli/py_srvcli.egg-info to /home/ryanlin12/CSCE452_project2/install/py_srvcli/lib/python3.10/site-packages/py_srvcli-0.0.0-py3.10.egg-info
[0.981s] running install_scripts
[1.004s] Installing clear_line_client script to /home/ryanlin12/CSCE452_project2/install/py_srvcli/lib/py_srvcli
[1.004s] Installing clear_line_service script to /home/ryanlin12/CSCE452_project2/install/py_srvcli/lib/py_srvcli
[1.005s] Installing set_background_color script to /home/ryanlin12/CSCE452_project2/install/py_srvcli/lib/py_srvcli
[1.006s] Installing set_color_client script to /home/ryanlin12/CSCE452_project2/install/py_srvcli/lib/py_srvcli
[1.007s] Installing set_color_service script to /home/ryanlin12/CSCE452_project2/install/py_srvcli/lib/py_srvcli
[1.007s] writing list of installed files to '/home/ryanlin12/CSCE452_project2/build/py_srvcli/install.log'
[1.038s] Invoked command in '/home/ryanlin12/CSCE452_project2/src/py_srvcli' returned '0': AMENT_PREFIX_PATH=/home/ryanlin12/CSCE452_project2/install/turtlesim:${AMENT_PREFIX_PATH} CMAKE_PREFIX_PATH=/home/ryanlin12/CSCE452_project2/install/turtlesim LD_LIBRARY_PATH=/home/ryanlin12/CSCE452_project2/install/turtlesim/lib:${LD_LIBRARY_PATH} PYTHONPATH=/home/ryanlin12/CSCE452_project2/build/py_srvcli/prefix_override:/home/ryanlin12/CSCE452_project2/install/py_srvcli/lib/python3.10/site-packages:/home/ryanlin12/CSCE452_project2/install/turtlesim/local/lib/python3.10/dist-packages:${PYTHONPATH} /usr/bin/python3 setup.py egg_info --egg-base ../../build/py_srvcli build --build-base /home/ryanlin12/CSCE452_project2/build/py_srvcli/build install --record /home/ryanlin12/CSCE452_project2/build/py_srvcli/install.log --single-version-externally-managed
