[0.747s] Invoking command in '/home/ryanlin12/CSCE452_project2/src/my_package': PYTHONPATH=/home/ryanlin12/CSCE452_project2/build/my_package/prefix_override:/home/ryanlin12/CSCE452_project2/install/my_package/lib/python3.10/site-packages:${PYTHONPATH} /usr/bin/python3 setup.py egg_info --egg-base ../../build/my_package build --build-base /home/ryanlin12/CSCE452_project2/build/my_package/build install --record /home/ryanlin12/CSCE452_project2/build/my_package/install.log --single-version-externally-managed
[1.101s] running egg_info
[1.111s] writing ../../build/my_package/my_package.egg-info/PKG-INFO
[1.117s] writing dependency_links to ../../build/my_package/my_package.egg-info/dependency_links.txt
[1.120s] writing entry points to ../../build/my_package/my_package.egg-info/entry_points.txt
[1.121s] writing requirements to ../../build/my_package/my_package.egg-info/requires.txt
[1.121s] writing top-level names to ../../build/my_package/my_package.egg-info/top_level.txt
[1.123s] reading manifest file '../../build/my_package/my_package.egg-info/SOURCES.txt'
[1.125s] writing manifest file '../../build/my_package/my_package.egg-info/SOURCES.txt'
[1.126s] running build
[1.126s] running build_py
[1.127s] copying my_package/aGoodAttempt.py -> /home/ryanlin12/CSCE452_project2/build/my_package/build/lib/my_package
[1.128s] copying my_package/a_mlogo.py -> /home/ryanlin12/CSCE452_project2/build/my_package/build/lib/my_package
[1.128s] running install
[1.128s] /usr/lib/python3/dist-packages/setuptools/command/install.py:34: SetuptoolsDeprecationWarning: setup.py install is deprecated. Use build and pip and other standards-based tools.
[1.128s]   warnings.warn(
[1.130s] running install_lib
[1.130s] copying /home/ryanlin12/CSCE452_project2/build/my_package/build/lib/my_package/aGoodAttempt.py -> /home/ryanlin12/CSCE452_project2/install/my_package/lib/python3.10/site-packages/my_package
[1.130s] copying /home/ryanlin12/CSCE452_project2/build/my_package/build/lib/my_package/a_mlogo.py -> /home/ryanlin12/CSCE452_project2/install/my_package/lib/python3.10/site-packages/my_package
[1.131s] byte-compiling /home/ryanlin12/CSCE452_project2/install/my_package/lib/python3.10/site-packages/my_package/aGoodAttempt.py to aGoodAttempt.cpython-310.pyc
[1.134s] byte-compiling /home/ryanlin12/CSCE452_project2/install/my_package/lib/python3.10/site-packages/my_package/a_mlogo.py to a_mlogo.cpython-310.pyc
[1.138s] running install_data
[1.138s] running install_egg_info
[1.141s] removing '/home/ryanlin12/CSCE452_project2/install/my_package/lib/python3.10/site-packages/my_package-0.0.0-py3.10.egg-info' (and everything under it)
[1.142s] Copying ../../build/my_package/my_package.egg-info to /home/ryanlin12/CSCE452_project2/install/my_package/lib/python3.10/site-packages/my_package-0.0.0-py3.10.egg-info
[1.144s] running install_scripts
[1.197s] Installing a_mlogo script to /home/ryanlin12/CSCE452_project2/install/my_package/lib/my_package
[1.197s] Installing listener script to /home/ryanlin12/CSCE452_project2/install/my_package/lib/my_package
[1.197s] Installing my_node script to /home/ryanlin12/CSCE452_project2/install/my_package/lib/my_package
[1.197s] Installing talker script to /home/ryanlin12/CSCE452_project2/install/my_package/lib/my_package
[1.197s] writing list of installed files to '/home/ryanlin12/CSCE452_project2/build/my_package/install.log'
[1.239s] Invoked command in '/home/ryanlin12/CSCE452_project2/src/my_package' returned '0': PYTHONPATH=/home/ryanlin12/CSCE452_project2/build/my_package/prefix_override:/home/ryanlin12/CSCE452_project2/install/my_package/lib/python3.10/site-packages:${PYTHONPATH} /usr/bin/python3 setup.py egg_info --egg-base ../../build/my_package build --build-base /home/ryanlin12/CSCE452_project2/build/my_package/build install --record /home/ryanlin12/CSCE452_project2/build/my_package/install.log --single-version-externally-managed
