[1.026s] Invoking command in '/home/ryanlin12/CSCE452_project2/src/my_package': PYTHONPATH=/home/ryanlin12/CSCE452_project2/build/my_package/prefix_override:/home/ryanlin12/CSCE452_project2/install/my_package/lib/python3.10/site-packages:${PYTHONPATH} /usr/bin/python3 setup.py egg_info --egg-base ../../build/my_package build --build-base /home/ryanlin12/CSCE452_project2/build/my_package/build install --record /home/ryanlin12/CSCE452_project2/build/my_package/install.log --single-version-externally-managed
[1.492s] running egg_info
[1.494s] writing ../../build/my_package/my_package.egg-info/PKG-INFO
[1.494s] writing dependency_links to ../../build/my_package/my_package.egg-info/dependency_links.txt
[1.496s] writing entry points to ../../build/my_package/my_package.egg-info/entry_points.txt
[1.496s] writing requirements to ../../build/my_package/my_package.egg-info/requires.txt
[1.496s] writing top-level names to ../../build/my_package/my_package.egg-info/top_level.txt
[1.501s] reading manifest file '../../build/my_package/my_package.egg-info/SOURCES.txt'
[1.503s] writing manifest file '../../build/my_package/my_package.egg-info/SOURCES.txt'
[1.504s] running build
[1.504s] running build_py
[1.505s] copying my_package/realfinalattempt.py -> /home/ryanlin12/CSCE452_project2/build/my_package/build/lib/my_package
[1.506s] running install
[1.507s] /usr/lib/python3/dist-packages/setuptools/command/install.py:34: SetuptoolsDeprecationWarning: setup.py install is deprecated. Use build and pip and other standards-based tools.
[1.507s]   warnings.warn(
[1.507s] running install_lib
[1.512s] copying /home/ryanlin12/CSCE452_project2/build/my_package/build/lib/my_package/realfinalattempt.py -> /home/ryanlin12/CSCE452_project2/install/my_package/lib/python3.10/site-packages/my_package
[1.513s] byte-compiling /home/ryanlin12/CSCE452_project2/install/my_package/lib/python3.10/site-packages/my_package/final_attempt.py to final_attempt.cpython-310.pyc
[1.514s]   File "/home/ryanlin12/CSCE452_project2/install/my_package/lib/python3.10/site-packages/my_package/final_attempt.py", line 63
[1.514s]     // wrap g_goal.theta to [-pi, pi)
[1.514s]                                     ^
[1.514s] SyntaxError: closing parenthesis ')' does not match opening parenthesis '['
[1.514s] 
[1.514s] byte-compiling /home/ryanlin12/CSCE452_project2/install/my_package/lib/python3.10/site-packages/my_package/realfinalattempt.py to realfinalattempt.cpython-310.pyc
[1.519s] running install_data
[1.519s] running install_egg_info
[1.522s] removing '/home/ryanlin12/CSCE452_project2/install/my_package/lib/python3.10/site-packages/my_package-0.0.0-py3.10.egg-info' (and everything under it)
[1.528s] Copying ../../build/my_package/my_package.egg-info to /home/ryanlin12/CSCE452_project2/install/my_package/lib/python3.10/site-packages/my_package-0.0.0-py3.10.egg-info
[1.530s] running install_scripts
[1.572s] Installing a_mlogo script to /home/ryanlin12/CSCE452_project2/install/my_package/lib/my_package
[1.572s] Installing final script to /home/ryanlin12/CSCE452_project2/install/my_package/lib/my_package
[1.574s] Installing listener script to /home/ryanlin12/CSCE452_project2/install/my_package/lib/my_package
[1.574s] Installing my_node script to /home/ryanlin12/CSCE452_project2/install/my_package/lib/my_package
[1.575s] Installing talker script to /home/ryanlin12/CSCE452_project2/install/my_package/lib/my_package
[1.577s] writing list of installed files to '/home/ryanlin12/CSCE452_project2/build/my_package/install.log'
[1.622s] Invoked command in '/home/ryanlin12/CSCE452_project2/src/my_package' returned '0': PYTHONPATH=/home/ryanlin12/CSCE452_project2/build/my_package/prefix_override:/home/ryanlin12/CSCE452_project2/install/my_package/lib/python3.10/site-packages:${PYTHONPATH} /usr/bin/python3 setup.py egg_info --egg-base ../../build/my_package build --build-base /home/ryanlin12/CSCE452_project2/build/my_package/build install --record /home/ryanlin12/CSCE452_project2/build/my_package/install.log --single-version-externally-managed
