[1.009s] Invoking command in '/home/ryanlin12/CSCE452_project2/src/my_package': PYTHONPATH=/home/ryanlin12/CSCE452_project2/build/my_package/prefix_override:/home/ryanlin12/CSCE452_project2/install/my_package/lib/python3.10/site-packages:${PYTHONPATH} /usr/bin/python3 setup.py egg_info --egg-base ../../build/my_package build --build-base /home/ryanlin12/CSCE452_project2/build/my_package/build install --record /home/ryanlin12/CSCE452_project2/build/my_package/install.log --single-version-externally-managed
[1.640s] running egg_info
[1.644s] writing ../../build/my_package/my_package.egg-info/PKG-INFO
[1.645s] writing dependency_links to ../../build/my_package/my_package.egg-info/dependency_links.txt
[1.648s] writing entry points to ../../build/my_package/my_package.egg-info/entry_points.txt
[1.649s] writing requirements to ../../build/my_package/my_package.egg-info/requires.txt
[1.649s] writing top-level names to ../../build/my_package/my_package.egg-info/top_level.txt
[1.649s] reading manifest file '../../build/my_package/my_package.egg-info/SOURCES.txt'
[1.654s] writing manifest file '../../build/my_package/my_package.egg-info/SOURCES.txt'
[1.655s] running build
[1.655s] running build_py
[1.659s] copying my_package/realfinalattempt.py -> /home/ryanlin12/CSCE452_project2/build/my_package/build/lib/my_package
[1.659s] /usr/lib/python3/dist-packages/setuptools/command/install.py:34: SetuptoolsDeprecationWarning: setup.py install is deprecated. Use build and pip and other standards-based tools.
[1.659s]   warnings.warn(
[1.659s] running install
[1.660s] running install_lib
[1.666s] copying /home/ryanlin12/CSCE452_project2/build/my_package/build/lib/my_package/realfinalattempt.py -> /home/ryanlin12/CSCE452_project2/install/my_package/lib/python3.10/site-packages/my_package
[1.668s] byte-compiling /home/ryanlin12/CSCE452_project2/install/my_package/lib/python3.10/site-packages/my_package/final_attempt.py to final_attempt.cpython-310.pyc
[1.670s]   File "/home/ryanlin12/CSCE452_project2/install/my_package/lib/python3.10/site-packages/my_package/final_attempt.py", line 63
[1.670s]     // wrap g_goal.theta to [-pi, pi)
[1.670s]                                     ^
[1.671s] SyntaxError: closing parenthesis ')' does not match opening parenthesis '['
[1.671s] 
[1.671s] byte-compiling /home/ryanlin12/CSCE452_project2/install/my_package/lib/python3.10/site-packages/my_package/realfinalattempt.py to realfinalattempt.cpython-310.pyc
[1.681s] running install_data
[1.682s] running install_egg_info
[1.685s] removing '/home/ryanlin12/CSCE452_project2/install/my_package/lib/python3.10/site-packages/my_package-0.0.0-py3.10.egg-info' (and everything under it)
[1.711s] Copying ../../build/my_package/my_package.egg-info to /home/ryanlin12/CSCE452_project2/install/my_package/lib/python3.10/site-packages/my_package-0.0.0-py3.10.egg-info
[1.711s] running install_scripts
[1.775s] Installing a_mlogo script to /home/ryanlin12/CSCE452_project2/install/my_package/lib/my_package
[1.775s] Installing final script to /home/ryanlin12/CSCE452_project2/install/my_package/lib/my_package
[1.775s] Installing listener script to /home/ryanlin12/CSCE452_project2/install/my_package/lib/my_package
[1.780s] Installing my_node script to /home/ryanlin12/CSCE452_project2/install/my_package/lib/my_package
[1.780s] Installing talker script to /home/ryanlin12/CSCE452_project2/install/my_package/lib/my_package
[1.780s] writing list of installed files to '/home/ryanlin12/CSCE452_project2/build/my_package/install.log'
[1.862s] Invoked command in '/home/ryanlin12/CSCE452_project2/src/my_package' returned '0': PYTHONPATH=/home/ryanlin12/CSCE452_project2/build/my_package/prefix_override:/home/ryanlin12/CSCE452_project2/install/my_package/lib/python3.10/site-packages:${PYTHONPATH} /usr/bin/python3 setup.py egg_info --egg-base ../../build/my_package build --build-base /home/ryanlin12/CSCE452_project2/build/my_package/build install --record /home/ryanlin12/CSCE452_project2/build/my_package/install.log --single-version-externally-managed
