[0.476s] Invoking command in '/home/ryanlin12/CSCE452_project2/src/my_package': PYTHONPATH=/home/ryanlin12/CSCE452_project2/build/my_package/prefix_override:/home/ryanlin12/CSCE452_project2/install/my_package/lib/python3.10/site-packages:${PYTHONPATH} /usr/bin/python3 setup.py egg_info --egg-base ../../build/my_package build --build-base /home/ryanlin12/CSCE452_project2/build/my_package/build install --record /home/ryanlin12/CSCE452_project2/build/my_package/install.log --single-version-externally-managed
[0.646s] running egg_info
[0.653s] writing ../../build/my_package/my_package.egg-info/PKG-INFO
[0.655s] writing dependency_links to ../../build/my_package/my_package.egg-info/dependency_links.txt
[0.655s] writing entry points to ../../build/my_package/my_package.egg-info/entry_points.txt
[0.655s] writing requirements to ../../build/my_package/my_package.egg-info/requires.txt
[0.655s] writing top-level names to ../../build/my_package/my_package.egg-info/top_level.txt
[0.657s] reading manifest file '../../build/my_package/my_package.egg-info/SOURCES.txt'
[0.658s] writing manifest file '../../build/my_package/my_package.egg-info/SOURCES.txt'
[0.658s] running build
[0.658s] running build_py
[0.658s] copying my_package/a_mlogo.py -> /home/ryanlin12/CSCE452_project2/build/my_package/build/lib/my_package
[0.658s] running install
[0.658s] /usr/lib/python3/dist-packages/setuptools/command/install.py:34: SetuptoolsDeprecationWarning: setup.py install is deprecated. Use build and pip and other standards-based tools.
[0.659s]   warnings.warn(
[0.659s] running install_lib
[0.660s] copying /home/ryanlin12/CSCE452_project2/build/my_package/build/lib/my_package/a_mlogo.py -> /home/ryanlin12/CSCE452_project2/install/my_package/lib/python3.10/site-packages/my_package
[0.660s] byte-compiling /home/ryanlin12/CSCE452_project2/install/my_package/lib/python3.10/site-packages/my_package/a_mlogo.py to a_mlogo.cpython-310.pyc
[0.661s] running install_data
[0.662s] running install_egg_info
[0.663s] removing '/home/ryanlin12/CSCE452_project2/install/my_package/lib/python3.10/site-packages/my_package-0.0.0-py3.10.egg-info' (and everything under it)
[0.664s] Copying ../../build/my_package/my_package.egg-info to /home/ryanlin12/CSCE452_project2/install/my_package/lib/python3.10/site-packages/my_package-0.0.0-py3.10.egg-info
[0.665s] running install_scripts
[0.691s] Installing a_mlogo script to /home/ryanlin12/CSCE452_project2/install/my_package/lib/my_package
[0.691s] Installing listener script to /home/ryanlin12/CSCE452_project2/install/my_package/lib/my_package
[0.691s] Installing my_node script to /home/ryanlin12/CSCE452_project2/install/my_package/lib/my_package
[0.692s] Installing talker script to /home/ryanlin12/CSCE452_project2/install/my_package/lib/my_package
[0.697s] writing list of installed files to '/home/ryanlin12/CSCE452_project2/build/my_package/install.log'
[0.735s] Invoked command in '/home/ryanlin12/CSCE452_project2/src/my_package' returned '0': PYTHONPATH=/home/ryanlin12/CSCE452_project2/build/my_package/prefix_override:/home/ryanlin12/CSCE452_project2/install/my_package/lib/python3.10/site-packages:${PYTHONPATH} /usr/bin/python3 setup.py egg_info --egg-base ../../build/my_package build --build-base /home/ryanlin12/CSCE452_project2/build/my_package/build install --record /home/ryanlin12/CSCE452_project2/build/my_package/install.log --single-version-externally-managed
