[1.162s] Invoking command in '/home/ryanlin12/CSCE452_project2/src/my_package': PYTHONPATH=/home/ryanlin12/CSCE452_project2/build/my_package/prefix_override:/home/ryanlin12/CSCE452_project2/install/my_package/lib/python3.10/site-packages:${PYTHONPATH} /usr/bin/python3 setup.py egg_info --egg-base ../../build/my_package build --build-base /home/ryanlin12/CSCE452_project2/build/my_package/build install --record /home/ryanlin12/CSCE452_project2/build/my_package/install.log --single-version-externally-managed
[1.616s] running egg_info
[1.617s] writing ../../build/my_package/my_package.egg-info/PKG-INFO
[1.619s] writing dependency_links to ../../build/my_package/my_package.egg-info/dependency_links.txt
[1.622s] writing entry points to ../../build/my_package/my_package.egg-info/entry_points.txt
[1.624s] writing requirements to ../../build/my_package/my_package.egg-info/requires.txt
[1.626s] writing top-level names to ../../build/my_package/my_package.egg-info/top_level.txt
[1.633s] reading manifest file '../../build/my_package/my_package.egg-info/SOURCES.txt'
[1.639s] writing manifest file '../../build/my_package/my_package.egg-info/SOURCES.txt'
[1.639s] running build
[1.640s] running build_py
[1.641s] copying my_package/a_mlogo.py -> /home/ryanlin12/CSCE452_project2/build/my_package/build/lib/my_package
[1.642s] running install
[1.643s] /usr/lib/python3/dist-packages/setuptools/command/install.py:34: SetuptoolsDeprecationWarning: setup.py install is deprecated. Use build and pip and other standards-based tools.
[1.643s]   warnings.warn(
[1.644s] running install_lib
[1.646s] copying /home/ryanlin12/CSCE452_project2/build/my_package/build/lib/my_package/a_mlogo.py -> /home/ryanlin12/CSCE452_project2/install/my_package/lib/python3.10/site-packages/my_package
[1.648s] byte-compiling /home/ryanlin12/CSCE452_project2/install/my_package/lib/python3.10/site-packages/my_package/a_mlogo.py to a_mlogo.cpython-310.pyc
[1.653s] running install_data
[1.654s] running install_egg_info
[1.658s] removing '/home/ryanlin12/CSCE452_project2/install/my_package/lib/python3.10/site-packages/my_package-0.0.0-py3.10.egg-info' (and everything under it)
[1.662s] Copying ../../build/my_package/my_package.egg-info to /home/ryanlin12/CSCE452_project2/install/my_package/lib/python3.10/site-packages/my_package-0.0.0-py3.10.egg-info
[1.662s] running install_scripts
[1.705s] Installing a_mlogo script to /home/ryanlin12/CSCE452_project2/install/my_package/lib/my_package
[1.706s] Installing listener script to /home/ryanlin12/CSCE452_project2/install/my_package/lib/my_package
[1.707s] Installing my_node script to /home/ryanlin12/CSCE452_project2/install/my_package/lib/my_package
[1.710s] Installing talker script to /home/ryanlin12/CSCE452_project2/install/my_package/lib/my_package
[1.712s] writing list of installed files to '/home/ryanlin12/CSCE452_project2/build/my_package/install.log'
[1.815s] Invoked command in '/home/ryanlin12/CSCE452_project2/src/my_package' returned '0': PYTHONPATH=/home/ryanlin12/CSCE452_project2/build/my_package/prefix_override:/home/ryanlin12/CSCE452_project2/install/my_package/lib/python3.10/site-packages:${PYTHONPATH} /usr/bin/python3 setup.py egg_info --egg-base ../../build/my_package build --build-base /home/ryanlin12/CSCE452_project2/build/my_package/build install --record /home/ryanlin12/CSCE452_project2/build/my_package/install.log --single-version-externally-managed
