[0.903s] Invoking command in '/home/ryanlin12/CSCE452_project2/src/my_package': PYTHONPATH=/home/ryanlin12/CSCE452_project2/build/my_package/prefix_override:/home/ryanlin12/CSCE452_project2/install/my_package/lib/python3.10/site-packages:${PYTHONPATH} /usr/bin/python3 setup.py egg_info --egg-base ../../build/my_package build --build-base /home/ryanlin12/CSCE452_project2/build/my_package/build install --record /home/ryanlin12/CSCE452_project2/build/my_package/install.log --single-version-externally-managed
[1.324s] running egg_info
[1.325s] writing ../../build/my_package/my_package.egg-info/PKG-INFO
[1.334s] writing dependency_links to ../../build/my_package/my_package.egg-info/dependency_links.txt
[1.334s] writing entry points to ../../build/my_package/my_package.egg-info/entry_points.txt
[1.334s] writing requirements to ../../build/my_package/my_package.egg-info/requires.txt
[1.335s] writing top-level names to ../../build/my_package/my_package.egg-info/top_level.txt
[1.338s] reading manifest file '../../build/my_package/my_package.egg-info/SOURCES.txt'
[1.342s] /usr/lib/python3/dist-packages/setuptools/command/install.py:34: SetuptoolsDeprecationWarning: setup.py install is deprecated. Use build and pip and other standards-based tools.
[1.342s]   warnings.warn(
[1.347s] writing manifest file '../../build/my_package/my_package.egg-info/SOURCES.txt'
[1.347s] running build
[1.348s] running build_py
[1.348s] running install
[1.348s] running install_lib
[1.349s] running install_data
[1.349s] running install_egg_info
[1.353s] removing '/home/ryanlin12/CSCE452_project2/install/my_package/lib/python3.10/site-packages/my_package-0.0.0-py3.10.egg-info' (and everything under it)
[1.354s] Copying ../../build/my_package/my_package.egg-info to /home/ryanlin12/CSCE452_project2/install/my_package/lib/python3.10/site-packages/my_package-0.0.0-py3.10.egg-info
[1.354s] running install_scripts
[1.391s] Installing a_mlogo script to /home/ryanlin12/CSCE452_project2/install/my_package/lib/my_package
[1.395s] Installing listener script to /home/ryanlin12/CSCE452_project2/install/my_package/lib/my_package
[1.396s] Installing my_node script to /home/ryanlin12/CSCE452_project2/install/my_package/lib/my_package
[1.397s] Installing talker script to /home/ryanlin12/CSCE452_project2/install/my_package/lib/my_package
[1.398s] writing list of installed files to '/home/ryanlin12/CSCE452_project2/build/my_package/install.log'
[1.440s] Invoked command in '/home/ryanlin12/CSCE452_project2/src/my_package' returned '0': PYTHONPATH=/home/ryanlin12/CSCE452_project2/build/my_package/prefix_override:/home/ryanlin12/CSCE452_project2/install/my_package/lib/python3.10/site-packages:${PYTHONPATH} /usr/bin/python3 setup.py egg_info --egg-base ../../build/my_package build --build-base /home/ryanlin12/CSCE452_project2/build/my_package/build install --record /home/ryanlin12/CSCE452_project2/build/my_package/install.log --single-version-externally-managed
