[0.594s] Invoking command in '/home/ryanlin12/CSCE452_project2/src/my_package': PYTHONPATH=/home/ryanlin12/CSCE452_project2/build/my_package/prefix_override:/home/ryanlin12/CSCE452_project2/install/my_package/lib/python3.10/site-packages:${PYTHONPATH} /usr/bin/python3 setup.py egg_info --egg-base ../../build/my_package build --build-base /home/ryanlin12/CSCE452_project2/build/my_package/build install --record /home/ryanlin12/CSCE452_project2/build/my_package/install.log --single-version-externally-managed
[0.911s] running egg_info
[0.912s] writing ../../build/my_package/my_package.egg-info/PKG-INFO
[0.915s] writing dependency_links to ../../build/my_package/my_package.egg-info/dependency_links.txt
[0.916s] writing entry points to ../../build/my_package/my_package.egg-info/entry_points.txt
[0.917s] writing requirements to ../../build/my_package/my_package.egg-info/requires.txt
[0.917s] writing top-level names to ../../build/my_package/my_package.egg-info/top_level.txt
[0.919s] reading manifest file '../../build/my_package/my_package.egg-info/SOURCES.txt'
[0.921s] writing manifest file '../../build/my_package/my_package.egg-info/SOURCES.txt'
[0.922s] running build
[0.923s] running build_py
[0.924s] running install
[0.925s] /usr/lib/python3/dist-packages/setuptools/command/install.py:34: SetuptoolsDeprecationWarning: setup.py install is deprecated. Use build and pip and other standards-based tools.
[0.928s]   warnings.warn(
[0.928s] running install_lib
[0.929s] running install_data
[0.929s] running install_egg_info
[0.929s] removing '/home/ryanlin12/CSCE452_project2/install/my_package/lib/python3.10/site-packages/my_package-0.0.0-py3.10.egg-info' (and everything under it)
[0.929s] Copying ../../build/my_package/my_package.egg-info to /home/ryanlin12/CSCE452_project2/install/my_package/lib/python3.10/site-packages/my_package-0.0.0-py3.10.egg-info
[0.929s] running install_scripts
[0.956s] Installing a_mlogo script to /home/ryanlin12/CSCE452_project2/install/my_package/lib/my_package
[0.957s] Installing listener script to /home/ryanlin12/CSCE452_project2/install/my_package/lib/my_package
[0.958s] Installing my_node script to /home/ryanlin12/CSCE452_project2/install/my_package/lib/my_package
[0.958s] Installing talker script to /home/ryanlin12/CSCE452_project2/install/my_package/lib/my_package
[0.960s] writing list of installed files to '/home/ryanlin12/CSCE452_project2/build/my_package/install.log'
[0.990s] Invoked command in '/home/ryanlin12/CSCE452_project2/src/my_package' returned '0': PYTHONPATH=/home/ryanlin12/CSCE452_project2/build/my_package/prefix_override:/home/ryanlin12/CSCE452_project2/install/my_package/lib/python3.10/site-packages:${PYTHONPATH} /usr/bin/python3 setup.py egg_info --egg-base ../../build/my_package build --build-base /home/ryanlin12/CSCE452_project2/build/my_package/build install --record /home/ryanlin12/CSCE452_project2/build/my_package/install.log --single-version-externally-managed
