[0.031s] Invoking command in '/home/ryanlin12/CSCE452_project2/build/turtlesim': CMAKE_PREFIX_PATH=/opt/ros/humble /usr/bin/cmake /home/ryanlin12/CSCE452_project2/src/ros_tutorials/turtlesim -DCMAKE_INSTALL_PREFIX=/home/ryanlin12/CSCE452_project2/install/turtlesim
[0.299s] -- The C compiler identification is GNU 11.3.0
[0.480s] -- The CXX compiler identification is GNU 11.3.0
[0.502s] -- Detecting C compiler ABI info
[0.592s] -- Detecting C compiler ABI info - done
[0.597s] -- Check for working C compiler: /usr/bin/cc - skipped
[0.598s] -- Detecting C compile features
[0.605s] -- Detecting C compile features - done
[0.609s] -- Detecting CXX compiler ABI info
[0.699s] -- Detecting CXX compiler ABI info - done
[0.704s] -- Check for working CXX compiler: /usr/bin/c++ - skipped
[0.705s] -- Detecting CXX compile features
[0.705s] -- Detecting CXX compile features - done
[0.729s] -- Found ament_cmake: 1.3.3 (/opt/ros/humble/share/ament_cmake/cmake)
[0.884s] -- Found Python3: /usr/bin/python3.10 (found version "3.10.6") found components: Interpreter 
[1.031s] -- Found ament_index_cpp: 1.4.0 (/opt/ros/humble/share/ament_index_cpp/cmake)
[1.036s] -- Found geometry_msgs: 4.2.3 (/opt/ros/humble/share/geometry_msgs/cmake)
[1.128s] -- Found rosidl_generator_c: 3.1.4 (/opt/ros/humble/share/rosidl_generator_c/cmake)
[1.139s] -- Found rosidl_adapter: 3.1.4 (/opt/ros/humble/share/rosidl_adapter/cmake)
[1.158s] -- Found rosidl_generator_cpp: 3.1.4 (/opt/ros/humble/share/rosidl_generator_cpp/cmake)
[1.188s] -- Using all available rosidl_typesupport_c: rosidl_typesupport_fastrtps_c;rosidl_typesupport_introspection_c
[1.226s] -- Using all available rosidl_typesupport_cpp: rosidl_typesupport_fastrtps_cpp;rosidl_typesupport_introspection_cpp
[1.426s] -- Found rclcpp: 16.0.3 (/opt/ros/humble/share/rclcpp/cmake)
[1.538s] -- Found rmw_implementation_cmake: 6.1.1 (/opt/ros/humble/share/rmw_implementation_cmake/cmake)
[1.546s] -- Found rmw_fastrtps_cpp: 6.2.2 (/opt/ros/humble/share/rmw_fastrtps_cpp/cmake)
[1.701s] -- Found OpenSSL: /usr/lib/x86_64-linux-gnu/libcrypto.so (found version "3.0.2")  
[1.725s] -- Found FastRTPS: /opt/ros/humble/include  
[1.760s] -- Using RMW implementation 'rmw_fastrtps_cpp' as default
[1.783s] -- Looking for pthread.h
[1.879s] -- Looking for pthread.h - found
[1.880s] -- Performing Test CMAKE_HAVE_LIBC_PTHREAD
[1.949s] -- Performing Test CMAKE_HAVE_LIBC_PTHREAD - Success
[1.950s] -- Found Threads: TRUE  
[2.098s] -- Found rclcpp_action: 16.0.3 (/opt/ros/humble/share/rclcpp_action/cmake)
[2.223s] -- Found rosidl_default_generators: 1.2.0 (/opt/ros/humble/share/rosidl_default_generators/cmake)
[2.242s] -- Found std_srvs: 4.2.3 (/opt/ros/humble/share/std_srvs/cmake)
[2.521s] -- Found ament_cmake_ros: 0.10.0 (/opt/ros/humble/share/ament_cmake_ros/cmake)
[2.812s] -- Using all available rosidl_typesupport_c: rosidl_typesupport_fastrtps_c;rosidl_typesupport_introspection_c
[2.936s] -- Using all available rosidl_typesupport_cpp: rosidl_typesupport_fastrtps_cpp;rosidl_typesupport_introspection_cpp
[2.957s] -- Found PythonInterp: /usr/bin/python3 (found suitable version "3.10.6", minimum required is "3.6") 
[2.960s] -- Found python_cmake_module: 0.10.0 (/opt/ros/humble/share/python_cmake_module/cmake)
[2.988s] -- Found PythonLibs: /usr/lib/x86_64-linux-gnu/libpython3.10.so (found suitable version "3.10.6", minimum required is "3.5") 
[2.988s] -- Using PYTHON_EXECUTABLE: /usr/bin/python3
[2.988s] -- Using PYTHON_INCLUDE_DIRS: /usr/include/python3.10
[2.988s] -- Using PYTHON_LIBRARIES: /usr/lib/x86_64-linux-gnu/libpython3.10.so
[3.003s] -- Found PythonExtra: .so  
[3.071s] -- Configuring done
[3.130s] -- Generating done
[3.134s] -- Build files have been written to: /home/ryanlin12/CSCE452_project2/build/turtlesim
[3.146s] Invoked command in '/home/ryanlin12/CSCE452_project2/build/turtlesim' returned '0': CMAKE_PREFIX_PATH=/opt/ros/humble /usr/bin/cmake /home/ryanlin12/CSCE452_project2/src/ros_tutorials/turtlesim -DCMAKE_INSTALL_PREFIX=/home/ryanlin12/CSCE452_project2/install/turtlesim
[3.147s] Invoking command in '/home/ryanlin12/CSCE452_project2/build/turtlesim': CMAKE_PREFIX_PATH=/opt/ros/humble /usr/bin/cmake --build /home/ryanlin12/CSCE452_project2/build/turtlesim -- -j4 -l4
[3.189s] [  1%] [34m[1mGenerating C code for ROS interfaces[0m
[3.200s] [  2%] [34m[1mGenerating C++ code for ROS interfaces[0m
[3.207s] [  2%] Built target ament_cmake_python_copy_turtlesim
[3.434s] running egg_info
[3.436s] creating turtlesim.egg-info
[3.436s] writing turtlesim.egg-info/PKG-INFO
[3.436s] writing dependency_links to turtlesim.egg-info/dependency_links.txt
[3.436s] writing top-level names to turtlesim.egg-info/top_level.txt
[3.436s] writing manifest file 'turtlesim.egg-info/SOURCES.txt'
[3.456s] reading manifest file 'turtlesim.egg-info/SOURCES.txt'
[3.457s] writing manifest file 'turtlesim.egg-info/SOURCES.txt'
[3.477s] [  2%] Built target ament_cmake_python_build_turtlesim_egg
[4.174s] [  2%] Built target turtlesim__cpp
[4.184s] [  3%] [34m[1mGenerating C++ type support dispatch for ROS interfaces[0m
[4.192s] [  5%] [34m[1mGenerating C++ type support for eProsima Fast-RTPS[0m
[4.193s] [  5%] [34m[1mGenerating C++ introspection for ROS interfaces[0m
[4.212s] [  6%] [32mBuilding C object CMakeFiles/turtlesim__rosidl_generator_c.dir/rosidl_generator_c/turtlesim/action/detail/rotate_absolute__functions.c.o[0m
[4.392s] [  7%] [32mBuilding C object CMakeFiles/turtlesim__rosidl_generator_c.dir/rosidl_generator_c/turtlesim/msg/detail/color__functions.c.o[0m
[4.439s] [  8%] [32mBuilding C object CMakeFiles/turtlesim__rosidl_generator_c.dir/rosidl_generator_c/turtlesim/msg/detail/pose__functions.c.o[0m
[4.494s] [  9%] [32mBuilding C object CMakeFiles/turtlesim__rosidl_generator_c.dir/rosidl_generator_c/turtlesim/srv/detail/kill__functions.c.o[0m
[4.547s] [ 10%] [32mBuilding C object CMakeFiles/turtlesim__rosidl_generator_c.dir/rosidl_generator_c/turtlesim/srv/detail/set_pen__functions.c.o[0m
[4.689s] [ 11%] [32mBuilding C object CMakeFiles/turtlesim__rosidl_generator_c.dir/rosidl_generator_c/turtlesim/srv/detail/spawn__functions.c.o[0m
[4.799s] [ 12%] [32mBuilding C object CMakeFiles/turtlesim__rosidl_generator_c.dir/rosidl_generator_c/turtlesim/srv/detail/teleport_absolute__functions.c.o[0m
[4.800s] [ 13%] [32mBuilding CXX object CMakeFiles/turtlesim__rosidl_typesupport_cpp.dir/rosidl_typesupport_cpp/turtlesim/action/rotate_absolute__type_support.cpp.o[0m
[4.855s] [ 14%] [32mBuilding C object CMakeFiles/turtlesim__rosidl_generator_c.dir/rosidl_generator_c/turtlesim/srv/detail/teleport_relative__functions.c.o[0m
[4.907s] [ 15%] [32m[1mLinking C shared library libturtlesim__rosidl_generator_c.so[0m
[4.986s] [ 15%] Built target turtlesim__rosidl_generator_c
[4.999s] [ 16%] [34m[1mGenerating C type support for eProsima Fast-RTPS[0m
[5.141s] [ 17%] [32mBuilding CXX object CMakeFiles/turtlesim__rosidl_typesupport_introspection_cpp.dir/rosidl_typesupport_introspection_cpp/turtlesim/action/detail/rotate_absolute__type_support.cpp.o[0m
[5.212s] [ 18%] [32mBuilding CXX object CMakeFiles/turtlesim__rosidl_typesupport_fastrtps_cpp.dir/rosidl_typesupport_fastrtps_cpp/turtlesim/action/detail/dds_fastrtps/rotate_absolute__type_support.cpp.o[0m
[5.531s] [ 19%] [32mBuilding CXX object CMakeFiles/turtlesim__rosidl_typesupport_cpp.dir/rosidl_typesupport_cpp/turtlesim/msg/color__type_support.cpp.o[0m
[5.744s] [ 20%] [32mBuilding CXX object CMakeFiles/turtlesim__rosidl_typesupport_introspection_cpp.dir/rosidl_typesupport_introspection_cpp/turtlesim/msg/detail/color__type_support.cpp.o[0m
[5.764s] [ 21%] [32mBuilding CXX object CMakeFiles/turtlesim__rosidl_typesupport_cpp.dir/rosidl_typesupport_cpp/turtlesim/msg/pose__type_support.cpp.o[0m
[5.791s] [ 22%] [32mBuilding CXX object CMakeFiles/turtlesim__rosidl_typesupport_fastrtps_c.dir/rosidl_typesupport_fastrtps_c/turtlesim/action/detail/rotate_absolute__type_support_c.cpp.o[0m
[5.829s] [ 23%] [32mBuilding CXX object CMakeFiles/turtlesim__rosidl_typesupport_fastrtps_cpp.dir/rosidl_typesupport_fastrtps_cpp/turtlesim/msg/detail/dds_fastrtps/color__type_support.cpp.o[0m
[5.990s] [ 24%] [32mBuilding CXX object CMakeFiles/turtlesim__rosidl_typesupport_cpp.dir/rosidl_typesupport_cpp/turtlesim/srv/kill__type_support.cpp.o[0m
[6.133s] [ 25%] [32mBuilding CXX object CMakeFiles/turtlesim__rosidl_typesupport_introspection_cpp.dir/rosidl_typesupport_introspection_cpp/turtlesim/msg/detail/pose__type_support.cpp.o[0m
[6.180s] [ 26%] [32mBuilding CXX object CMakeFiles/turtlesim__rosidl_typesupport_fastrtps_c.dir/rosidl_typesupport_fastrtps_c/turtlesim/msg/detail/color__type_support_c.cpp.o[0m
[6.284s] [ 27%] [32mBuilding CXX object CMakeFiles/turtlesim__rosidl_typesupport_fastrtps_cpp.dir/rosidl_typesupport_fastrtps_cpp/turtlesim/msg/detail/dds_fastrtps/pose__type_support.cpp.o[0m
[6.347s] [ 28%] [32mBuilding CXX object CMakeFiles/turtlesim__rosidl_typesupport_cpp.dir/rosidl_typesupport_cpp/turtlesim/srv/set_pen__type_support.cpp.o[0m
[6.778s] [ 29%] [32mBuilding CXX object CMakeFiles/turtlesim__rosidl_typesupport_cpp.dir/rosidl_typesupport_cpp/turtlesim/srv/spawn__type_support.cpp.o[0m
[6.795s] [ 30%] [32mBuilding CXX object CMakeFiles/turtlesim__rosidl_typesupport_fastrtps_c.dir/rosidl_typesupport_fastrtps_c/turtlesim/msg/detail/pose__type_support_c.cpp.o[0m
[6.956s] [ 31%] [32mBuilding CXX object CMakeFiles/turtlesim__rosidl_typesupport_introspection_cpp.dir/rosidl_typesupport_introspection_cpp/turtlesim/srv/detail/kill__type_support.cpp.o[0m
[7.010s] [ 32%] [32mBuilding CXX object CMakeFiles/turtlesim__rosidl_typesupport_fastrtps_cpp.dir/rosidl_typesupport_fastrtps_cpp/turtlesim/srv/detail/dds_fastrtps/kill__type_support.cpp.o[0m
[7.285s] [ 33%] [32mBuilding CXX object CMakeFiles/turtlesim__rosidl_typesupport_cpp.dir/rosidl_typesupport_cpp/turtlesim/srv/teleport_absolute__type_support.cpp.o[0m
[7.658s] [ 34%] [32mBuilding CXX object CMakeFiles/turtlesim__rosidl_typesupport_fastrtps_c.dir/rosidl_typesupport_fastrtps_c/turtlesim/srv/detail/kill__type_support_c.cpp.o[0m
[7.755s] [ 35%] [32mBuilding CXX object CMakeFiles/turtlesim__rosidl_typesupport_fastrtps_cpp.dir/rosidl_typesupport_fastrtps_cpp/turtlesim/srv/detail/dds_fastrtps/set_pen__type_support.cpp.o[0m
[7.764s] [ 36%] [32mBuilding CXX object CMakeFiles/turtlesim__rosidl_typesupport_introspection_cpp.dir/rosidl_typesupport_introspection_cpp/turtlesim/srv/detail/set_pen__type_support.cpp.o[0m
[7.765s] [ 37%] [32mBuilding CXX object CMakeFiles/turtlesim__rosidl_typesupport_cpp.dir/rosidl_typesupport_cpp/turtlesim/srv/teleport_relative__type_support.cpp.o[0m
[8.174s] [ 38%] [32m[1mLinking CXX shared library libturtlesim__rosidl_typesupport_cpp.so[0m
[8.328s] [ 38%] Built target turtlesim__rosidl_typesupport_cpp
[8.344s] [ 39%] [32mBuilding CXX object CMakeFiles/turtlesim__rosidl_typesupport_fastrtps_c.dir/rosidl_typesupport_fastrtps_c/turtlesim/srv/detail/set_pen__type_support_c.cpp.o[0m
[8.356s] [ 40%] [34m[1mGenerating C introspection for ROS interfaces[0m
[8.428s] [ 41%] [32mBuilding CXX object CMakeFiles/turtlesim__rosidl_typesupport_introspection_cpp.dir/rosidl_typesupport_introspection_cpp/turtlesim/srv/detail/spawn__type_support.cpp.o[0m
[8.595s] [ 42%] [32mBuilding CXX object CMakeFiles/turtlesim__rosidl_typesupport_fastrtps_cpp.dir/rosidl_typesupport_fastrtps_cpp/turtlesim/srv/detail/dds_fastrtps/spawn__type_support.cpp.o[0m
[8.924s] [ 43%] [32mBuilding CXX object CMakeFiles/turtlesim__rosidl_typesupport_fastrtps_c.dir/rosidl_typesupport_fastrtps_c/turtlesim/srv/detail/spawn__type_support_c.cpp.o[0m
[9.114s] [ 44%] [32mBuilding CXX object CMakeFiles/turtlesim__rosidl_typesupport_introspection_cpp.dir/rosidl_typesupport_introspection_cpp/turtlesim/srv/detail/teleport_absolute__type_support.cpp.o[0m
[9.379s] [ 45%] [32mBuilding CXX object CMakeFiles/turtlesim__rosidl_typesupport_fastrtps_cpp.dir/rosidl_typesupport_fastrtps_cpp/turtlesim/srv/detail/dds_fastrtps/teleport_absolute__type_support.cpp.o[0m
[9.684s] [ 46%] [32mBuilding CXX object CMakeFiles/turtlesim__rosidl_typesupport_fastrtps_c.dir/rosidl_typesupport_fastrtps_c/turtlesim/srv/detail/teleport_absolute__type_support_c.cpp.o[0m
[9.951s] [ 47%] [32mBuilding CXX object CMakeFiles/turtlesim__rosidl_typesupport_introspection_cpp.dir/rosidl_typesupport_introspection_cpp/turtlesim/srv/detail/teleport_relative__type_support.cpp.o[0m
[10.245s] [ 48%] [32mBuilding CXX object CMakeFiles/turtlesim__rosidl_typesupport_fastrtps_cpp.dir/rosidl_typesupport_fastrtps_cpp/turtlesim/srv/detail/dds_fastrtps/teleport_relative__type_support.cpp.o[0m
[10.441s] [ 49%] [32mBuilding C object CMakeFiles/turtlesim__rosidl_typesupport_introspection_c.dir/rosidl_typesupport_introspection_c/turtlesim/action/detail/rotate_absolute__type_support.c.o[0m
[10.498s] [ 50%] [32mBuilding CXX object CMakeFiles/turtlesim__rosidl_typesupport_fastrtps_c.dir/rosidl_typesupport_fastrtps_c/turtlesim/srv/detail/teleport_relative__type_support_c.cpp.o[0m
[10.563s] [ 51%] [32mBuilding C object CMakeFiles/turtlesim__rosidl_typesupport_introspection_c.dir/rosidl_typesupport_introspection_c/turtlesim/msg/detail/color__type_support.c.o[0m
[10.662s] [ 52%] [32mBuilding C object CMakeFiles/turtlesim__rosidl_typesupport_introspection_c.dir/rosidl_typesupport_introspection_c/turtlesim/msg/detail/pose__type_support.c.o[0m
[10.742s] [ 53%] [32mBuilding C object CMakeFiles/turtlesim__rosidl_typesupport_introspection_c.dir/rosidl_typesupport_introspection_c/turtlesim/srv/detail/kill__type_support.c.o[0m
[10.885s] [ 54%] [32mBuilding C object CMakeFiles/turtlesim__rosidl_typesupport_introspection_c.dir/rosidl_typesupport_introspection_c/turtlesim/srv/detail/set_pen__type_support.c.o[0m
[10.975s] [ 55%] [32m[1mLinking CXX shared library libturtlesim__rosidl_typesupport_introspection_cpp.so[0m
[11.005s] [ 56%] [32mBuilding C object CMakeFiles/turtlesim__rosidl_typesupport_introspection_c.dir/rosidl_typesupport_introspection_c/turtlesim/srv/detail/spawn__type_support.c.o[0m
[11.075s] [ 57%] [32mBuilding C object CMakeFiles/turtlesim__rosidl_typesupport_introspection_c.dir/rosidl_typesupport_introspection_c/turtlesim/srv/detail/teleport_absolute__type_support.c.o[0m
[11.171s] [ 57%] Built target turtlesim__rosidl_typesupport_introspection_cpp
[11.176s] [ 58%] [32mBuilding C object CMakeFiles/turtlesim__rosidl_typesupport_introspection_c.dir/rosidl_typesupport_introspection_c/turtlesim/srv/detail/teleport_relative__type_support.c.o[0m
[11.196s] [ 59%] [34m[1mGenerating C type support dispatch for ROS interfaces[0m
[11.218s] [ 60%] [32m[1mLinking CXX shared library libturtlesim__rosidl_typesupport_fastrtps_cpp.so[0m
[11.257s] [ 61%] [32m[1mLinking C shared library libturtlesim__rosidl_typesupport_introspection_c.so[0m
[11.332s] [ 62%] [32m[1mLinking CXX shared library libturtlesim__rosidl_typesupport_fastrtps_c.so[0m
[11.399s] [ 62%] Built target turtlesim__rosidl_typesupport_introspection_c
[11.448s] [ 63%] [34m[1mGenerating include/turtlesim/moc_turtle_frame.cpp[0m
[11.502s] [ 63%] Built target turtlesim__rosidl_typesupport_fastrtps_cpp
[11.613s] [ 64%] [32mBuilding CXX object CMakeFiles/turtle_teleop_key.dir/tutorials/teleop_turtle_key.cpp.o[0m
[11.675s] [ 64%] Built target turtlesim__rosidl_typesupport_fastrtps_c
[11.784s] [ 65%] [32mBuilding CXX object CMakeFiles/draw_square.dir/tutorials/draw_square.cpp.o[0m
[11.960s] [ 66%] [32mBuilding CXX object CMakeFiles/turtlesim_node.dir/src/turtlesim.cpp.o[0m
[12.419s] [ 67%] [32mBuilding CXX object CMakeFiles/turtlesim__rosidl_typesupport_c.dir/rosidl_typesupport_c/turtlesim/action/rotate_absolute__type_support.cpp.o[0m
[12.539s] [ 68%] [32mBuilding CXX object CMakeFiles/turtlesim__rosidl_typesupport_c.dir/rosidl_typesupport_c/turtlesim/msg/color__type_support.cpp.o[0m
[12.685s] [ 69%] [32mBuilding CXX object CMakeFiles/turtlesim__rosidl_typesupport_c.dir/rosidl_typesupport_c/turtlesim/msg/pose__type_support.cpp.o[0m
[12.850s] [ 70%] [32mBuilding CXX object CMakeFiles/turtlesim__rosidl_typesupport_c.dir/rosidl_typesupport_c/turtlesim/srv/kill__type_support.cpp.o[0m
[12.983s] [ 71%] [32mBuilding CXX object CMakeFiles/turtlesim__rosidl_typesupport_c.dir/rosidl_typesupport_c/turtlesim/srv/set_pen__type_support.cpp.o[0m
[13.118s] [ 72%] [32mBuilding CXX object CMakeFiles/turtlesim__rosidl_typesupport_c.dir/rosidl_typesupport_c/turtlesim/srv/spawn__type_support.cpp.o[0m
[13.292s] [ 73%] [32mBuilding CXX object CMakeFiles/turtlesim__rosidl_typesupport_c.dir/rosidl_typesupport_c/turtlesim/srv/teleport_absolute__type_support.cpp.o[0m
[13.495s] [ 74%] [32mBuilding CXX object CMakeFiles/turtlesim__rosidl_typesupport_c.dir/rosidl_typesupport_c/turtlesim/srv/teleport_relative__type_support.cpp.o[0m
[13.558s] [ 75%] [32m[1mLinking CXX shared library libturtlesim__rosidl_typesupport_c.so[0m
[13.759s] [ 75%] Built target turtlesim__rosidl_typesupport_c
[13.873s] [ 76%] [32mBuilding CXX object CMakeFiles/mimic.dir/tutorials/mimic.cpp.o[0m
[22.099s] [ 77%] [32mBuilding CXX object CMakeFiles/turtlesim_node.dir/src/turtle.cpp.o[0m
[27.365s] [ 78%] [32m[1mLinking CXX executable turtle_teleop_key[0m
[28.272s] [ 78%] Built target turtle_teleop_key
[28.337s] [ 78%] Built target turtlesim
[28.404s] [ 79%] [34m[1mGenerating Python code for ROS interfaces[0m
[32.648s] [ 79%] Built target turtlesim__py
[32.703s] [ 80%] [32mBuilding C object CMakeFiles/turtlesim__rosidl_generator_py.dir/rosidl_generator_py/turtlesim/action/_rotate_absolute_s.c.o[0m
[33.256s] [ 81%] [32mBuilding C object CMakeFiles/turtlesim__rosidl_generator_py.dir/rosidl_generator_py/turtlesim/msg/_color_s.c.o[0m
[33.369s] [ 82%] [32m[1mLinking CXX executable mimic[0m
[33.462s] [ 83%] [32mBuilding C object CMakeFiles/turtlesim__rosidl_generator_py.dir/rosidl_generator_py/turtlesim/msg/_pose_s.c.o[0m
[33.630s] [ 84%] [32mBuilding C object CMakeFiles/turtlesim__rosidl_generator_py.dir/rosidl_generator_py/turtlesim/srv/_kill_s.c.o[0m
[33.802s] [ 85%] [32mBuilding C object CMakeFiles/turtlesim__rosidl_generator_py.dir/rosidl_generator_py/turtlesim/srv/_set_pen_s.c.o[0m
[33.977s] [ 86%] [32mBuilding C object CMakeFiles/turtlesim__rosidl_generator_py.dir/rosidl_generator_py/turtlesim/srv/_spawn_s.c.o[0m
[34.146s] [ 86%] Built target mimic
[34.164s] [ 87%] [32mBuilding C object CMakeFiles/turtlesim__rosidl_generator_py.dir/rosidl_generator_py/turtlesim/srv/_teleport_absolute_s.c.o[0m
[34.315s] [ 88%] [32mBuilding C object CMakeFiles/turtlesim__rosidl_generator_py.dir/rosidl_generator_py/turtlesim/srv/_teleport_relative_s.c.o[0m
[34.331s] [ 89%] [32mBuilding CXX object CMakeFiles/turtlesim_node.dir/src/turtle_frame.cpp.o[0m
[34.790s] [ 90%] [32m[1mLinking C shared library rosidl_generator_py/turtlesim/libturtlesim__rosidl_generator_py.so[0m
[35.003s] [ 90%] Built target turtlesim__rosidl_generator_py
[35.043s] [ 91%] [32mBuilding CXX object CMakeFiles/turtlesim_node.dir/include/turtlesim/moc_turtle_frame.cpp.o[0m
[35.603s] [ 92%] [32m[1mLinking CXX executable draw_square[0m
[36.419s] [ 92%] Built target draw_square
[37.491s] [ 93%] [32mBuilding C object CMakeFiles/turtlesim__rosidl_typesupport_fastrtps_c__pyext.dir/rosidl_generator_py/turtlesim/_turtlesim_s.ep.rosidl_typesupport_fastrtps_c.c.o[0m
[37.805s] [ 94%] [32m[1mLinking C shared library rosidl_generator_py/turtlesim/turtlesim_s__rosidl_typesupport_fastrtps_c.cpython-310-x86_64-linux-gnu.so[0m
[37.892s] [ 94%] Built target turtlesim__rosidl_typesupport_fastrtps_c__pyext
[37.974s] [ 95%] [32mBuilding C object CMakeFiles/turtlesim__rosidl_typesupport_introspection_c__pyext.dir/rosidl_generator_py/turtlesim/_turtlesim_s.ep.rosidl_typesupport_introspection_c.c.o[0m
[38.300s] [ 96%] [32m[1mLinking C shared library rosidl_generator_py/turtlesim/turtlesim_s__rosidl_typesupport_introspection_c.cpython-310-x86_64-linux-gnu.so[0m
[38.421s] [ 96%] Built target turtlesim__rosidl_typesupport_introspection_c__pyext
[38.479s] [ 97%] [32mBuilding C object CMakeFiles/turtlesim__rosidl_typesupport_c__pyext.dir/rosidl_generator_py/turtlesim/_turtlesim_s.ep.rosidl_typesupport_c.c.o[0m
[38.816s] [ 98%] [32m[1mLinking C shared library rosidl_generator_py/turtlesim/turtlesim_s__rosidl_typesupport_c.cpython-310-x86_64-linux-gnu.so[0m
[39.245s] [ 98%] Built target turtlesim__rosidl_typesupport_c__pyext
[50.248s] [100%] [32m[1mLinking CXX executable turtlesim_node[0m
[52.600s] [100%] Built target turtlesim_node
[52.825s] Invoked command in '/home/ryanlin12/CSCE452_project2/build/turtlesim' returned '0': CMAKE_PREFIX_PATH=/opt/ros/humble /usr/bin/cmake --build /home/ryanlin12/CSCE452_project2/build/turtlesim -- -j4 -l4
[53.703s] Invoking command in '/home/ryanlin12/CSCE452_project2/build/turtlesim': CMAKE_PREFIX_PATH=/opt/ros/humble /usr/bin/cmake --install /home/ryanlin12/CSCE452_project2/build/turtlesim
[53.723s] -- Install configuration: ""
[53.724s] -- Installing: /home/ryanlin12/CSCE452_project2/install/turtlesim/share/ament_index/resource_index/rosidl_interfaces/turtlesim
[53.727s] -- Installing: /home/ryanlin12/CSCE452_project2/install/turtlesim/include/turtlesim/turtlesim
[53.727s] -- Installing: /home/ryanlin12/CSCE452_project2/install/turtlesim/include/turtlesim/turtlesim/srv
[53.727s] -- Installing: /home/ryanlin12/CSCE452_project2/install/turtlesim/include/turtlesim/turtlesim/srv/detail
[53.727s] -- Installing: /home/ryanlin12/CSCE452_project2/install/turtlesim/include/turtlesim/turtlesim/srv/detail/teleport_relative__type_support.h
[53.727s] -- Installing: /home/ryanlin12/CSCE452_project2/install/turtlesim/include/turtlesim/turtlesim/srv/detail/teleport_absolute__functions.c
[53.727s] -- Installing: /home/ryanlin12/CSCE452_project2/install/turtlesim/include/turtlesim/turtlesim/srv/detail/teleport_absolute__type_support.h
[53.727s] -- Installing: /home/ryanlin12/CSCE452_project2/install/turtlesim/include/turtlesim/turtlesim/srv/detail/set_pen__struct.h
[53.727s] -- Installing: /home/ryanlin12/CSCE452_project2/install/turtlesim/include/turtlesim/turtlesim/srv/detail/teleport_absolute__functions.h
[53.727s] -- Installing: /home/ryanlin12/CSCE452_project2/install/turtlesim/include/turtlesim/turtlesim/srv/detail/kill__functions.h
[53.727s] -- Installing: /home/ryanlin12/CSCE452_project2/install/turtlesim/include/turtlesim/turtlesim/srv/detail/set_pen__type_support.h
[53.728s] -- Installing: /home/ryanlin12/CSCE452_project2/install/turtlesim/include/turtlesim/turtlesim/srv/detail/teleport_absolute__struct.h
[53.728s] -- Installing: /home/ryanlin12/CSCE452_project2/install/turtlesim/include/turtlesim/turtlesim/srv/detail/kill__struct.h
[53.728s] -- Installing: /home/ryanlin12/CSCE452_project2/install/turtlesim/include/turtlesim/turtlesim/srv/detail/teleport_relative__functions.h
[53.728s] -- Installing: /home/ryanlin12/CSCE452_project2/install/turtlesim/include/turtlesim/turtlesim/srv/detail/kill__functions.c
[53.728s] -- Installing: /home/ryanlin12/CSCE452_project2/install/turtlesim/include/turtlesim/turtlesim/srv/detail/kill__type_support.h
[53.728s] -- Installing: /home/ryanlin12/CSCE452_project2/install/turtlesim/include/turtlesim/turtlesim/srv/detail/spawn__struct.h
[53.728s] -- Installing: /home/ryanlin12/CSCE452_project2/install/turtlesim/include/turtlesim/turtlesim/srv/detail/spawn__functions.h
[53.728s] -- Installing: /home/ryanlin12/CSCE452_project2/install/turtlesim/include/turtlesim/turtlesim/srv/detail/teleport_relative__struct.h
[53.728s] -- Installing: /home/ryanlin12/CSCE452_project2/install/turtlesim/include/turtlesim/turtlesim/srv/detail/spawn__functions.c
[53.728s] -- Installing: /home/ryanlin12/CSCE452_project2/install/turtlesim/include/turtlesim/turtlesim/srv/detail/teleport_relative__functions.c
[53.728s] -- Installing: /home/ryanlin12/CSCE452_project2/install/turtlesim/include/turtlesim/turtlesim/srv/detail/set_pen__functions.c
[53.728s] -- Installing: /home/ryanlin12/CSCE452_project2/install/turtlesim/include/turtlesim/turtlesim/srv/detail/set_pen__functions.h
[53.729s] -- Installing: /home/ryanlin12/CSCE452_project2/install/turtlesim/include/turtlesim/turtlesim/srv/detail/spawn__type_support.h
[53.729s] -- Installing: /home/ryanlin12/CSCE452_project2/install/turtlesim/include/turtlesim/turtlesim/srv/teleport_relative.h
[53.730s] -- Installing: /home/ryanlin12/CSCE452_project2/install/turtlesim/include/turtlesim/turtlesim/srv/spawn.h
[53.732s] -- Installing: /home/ryanlin12/CSCE452_project2/install/turtlesim/include/turtlesim/turtlesim/srv/kill.h
[53.732s] -- Installing: /home/ryanlin12/CSCE452_project2/install/turtlesim/include/turtlesim/turtlesim/srv/set_pen.h
[53.732s] -- Installing: /home/ryanlin12/CSCE452_project2/install/turtlesim/include/turtlesim/turtlesim/srv/teleport_absolute.h
[53.742s] -- Installing: /home/ryanlin12/CSCE452_project2/install/turtlesim/include/turtlesim/turtlesim/action
[53.742s] -- Installing: /home/ryanlin12/CSCE452_project2/install/turtlesim/include/turtlesim/turtlesim/action/detail
[53.742s] -- Installing: /home/ryanlin12/CSCE452_project2/install/turtlesim/include/turtlesim/turtlesim/action/detail/rotate_absolute__functions.h
[53.742s] -- Installing: /home/ryanlin12/CSCE452_project2/install/turtlesim/include/turtlesim/turtlesim/action/detail/rotate_absolute__type_support.h
[53.743s] -- Installing: /home/ryanlin12/CSCE452_project2/install/turtlesim/include/turtlesim/turtlesim/action/detail/rotate_absolute__functions.c
[53.744s] -- Installing: /home/ryanlin12/CSCE452_project2/install/turtlesim/include/turtlesim/turtlesim/action/detail/rotate_absolute__struct.h
[53.744s] -- Installing: /home/ryanlin12/CSCE452_project2/install/turtlesim/include/turtlesim/turtlesim/action/rotate_absolute.h
[53.745s] -- Installing: /home/ryanlin12/CSCE452_project2/install/turtlesim/include/turtlesim/turtlesim/msg
[53.745s] -- Installing: /home/ryanlin12/CSCE452_project2/install/turtlesim/include/turtlesim/turtlesim/msg/color.h
[53.746s] -- Installing: /home/ryanlin12/CSCE452_project2/install/turtlesim/include/turtlesim/turtlesim/msg/detail
[53.746s] -- Installing: /home/ryanlin12/CSCE452_project2/install/turtlesim/include/turtlesim/turtlesim/msg/detail/color__functions.c
[53.747s] -- Installing: /home/ryanlin12/CSCE452_project2/install/turtlesim/include/turtlesim/turtlesim/msg/detail/color__functions.h
[53.747s] -- Installing: /home/ryanlin12/CSCE452_project2/install/turtlesim/include/turtlesim/turtlesim/msg/detail/color__type_support.h
[53.747s] -- Installing: /home/ryanlin12/CSCE452_project2/install/turtlesim/include/turtlesim/turtlesim/msg/detail/pose__struct.h
[53.747s] -- Installing: /home/ryanlin12/CSCE452_project2/install/turtlesim/include/turtlesim/turtlesim/msg/detail/pose__functions.h
[53.747s] -- Installing: /home/ryanlin12/CSCE452_project2/install/turtlesim/include/turtlesim/turtlesim/msg/detail/color__struct.h
[53.747s] -- Installing: /home/ryanlin12/CSCE452_project2/install/turtlesim/include/turtlesim/turtlesim/msg/detail/pose__functions.c
[53.748s] -- Installing: /home/ryanlin12/CSCE452_project2/install/turtlesim/include/turtlesim/turtlesim/msg/detail/pose__type_support.h
[53.748s] -- Installing: /home/ryanlin12/CSCE452_project2/install/turtlesim/include/turtlesim/turtlesim/msg/rosidl_generator_c__visibility_control.h
[53.748s] -- Installing: /home/ryanlin12/CSCE452_project2/install/turtlesim/include/turtlesim/turtlesim/msg/pose.h
[53.751s] -- Installing: /home/ryanlin12/CSCE452_project2/install/turtlesim/share/turtlesim/environment/library_path.sh
[53.753s] -- Installing: /home/ryanlin12/CSCE452_project2/install/turtlesim/share/turtlesim/environment/library_path.dsv
[53.754s] -- Installing: /home/ryanlin12/CSCE452_project2/install/turtlesim/lib/libturtlesim__rosidl_generator_c.so
[53.754s] -- Set runtime path of "/home/ryanlin12/CSCE452_project2/install/turtlesim/lib/libturtlesim__rosidl_generator_c.so" to ""
[53.754s] -- Up-to-date: /home/ryanlin12/CSCE452_project2/install/turtlesim/include/turtlesim/turtlesim
[53.755s] -- Up-to-date: /home/ryanlin12/CSCE452_project2/install/turtlesim/include/turtlesim/turtlesim/srv
[53.756s] -- Up-to-date: /home/ryanlin12/CSCE452_project2/install/turtlesim/include/turtlesim/turtlesim/srv/detail
[53.757s] -- Installing: /home/ryanlin12/CSCE452_project2/install/turtlesim/include/turtlesim/turtlesim/srv/detail/teleport_relative__rosidl_typesupport_fastrtps_c.h
[53.757s] -- Installing: /home/ryanlin12/CSCE452_project2/install/turtlesim/include/turtlesim/turtlesim/srv/detail/kill__rosidl_typesupport_fastrtps_c.h
[53.758s] -- Installing: /home/ryanlin12/CSCE452_project2/install/turtlesim/include/turtlesim/turtlesim/srv/detail/spawn__rosidl_typesupport_fastrtps_c.h
[53.759s] -- Installing: /home/ryanlin12/CSCE452_project2/install/turtlesim/include/turtlesim/turtlesim/srv/detail/set_pen__rosidl_typesupport_fastrtps_c.h
[53.760s] -- Installing: /home/ryanlin12/CSCE452_project2/install/turtlesim/include/turtlesim/turtlesim/srv/detail/teleport_absolute__rosidl_typesupport_fastrtps_c.h
[53.761s] -- Up-to-date: /home/ryanlin12/CSCE452_project2/install/turtlesim/include/turtlesim/turtlesim/action
[53.761s] -- Up-to-date: /home/ryanlin12/CSCE452_project2/install/turtlesim/include/turtlesim/turtlesim/action/detail
[53.762s] -- Installing: /home/ryanlin12/CSCE452_project2/install/turtlesim/include/turtlesim/turtlesim/action/detail/rotate_absolute__rosidl_typesupport_fastrtps_c.h
[53.763s] -- Up-to-date: /home/ryanlin12/CSCE452_project2/install/turtlesim/include/turtlesim/turtlesim/msg
[53.764s] -- Up-to-date: /home/ryanlin12/CSCE452_project2/install/turtlesim/include/turtlesim/turtlesim/msg/detail
[53.765s] -- Installing: /home/ryanlin12/CSCE452_project2/install/turtlesim/include/turtlesim/turtlesim/msg/detail/color__rosidl_typesupport_fastrtps_c.h
[53.766s] -- Installing: /home/ryanlin12/CSCE452_project2/install/turtlesim/include/turtlesim/turtlesim/msg/detail/pose__rosidl_typesupport_fastrtps_c.h
[53.766s] -- Installing: /home/ryanlin12/CSCE452_project2/install/turtlesim/include/turtlesim/turtlesim/msg/rosidl_typesupport_fastrtps_c__visibility_control.h
[53.767s] -- Installing: /home/ryanlin12/CSCE452_project2/install/turtlesim/lib/libturtlesim__rosidl_typesupport_fastrtps_c.so
[53.768s] -- Set runtime path of "/home/ryanlin12/CSCE452_project2/install/turtlesim/lib/libturtlesim__rosidl_typesupport_fastrtps_c.so" to ""
[53.769s] -- Up-to-date: /home/ryanlin12/CSCE452_project2/install/turtlesim/include/turtlesim/turtlesim
[53.769s] -- Up-to-date: /home/ryanlin12/CSCE452_project2/install/turtlesim/include/turtlesim/turtlesim/srv
[53.769s] -- Installing: /home/ryanlin12/CSCE452_project2/install/turtlesim/include/turtlesim/turtlesim/srv/teleport_absolute.hpp
[53.769s] -- Up-to-date: /home/ryanlin12/CSCE452_project2/install/turtlesim/include/turtlesim/turtlesim/srv/detail
[53.769s] -- Installing: /home/ryanlin12/CSCE452_project2/install/turtlesim/include/turtlesim/turtlesim/srv/detail/teleport_absolute__traits.hpp
[53.769s] -- Installing: /home/ryanlin12/CSCE452_project2/install/turtlesim/include/turtlesim/turtlesim/srv/detail/kill__struct.hpp
[53.770s] -- Installing: /home/ryanlin12/CSCE452_project2/install/turtlesim/include/turtlesim/turtlesim/srv/detail/spawn__struct.hpp
[53.770s] -- Installing: /home/ryanlin12/CSCE452_project2/install/turtlesim/include/turtlesim/turtlesim/srv/detail/teleport_relative__builder.hpp
[53.770s] -- Installing: /home/ryanlin12/CSCE452_project2/install/turtlesim/include/turtlesim/turtlesim/srv/detail/set_pen__struct.hpp
[53.770s] -- Installing: /home/ryanlin12/CSCE452_project2/install/turtlesim/include/turtlesim/turtlesim/srv/detail/teleport_absolute__struct.hpp
[53.770s] -- Installing: /home/ryanlin12/CSCE452_project2/install/turtlesim/include/turtlesim/turtlesim/srv/detail/kill__traits.hpp
[53.771s] -- Installing: /home/ryanlin12/CSCE452_project2/install/turtlesim/include/turtlesim/turtlesim/srv/detail/set_pen__builder.hpp
[53.771s] -- Installing: /home/ryanlin12/CSCE452_project2/install/turtlesim/include/turtlesim/turtlesim/srv/detail/set_pen__traits.hpp
[53.771s] -- Installing: /home/ryanlin12/CSCE452_project2/install/turtlesim/include/turtlesim/turtlesim/srv/detail/spawn__traits.hpp
[53.772s] -- Installing: /home/ryanlin12/CSCE452_project2/install/turtlesim/include/turtlesim/turtlesim/srv/detail/teleport_absolute__builder.hpp
[53.772s] -- Installing: /home/ryanlin12/CSCE452_project2/install/turtlesim/include/turtlesim/turtlesim/srv/detail/spawn__builder.hpp
[53.772s] -- Installing: /home/ryanlin12/CSCE452_project2/install/turtlesim/include/turtlesim/turtlesim/srv/detail/teleport_relative__struct.hpp
[53.772s] -- Installing: /home/ryanlin12/CSCE452_project2/install/turtlesim/include/turtlesim/turtlesim/srv/detail/kill__builder.hpp
[53.772s] -- Installing: /home/ryanlin12/CSCE452_project2/install/turtlesim/include/turtlesim/turtlesim/srv/detail/teleport_relative__traits.hpp
[53.772s] -- Installing: /home/ryanlin12/CSCE452_project2/install/turtlesim/include/turtlesim/turtlesim/srv/set_pen.hpp
[53.772s] -- Installing: /home/ryanlin12/CSCE452_project2/install/turtlesim/include/turtlesim/turtlesim/srv/teleport_relative.hpp
[53.772s] -- Installing: /home/ryanlin12/CSCE452_project2/install/turtlesim/include/turtlesim/turtlesim/srv/kill.hpp
[53.772s] -- Installing: /home/ryanlin12/CSCE452_project2/install/turtlesim/include/turtlesim/turtlesim/srv/spawn.hpp
[53.772s] -- Up-to-date: /home/ryanlin12/CSCE452_project2/install/turtlesim/include/turtlesim/turtlesim/action
[53.773s] -- Up-to-date: /home/ryanlin12/CSCE452_project2/install/turtlesim/include/turtlesim/turtlesim/action/detail
[53.773s] -- Installing: /home/ryanlin12/CSCE452_project2/install/turtlesim/include/turtlesim/turtlesim/action/detail/rotate_absolute__traits.hpp
[53.773s] -- Installing: /home/ryanlin12/CSCE452_project2/install/turtlesim/include/turtlesim/turtlesim/action/detail/rotate_absolute__struct.hpp
[53.773s] -- Installing: /home/ryanlin12/CSCE452_project2/install/turtlesim/include/turtlesim/turtlesim/action/detail/rotate_absolute__builder.hpp
[53.773s] -- Installing: /home/ryanlin12/CSCE452_project2/install/turtlesim/include/turtlesim/turtlesim/action/rotate_absolute.hpp
[53.773s] -- Up-to-date: /home/ryanlin12/CSCE452_project2/install/turtlesim/include/turtlesim/turtlesim/msg
[53.773s] -- Up-to-date: /home/ryanlin12/CSCE452_project2/install/turtlesim/include/turtlesim/turtlesim/msg/detail
[53.773s] -- Installing: /home/ryanlin12/CSCE452_project2/install/turtlesim/include/turtlesim/turtlesim/msg/detail/color__traits.hpp
[53.773s] -- Installing: /home/ryanlin12/CSCE452_project2/install/turtlesim/include/turtlesim/turtlesim/msg/detail/color__struct.hpp
[53.773s] -- Installing: /home/ryanlin12/CSCE452_project2/install/turtlesim/include/turtlesim/turtlesim/msg/detail/pose__builder.hpp
[53.773s] -- Installing: /home/ryanlin12/CSCE452_project2/install/turtlesim/include/turtlesim/turtlesim/msg/detail/color__builder.hpp
[53.773s] -- Installing: /home/ryanlin12/CSCE452_project2/install/turtlesim/include/turtlesim/turtlesim/msg/detail/pose__struct.hpp
[53.773s] -- Installing: /home/ryanlin12/CSCE452_project2/install/turtlesim/include/turtlesim/turtlesim/msg/detail/pose__traits.hpp
[53.773s] -- Installing: /home/ryanlin12/CSCE452_project2/install/turtlesim/include/turtlesim/turtlesim/msg/pose.hpp
[53.774s] -- Installing: /home/ryanlin12/CSCE452_project2/install/turtlesim/include/turtlesim/turtlesim/msg/color.hpp
[53.774s] -- Up-to-date: /home/ryanlin12/CSCE452_project2/install/turtlesim/include/turtlesim/turtlesim
[53.775s] -- Up-to-date: /home/ryanlin12/CSCE452_project2/install/turtlesim/include/turtlesim/turtlesim/srv
[53.776s] -- Up-to-date: /home/ryanlin12/CSCE452_project2/install/turtlesim/include/turtlesim/turtlesim/srv/detail
[53.777s] -- Installing: /home/ryanlin12/CSCE452_project2/install/turtlesim/include/turtlesim/turtlesim/srv/detail/kill__rosidl_typesupport_fastrtps_cpp.hpp
[53.778s] -- Installing: /home/ryanlin12/CSCE452_project2/install/turtlesim/include/turtlesim/turtlesim/srv/detail/dds_fastrtps
[53.779s] -- Installing: /home/ryanlin12/CSCE452_project2/install/turtlesim/include/turtlesim/turtlesim/srv/detail/teleport_absolute__rosidl_typesupport_fastrtps_cpp.hpp
[53.780s] -- Installing: /home/ryanlin12/CSCE452_project2/install/turtlesim/include/turtlesim/turtlesim/srv/detail/teleport_relative__rosidl_typesupport_fastrtps_cpp.hpp
[53.780s] -- Installing: /home/ryanlin12/CSCE452_project2/install/turtlesim/include/turtlesim/turtlesim/srv/detail/set_pen__rosidl_typesupport_fastrtps_cpp.hpp
[53.781s] -- Installing: /home/ryanlin12/CSCE452_project2/install/turtlesim/include/turtlesim/turtlesim/srv/detail/spawn__rosidl_typesupport_fastrtps_cpp.hpp
[53.782s] -- Up-to-date: /home/ryanlin12/CSCE452_project2/install/turtlesim/include/turtlesim/turtlesim/action
[53.783s] -- Up-to-date: /home/ryanlin12/CSCE452_project2/install/turtlesim/include/turtlesim/turtlesim/action/detail
[53.784s] -- Installing: /home/ryanlin12/CSCE452_project2/install/turtlesim/include/turtlesim/turtlesim/action/detail/dds_fastrtps
[53.784s] -- Installing: /home/ryanlin12/CSCE452_project2/install/turtlesim/include/turtlesim/turtlesim/action/detail/rotate_absolute__rosidl_typesupport_fastrtps_cpp.hpp
[53.786s] -- Up-to-date: /home/ryanlin12/CSCE452_project2/install/turtlesim/include/turtlesim/turtlesim/msg
[53.786s] -- Up-to-date: /home/ryanlin12/CSCE452_project2/install/turtlesim/include/turtlesim/turtlesim/msg/detail
[53.787s] -- Installing: /home/ryanlin12/CSCE452_project2/install/turtlesim/include/turtlesim/turtlesim/msg/detail/pose__rosidl_typesupport_fastrtps_cpp.hpp
[53.788s] -- Installing: /home/ryanlin12/CSCE452_project2/install/turtlesim/include/turtlesim/turtlesim/msg/detail/dds_fastrtps
[53.788s] -- Installing: /home/ryanlin12/CSCE452_project2/install/turtlesim/include/turtlesim/turtlesim/msg/detail/color__rosidl_typesupport_fastrtps_cpp.hpp
[53.789s] -- Installing: /home/ryanlin12/CSCE452_project2/install/turtlesim/include/turtlesim/turtlesim/msg/rosidl_typesupport_fastrtps_cpp__visibility_control.h
[53.790s] -- Installing: /home/ryanlin12/CSCE452_project2/install/turtlesim/lib/libturtlesim__rosidl_typesupport_fastrtps_cpp.so
[53.794s] -- Set runtime path of "/home/ryanlin12/CSCE452_project2/install/turtlesim/lib/libturtlesim__rosidl_typesupport_fastrtps_cpp.so" to ""
[53.794s] -- Up-to-date: /home/ryanlin12/CSCE452_project2/install/turtlesim/include/turtlesim/turtlesim
[53.795s] -- Up-to-date: /home/ryanlin12/CSCE452_project2/install/turtlesim/include/turtlesim/turtlesim/srv
[53.796s] -- Up-to-date: /home/ryanlin12/CSCE452_project2/install/turtlesim/include/turtlesim/turtlesim/srv/detail
[53.797s] -- Installing: /home/ryanlin12/CSCE452_project2/install/turtlesim/include/turtlesim/turtlesim/srv/detail/kill__type_support.c
[53.798s] -- Installing: /home/ryanlin12/CSCE452_project2/install/turtlesim/include/turtlesim/turtlesim/srv/detail/spawn__rosidl_typesupport_introspection_c.h
[53.802s] -- Installing: /home/ryanlin12/CSCE452_project2/install/turtlesim/include/turtlesim/turtlesim/srv/detail/teleport_absolute__rosidl_typesupport_introspection_c.h
[53.803s] -- Installing: /home/ryanlin12/CSCE452_project2/install/turtlesim/include/turtlesim/turtlesim/srv/detail/teleport_relative__type_support.c
[53.803s] -- Installing: /home/ryanlin12/CSCE452_project2/install/turtlesim/include/turtlesim/turtlesim/srv/detail/spawn__type_support.c
[53.804s] -- Installing: /home/ryanlin12/CSCE452_project2/install/turtlesim/include/turtlesim/turtlesim/srv/detail/set_pen__type_support.c
[53.805s] -- Installing: /home/ryanlin12/CSCE452_project2/install/turtlesim/include/turtlesim/turtlesim/srv/detail/set_pen__rosidl_typesupport_introspection_c.h
[53.806s] -- Installing: /home/ryanlin12/CSCE452_project2/install/turtlesim/include/turtlesim/turtlesim/srv/detail/kill__rosidl_typesupport_introspection_c.h
[53.807s] -- Installing: /home/ryanlin12/CSCE452_project2/install/turtlesim/include/turtlesim/turtlesim/srv/detail/teleport_relative__rosidl_typesupport_introspection_c.h
[53.808s] -- Installing: /home/ryanlin12/CSCE452_project2/install/turtlesim/include/turtlesim/turtlesim/srv/detail/teleport_absolute__type_support.c
[53.809s] -- Up-to-date: /home/ryanlin12/CSCE452_project2/install/turtlesim/include/turtlesim/turtlesim/action
[53.810s] -- Up-to-date: /home/ryanlin12/CSCE452_project2/install/turtlesim/include/turtlesim/turtlesim/action/detail
[53.810s] -- Installing: /home/ryanlin12/CSCE452_project2/install/turtlesim/include/turtlesim/turtlesim/action/detail/rotate_absolute__type_support.c
[53.812s] -- Installing: /home/ryanlin12/CSCE452_project2/install/turtlesim/include/turtlesim/turtlesim/action/detail/rotate_absolute__rosidl_typesupport_introspection_c.h
[53.813s] -- Up-to-date: /home/ryanlin12/CSCE452_project2/install/turtlesim/include/turtlesim/turtlesim/msg
[53.814s] -- Installing: /home/ryanlin12/CSCE452_project2/install/turtlesim/include/turtlesim/turtlesim/msg/rosidl_typesupport_introspection_c__visibility_control.h
[53.814s] -- Up-to-date: /home/ryanlin12/CSCE452_project2/install/turtlesim/include/turtlesim/turtlesim/msg/detail
[53.815s] -- Installing: /home/ryanlin12/CSCE452_project2/install/turtlesim/include/turtlesim/turtlesim/msg/detail/color__type_support.c
[53.816s] -- Installing: /home/ryanlin12/CSCE452_project2/install/turtlesim/include/turtlesim/turtlesim/msg/detail/pose__type_support.c
[53.817s] -- Installing: /home/ryanlin12/CSCE452_project2/install/turtlesim/include/turtlesim/turtlesim/msg/detail/color__rosidl_typesupport_introspection_c.h
[53.818s] -- Installing: /home/ryanlin12/CSCE452_project2/install/turtlesim/include/turtlesim/turtlesim/msg/detail/pose__rosidl_typesupport_introspection_c.h
[53.819s] -- Installing: /home/ryanlin12/CSCE452_project2/install/turtlesim/lib/libturtlesim__rosidl_typesupport_introspection_c.so
[53.819s] -- Set runtime path of "/home/ryanlin12/CSCE452_project2/install/turtlesim/lib/libturtlesim__rosidl_typesupport_introspection_c.so" to ""
[53.820s] -- Installing: /home/ryanlin12/CSCE452_project2/install/turtlesim/lib/libturtlesim__rosidl_typesupport_c.so
[53.820s] -- Set runtime path of "/home/ryanlin12/CSCE452_project2/install/turtlesim/lib/libturtlesim__rosidl_typesupport_c.so" to ""
[53.821s] -- Up-to-date: /home/ryanlin12/CSCE452_project2/install/turtlesim/include/turtlesim/turtlesim
[53.822s] -- Up-to-date: /home/ryanlin12/CSCE452_project2/install/turtlesim/include/turtlesim/turtlesim/srv
[53.823s] -- Up-to-date: /home/ryanlin12/CSCE452_project2/install/turtlesim/include/turtlesim/turtlesim/srv/detail
[53.823s] -- Installing: /home/ryanlin12/CSCE452_project2/install/turtlesim/include/turtlesim/turtlesim/srv/detail/teleport_relative__rosidl_typesupport_introspection_cpp.hpp
[53.824s] -- Installing: /home/ryanlin12/CSCE452_project2/install/turtlesim/include/turtlesim/turtlesim/srv/detail/spawn__rosidl_typesupport_introspection_cpp.hpp
[53.825s] -- Installing: /home/ryanlin12/CSCE452_project2/install/turtlesim/include/turtlesim/turtlesim/srv/detail/set_pen__type_support.cpp
[53.826s] -- Installing: /home/ryanlin12/CSCE452_project2/install/turtlesim/include/turtlesim/turtlesim/srv/detail/set_pen__rosidl_typesupport_introspection_cpp.hpp
[53.827s] -- Installing: /home/ryanlin12/CSCE452_project2/install/turtlesim/include/turtlesim/turtlesim/srv/detail/kill__rosidl_typesupport_introspection_cpp.hpp
[53.827s] -- Installing: /home/ryanlin12/CSCE452_project2/install/turtlesim/include/turtlesim/turtlesim/srv/detail/teleport_relative__type_support.cpp
[53.828s] -- Installing: /home/ryanlin12/CSCE452_project2/install/turtlesim/include/turtlesim/turtlesim/srv/detail/kill__type_support.cpp
[53.829s] -- Installing: /home/ryanlin12/CSCE452_project2/install/turtlesim/include/turtlesim/turtlesim/srv/detail/spawn__type_support.cpp
[53.830s] -- Installing: /home/ryanlin12/CSCE452_project2/install/turtlesim/include/turtlesim/turtlesim/srv/detail/teleport_absolute__rosidl_typesupport_introspection_cpp.hpp
[53.831s] -- Installing: /home/ryanlin12/CSCE452_project2/install/turtlesim/include/turtlesim/turtlesim/srv/detail/teleport_absolute__type_support.cpp
[53.832s] -- Up-to-date: /home/ryanlin12/CSCE452_project2/install/turtlesim/include/turtlesim/turtlesim/action
[53.833s] -- Up-to-date: /home/ryanlin12/CSCE452_project2/install/turtlesim/include/turtlesim/turtlesim/action/detail
[53.833s] -- Installing: /home/ryanlin12/CSCE452_project2/install/turtlesim/include/turtlesim/turtlesim/action/detail/rotate_absolute__rosidl_typesupport_introspection_cpp.hpp
[53.834s] -- Installing: /home/ryanlin12/CSCE452_project2/install/turtlesim/include/turtlesim/turtlesim/action/detail/rotate_absolute__type_support.cpp
[53.836s] -- Up-to-date: /home/ryanlin12/CSCE452_project2/install/turtlesim/include/turtlesim/turtlesim/msg
[53.837s] -- Up-to-date: /home/ryanlin12/CSCE452_project2/install/turtlesim/include/turtlesim/turtlesim/msg/detail
[53.837s] -- Installing: /home/ryanlin12/CSCE452_project2/install/turtlesim/include/turtlesim/turtlesim/msg/detail/color__type_support.cpp
[53.838s] -- Installing: /home/ryanlin12/CSCE452_project2/install/turtlesim/include/turtlesim/turtlesim/msg/detail/pose__type_support.cpp
[53.839s] -- Installing: /home/ryanlin12/CSCE452_project2/install/turtlesim/include/turtlesim/turtlesim/msg/detail/color__rosidl_typesupport_introspection_cpp.hpp
[53.840s] -- Installing: /home/ryanlin12/CSCE452_project2/install/turtlesim/include/turtlesim/turtlesim/msg/detail/pose__rosidl_typesupport_introspection_cpp.hpp
[53.841s] -- Installing: /home/ryanlin12/CSCE452_project2/install/turtlesim/lib/libturtlesim__rosidl_typesupport_introspection_cpp.so
[53.843s] -- Set runtime path of "/home/ryanlin12/CSCE452_project2/install/turtlesim/lib/libturtlesim__rosidl_typesupport_introspection_cpp.so" to ""
[53.843s] -- Installing: /home/ryanlin12/CSCE452_project2/install/turtlesim/lib/libturtlesim__rosidl_typesupport_cpp.so
[53.845s] -- Set runtime path of "/home/ryanlin12/CSCE452_project2/install/turtlesim/lib/libturtlesim__rosidl_typesupport_cpp.so" to ""
[53.845s] -- Installing: /home/ryanlin12/CSCE452_project2/install/turtlesim/share/turtlesim/environment/pythonpath.sh
[53.846s] -- Installing: /home/ryanlin12/CSCE452_project2/install/turtlesim/share/turtlesim/environment/pythonpath.dsv
[53.849s] -- Installing: /home/ryanlin12/CSCE452_project2/install/turtlesim/local/lib/python3.10/dist-packages/turtlesim-1.4.1-py3.10.egg-info
[53.850s] -- Installing: /home/ryanlin12/CSCE452_project2/install/turtlesim/local/lib/python3.10/dist-packages/turtlesim-1.4.1-py3.10.egg-info/SOURCES.txt
[53.851s] -- Installing: /home/ryanlin12/CSCE452_project2/install/turtlesim/local/lib/python3.10/dist-packages/turtlesim-1.4.1-py3.10.egg-info/top_level.txt
[53.853s] -- Installing: /home/ryanlin12/CSCE452_project2/install/turtlesim/local/lib/python3.10/dist-packages/turtlesim-1.4.1-py3.10.egg-info/PKG-INFO
[53.854s] -- Installing: /home/ryanlin12/CSCE452_project2/install/turtlesim/local/lib/python3.10/dist-packages/turtlesim-1.4.1-py3.10.egg-info/dependency_links.txt
[53.856s] -- Installing: /home/ryanlin12/CSCE452_project2/install/turtlesim/local/lib/python3.10/dist-packages/turtlesim
[53.857s] -- Installing: /home/ryanlin12/CSCE452_project2/install/turtlesim/local/lib/python3.10/dist-packages/turtlesim/srv
[53.857s] -- Installing: /home/ryanlin12/CSCE452_project2/install/turtlesim/local/lib/python3.10/dist-packages/turtlesim/srv/_set_pen.py
[53.857s] -- Installing: /home/ryanlin12/CSCE452_project2/install/turtlesim/local/lib/python3.10/dist-packages/turtlesim/srv/_teleport_relative_s.c
[53.858s] -- Installing: /home/ryanlin12/CSCE452_project2/install/turtlesim/local/lib/python3.10/dist-packages/turtlesim/srv/_teleport_absolute.py
[53.858s] -- Installing: /home/ryanlin12/CSCE452_project2/install/turtlesim/local/lib/python3.10/dist-packages/turtlesim/srv/_teleport_absolute_s.c
[53.858s] -- Installing: /home/ryanlin12/CSCE452_project2/install/turtlesim/local/lib/python3.10/dist-packages/turtlesim/srv/_teleport_relative.py
[53.858s] -- Installing: /home/ryanlin12/CSCE452_project2/install/turtlesim/local/lib/python3.10/dist-packages/turtlesim/srv/_set_pen_s.c
[53.858s] -- Installing: /home/ryanlin12/CSCE452_project2/install/turtlesim/local/lib/python3.10/dist-packages/turtlesim/srv/_kill.py
[53.858s] -- Installing: /home/ryanlin12/CSCE452_project2/install/turtlesim/local/lib/python3.10/dist-packages/turtlesim/srv/_kill_s.c
[53.858s] -- Installing: /home/ryanlin12/CSCE452_project2/install/turtlesim/local/lib/python3.10/dist-packages/turtlesim/srv/_spawn_s.c
[53.858s] -- Installing: /home/ryanlin12/CSCE452_project2/install/turtlesim/local/lib/python3.10/dist-packages/turtlesim/srv/_spawn.py
[53.859s] -- Installing: /home/ryanlin12/CSCE452_project2/install/turtlesim/local/lib/python3.10/dist-packages/turtlesim/srv/__init__.py
[53.859s] -- Installing: /home/ryanlin12/CSCE452_project2/install/turtlesim/local/lib/python3.10/dist-packages/turtlesim/action
[53.860s] -- Installing: /home/ryanlin12/CSCE452_project2/install/turtlesim/local/lib/python3.10/dist-packages/turtlesim/action/_rotate_absolute.py
[53.860s] -- Installing: /home/ryanlin12/CSCE452_project2/install/turtlesim/local/lib/python3.10/dist-packages/turtlesim/action/__init__.py
[53.860s] -- Installing: /home/ryanlin12/CSCE452_project2/install/turtlesim/local/lib/python3.10/dist-packages/turtlesim/action/_rotate_absolute_s.c
[53.860s] -- Installing: /home/ryanlin12/CSCE452_project2/install/turtlesim/local/lib/python3.10/dist-packages/turtlesim/turtlesim_s__rosidl_typesupport_fastrtps_c.cpython-310-x86_64-linux-gnu.so
[53.860s] -- Installing: /home/ryanlin12/CSCE452_project2/install/turtlesim/local/lib/python3.10/dist-packages/turtlesim/_turtlesim_s.ep.rosidl_typesupport_fastrtps_c.c
[53.860s] -- Installing: /home/ryanlin12/CSCE452_project2/install/turtlesim/local/lib/python3.10/dist-packages/turtlesim/turtlesim_s__rosidl_typesupport_c.cpython-310-x86_64-linux-gnu.so
[53.860s] -- Installing: /home/ryanlin12/CSCE452_project2/install/turtlesim/local/lib/python3.10/dist-packages/turtlesim/_turtlesim_s.ep.rosidl_typesupport_introspection_c.c
[53.860s] -- Installing: /home/ryanlin12/CSCE452_project2/install/turtlesim/local/lib/python3.10/dist-packages/turtlesim/msg
[53.860s] -- Installing: /home/ryanlin12/CSCE452_project2/install/turtlesim/local/lib/python3.10/dist-packages/turtlesim/msg/_color.py
[53.860s] -- Installing: /home/ryanlin12/CSCE452_project2/install/turtlesim/local/lib/python3.10/dist-packages/turtlesim/msg/_color_s.c
[53.860s] -- Installing: /home/ryanlin12/CSCE452_project2/install/turtlesim/local/lib/python3.10/dist-packages/turtlesim/msg/_pose.py
[53.860s] -- Installing: /home/ryanlin12/CSCE452_project2/install/turtlesim/local/lib/python3.10/dist-packages/turtlesim/msg/__init__.py
[53.861s] -- Installing: /home/ryanlin12/CSCE452_project2/install/turtlesim/local/lib/python3.10/dist-packages/turtlesim/msg/_pose_s.c
[53.861s] -- Installing: /home/ryanlin12/CSCE452_project2/install/turtlesim/local/lib/python3.10/dist-packages/turtlesim/_turtlesim_s.ep.rosidl_typesupport_c.c
[53.861s] -- Installing: /home/ryanlin12/CSCE452_project2/install/turtlesim/local/lib/python3.10/dist-packages/turtlesim/__init__.py
[53.861s] -- Installing: /home/ryanlin12/CSCE452_project2/install/turtlesim/local/lib/python3.10/dist-packages/turtlesim/turtlesim_s__rosidl_typesupport_introspection_c.cpython-310-x86_64-linux-gnu.so
[53.861s] -- Installing: /home/ryanlin12/CSCE452_project2/install/turtlesim/local/lib/python3.10/dist-packages/turtlesim/libturtlesim__rosidl_generator_py.so
[53.917s] Listing '/home/ryanlin12/CSCE452_project2/install/turtlesim/local/lib/python3.10/dist-packages/turtlesim'...
[53.917s] Compiling '/home/ryanlin12/CSCE452_project2/install/turtlesim/local/lib/python3.10/dist-packages/turtlesim/__init__.py'...
[53.917s] Listing '/home/ryanlin12/CSCE452_project2/install/turtlesim/local/lib/python3.10/dist-packages/turtlesim/action'...
[53.917s] Compiling '/home/ryanlin12/CSCE452_project2/install/turtlesim/local/lib/python3.10/dist-packages/turtlesim/action/__init__.py'...
[53.917s] Compiling '/home/ryanlin12/CSCE452_project2/install/turtlesim/local/lib/python3.10/dist-packages/turtlesim/action/_rotate_absolute.py'...
[53.917s] Listing '/home/ryanlin12/CSCE452_project2/install/turtlesim/local/lib/python3.10/dist-packages/turtlesim/msg'...
[53.917s] Compiling '/home/ryanlin12/CSCE452_project2/install/turtlesim/local/lib/python3.10/dist-packages/turtlesim/msg/__init__.py'...
[53.917s] Compiling '/home/ryanlin12/CSCE452_project2/install/turtlesim/local/lib/python3.10/dist-packages/turtlesim/msg/_color.py'...
[53.918s] Compiling '/home/ryanlin12/CSCE452_project2/install/turtlesim/local/lib/python3.10/dist-packages/turtlesim/msg/_pose.py'...
[53.918s] Listing '/home/ryanlin12/CSCE452_project2/install/turtlesim/local/lib/python3.10/dist-packages/turtlesim/srv'...
[53.918s] Compiling '/home/ryanlin12/CSCE452_project2/install/turtlesim/local/lib/python3.10/dist-packages/turtlesim/srv/__init__.py'...
[53.918s] Compiling '/home/ryanlin12/CSCE452_project2/install/turtlesim/local/lib/python3.10/dist-packages/turtlesim/srv/_kill.py'...
[53.918s] Compiling '/home/ryanlin12/CSCE452_project2/install/turtlesim/local/lib/python3.10/dist-packages/turtlesim/srv/_set_pen.py'...
[53.918s] Compiling '/home/ryanlin12/CSCE452_project2/install/turtlesim/local/lib/python3.10/dist-packages/turtlesim/srv/_spawn.py'...
[53.918s] Compiling '/home/ryanlin12/CSCE452_project2/install/turtlesim/local/lib/python3.10/dist-packages/turtlesim/srv/_teleport_absolute.py'...
[53.918s] Compiling '/home/ryanlin12/CSCE452_project2/install/turtlesim/local/lib/python3.10/dist-packages/turtlesim/srv/_teleport_relative.py'...
[53.922s] -- Installing: /home/ryanlin12/CSCE452_project2/install/turtlesim/local/lib/python3.10/dist-packages/turtlesim/turtlesim_s__rosidl_typesupport_fastrtps_c.cpython-310-x86_64-linux-gnu.so
[53.923s] -- Set runtime path of "/home/ryanlin12/CSCE452_project2/install/turtlesim/local/lib/python3.10/dist-packages/turtlesim/turtlesim_s__rosidl_typesupport_fastrtps_c.cpython-310-x86_64-linux-gnu.so" to ""
[53.923s] -- Installing: /home/ryanlin12/CSCE452_project2/install/turtlesim/local/lib/python3.10/dist-packages/turtlesim/turtlesim_s__rosidl_typesupport_introspection_c.cpython-310-x86_64-linux-gnu.so
[53.923s] -- Set runtime path of "/home/ryanlin12/CSCE452_project2/install/turtlesim/local/lib/python3.10/dist-packages/turtlesim/turtlesim_s__rosidl_typesupport_introspection_c.cpython-310-x86_64-linux-gnu.so" to ""
[53.923s] -- Installing: /home/ryanlin12/CSCE452_project2/install/turtlesim/local/lib/python3.10/dist-packages/turtlesim/turtlesim_s__rosidl_typesupport_c.cpython-310-x86_64-linux-gnu.so
[53.923s] -- Set runtime path of "/home/ryanlin12/CSCE452_project2/install/turtlesim/local/lib/python3.10/dist-packages/turtlesim/turtlesim_s__rosidl_typesupport_c.cpython-310-x86_64-linux-gnu.so" to ""
[53.924s] -- Installing: /home/ryanlin12/CSCE452_project2/install/turtlesim/lib/libturtlesim__rosidl_generator_py.so
[53.929s] -- Set runtime path of "/home/ryanlin12/CSCE452_project2/install/turtlesim/lib/libturtlesim__rosidl_generator_py.so" to ""
[53.929s] -- Installing: /home/ryanlin12/CSCE452_project2/install/turtlesim/share/turtlesim/action/RotateAbsolute.idl
[53.930s] -- Installing: /home/ryanlin12/CSCE452_project2/install/turtlesim/share/turtlesim/msg/Color.idl
[53.930s] -- Installing: /home/ryanlin12/CSCE452_project2/install/turtlesim/share/turtlesim/msg/Pose.idl
[53.930s] -- Installing: /home/ryanlin12/CSCE452_project2/install/turtlesim/share/turtlesim/srv/Kill.idl
[53.930s] -- Installing: /home/ryanlin12/CSCE452_project2/install/turtlesim/share/turtlesim/srv/SetPen.idl
[53.931s] -- Installing: /home/ryanlin12/CSCE452_project2/install/turtlesim/share/turtlesim/srv/Spawn.idl
[53.931s] -- Installing: /home/ryanlin12/CSCE452_project2/install/turtlesim/share/turtlesim/srv/TeleportAbsolute.idl
[53.931s] -- Installing: /home/ryanlin12/CSCE452_project2/install/turtlesim/share/turtlesim/srv/TeleportRelative.idl
[53.931s] -- Installing: /home/ryanlin12/CSCE452_project2/install/turtlesim/share/turtlesim/action/RotateAbsolute.action
[53.931s] -- Installing: /home/ryanlin12/CSCE452_project2/install/turtlesim/share/turtlesim/msg/Color.msg
[53.932s] -- Installing: /home/ryanlin12/CSCE452_project2/install/turtlesim/share/turtlesim/msg/Pose.msg
[53.933s] -- Installing: /home/ryanlin12/CSCE452_project2/install/turtlesim/share/turtlesim/srv/Kill.srv
[53.934s] -- Installing: /home/ryanlin12/CSCE452_project2/install/turtlesim/share/turtlesim/srv/Kill_Request.msg
[53.936s] -- Installing: /home/ryanlin12/CSCE452_project2/install/turtlesim/share/turtlesim/srv/Kill_Response.msg
[53.936s] -- Installing: /home/ryanlin12/CSCE452_project2/install/turtlesim/share/turtlesim/srv/SetPen.srv
[53.936s] -- Installing: /home/ryanlin12/CSCE452_project2/install/turtlesim/share/turtlesim/srv/SetPen_Request.msg
[53.937s] -- Installing: /home/ryanlin12/CSCE452_project2/install/turtlesim/share/turtlesim/srv/SetPen_Response.msg
[53.938s] -- Installing: /home/ryanlin12/CSCE452_project2/install/turtlesim/share/turtlesim/srv/Spawn.srv
[53.939s] -- Installing: /home/ryanlin12/CSCE452_project2/install/turtlesim/share/turtlesim/srv/Spawn_Request.msg
[53.940s] -- Installing: /home/ryanlin12/CSCE452_project2/install/turtlesim/share/turtlesim/srv/Spawn_Response.msg
[53.941s] -- Installing: /home/ryanlin12/CSCE452_project2/install/turtlesim/share/turtlesim/srv/TeleportAbsolute.srv
[53.942s] -- Installing: /home/ryanlin12/CSCE452_project2/install/turtlesim/share/turtlesim/srv/TeleportAbsolute_Request.msg
[53.942s] -- Installing: /home/ryanlin12/CSCE452_project2/install/turtlesim/share/turtlesim/srv/TeleportAbsolute_Response.msg
[53.944s] -- Installing: /home/ryanlin12/CSCE452_project2/install/turtlesim/share/turtlesim/srv/TeleportRelative.srv
[53.945s] -- Installing: /home/ryanlin12/CSCE452_project2/install/turtlesim/share/turtlesim/srv/TeleportRelative_Request.msg
[53.946s] -- Installing: /home/ryanlin12/CSCE452_project2/install/turtlesim/share/turtlesim/srv/TeleportRelative_Response.msg
[53.948s] -- Installing: /home/ryanlin12/CSCE452_project2/install/turtlesim/lib/turtlesim/turtlesim_node
[53.955s] -- Set runtime path of "/home/ryanlin12/CSCE452_project2/install/turtlesim/lib/turtlesim/turtlesim_node" to ""
[53.955s] -- Installing: /home/ryanlin12/CSCE452_project2/install/turtlesim/lib/turtlesim/turtle_teleop_key
[53.956s] -- Set runtime path of "/home/ryanlin12/CSCE452_project2/install/turtlesim/lib/turtlesim/turtle_teleop_key" to ""
[53.956s] -- Installing: /home/ryanlin12/CSCE452_project2/install/turtlesim/lib/turtlesim/draw_square
[53.960s] -- Set runtime path of "/home/ryanlin12/CSCE452_project2/install/turtlesim/lib/turtlesim/draw_square" to ""
[53.960s] -- Installing: /home/ryanlin12/CSCE452_project2/install/turtlesim/lib/turtlesim/mimic
[53.964s] -- Set runtime path of "/home/ryanlin12/CSCE452_project2/install/turtlesim/lib/turtlesim/mimic" to ""
[53.964s] -- Installing: /home/ryanlin12/CSCE452_project2/install/turtlesim/share/turtlesim/images
[53.966s] -- Installing: /home/ryanlin12/CSCE452_project2/install/turtlesim/share/turtlesim/images/galactic.png
[53.967s] -- Installing: /home/ryanlin12/CSCE452_project2/install/turtlesim/share/turtlesim/images/rolling.png
[53.968s] -- Installing: /home/ryanlin12/CSCE452_project2/install/turtlesim/share/turtlesim/images/bouncy.png
[53.969s] -- Installing: /home/ryanlin12/CSCE452_project2/install/turtlesim/share/turtlesim/images/foxy.png
[53.971s] -- Installing: /home/ryanlin12/CSCE452_project2/install/turtlesim/share/turtlesim/images/ardent.png
[53.972s] -- Installing: /home/ryanlin12/CSCE452_project2/install/turtlesim/share/turtlesim/images/humble.png
[53.973s] -- Installing: /home/ryanlin12/CSCE452_project2/install/turtlesim/share/turtlesim/images/crystal.png
[53.974s] -- Installing: /home/ryanlin12/CSCE452_project2/install/turtlesim/share/turtlesim/images/dashing.png
[53.976s] -- Installing: /home/ryanlin12/CSCE452_project2/install/turtlesim/share/turtlesim/images/eloquent.png
[53.977s] -- Installing: /home/ryanlin12/CSCE452_project2/install/turtlesim/share/turtlesim/launch
[53.979s] -- Installing: /home/ryanlin12/CSCE452_project2/install/turtlesim/share/turtlesim/launch/multisim.launch.py
[53.982s] -- Installing: /home/ryanlin12/CSCE452_project2/install/turtlesim/share/ament_index/resource_index/package_run_dependencies/turtlesim
[53.984s] -- Installing: /home/ryanlin12/CSCE452_project2/install/turtlesim/share/ament_index/resource_index/parent_prefix_path/turtlesim
[53.990s] -- Installing: /home/ryanlin12/CSCE452_project2/install/turtlesim/share/turtlesim/environment/ament_prefix_path.sh
[53.991s] -- Installing: /home/ryanlin12/CSCE452_project2/install/turtlesim/share/turtlesim/environment/ament_prefix_path.dsv
[53.992s] -- Installing: /home/ryanlin12/CSCE452_project2/install/turtlesim/share/turtlesim/environment/path.sh
[53.994s] -- Installing: /home/ryanlin12/CSCE452_project2/install/turtlesim/share/turtlesim/environment/path.dsv
[53.996s] -- Installing: /home/ryanlin12/CSCE452_project2/install/turtlesim/share/turtlesim/local_setup.bash
[53.997s] -- Installing: /home/ryanlin12/CSCE452_project2/install/turtlesim/share/turtlesim/local_setup.sh
[53.999s] -- Installing: /home/ryanlin12/CSCE452_project2/install/turtlesim/share/turtlesim/local_setup.zsh
[54.000s] -- Installing: /home/ryanlin12/CSCE452_project2/install/turtlesim/share/turtlesim/local_setup.dsv
[54.002s] -- Installing: /home/ryanlin12/CSCE452_project2/install/turtlesim/share/turtlesim/package.dsv
[54.004s] -- Installing: /home/ryanlin12/CSCE452_project2/install/turtlesim/share/ament_index/resource_index/packages/turtlesim
[54.008s] -- Installing: /home/ryanlin12/CSCE452_project2/install/turtlesim/share/turtlesim/cmake/export_turtlesim__rosidl_generator_cExport.cmake
[54.010s] -- Installing: /home/ryanlin12/CSCE452_project2/install/turtlesim/share/turtlesim/cmake/export_turtlesim__rosidl_generator_cExport-noconfig.cmake
[54.011s] -- Installing: /home/ryanlin12/CSCE452_project2/install/turtlesim/share/turtlesim/cmake/export_turtlesim__rosidl_typesupport_fastrtps_cExport.cmake
[54.013s] -- Installing: /home/ryanlin12/CSCE452_project2/install/turtlesim/share/turtlesim/cmake/export_turtlesim__rosidl_typesupport_fastrtps_cExport-noconfig.cmake
[54.014s] -- Installing: /home/ryanlin12/CSCE452_project2/install/turtlesim/share/turtlesim/cmake/export_turtlesim__rosidl_generator_cppExport.cmake
[54.015s] -- Installing: /home/ryanlin12/CSCE452_project2/install/turtlesim/share/turtlesim/cmake/export_turtlesim__rosidl_typesupport_fastrtps_cppExport.cmake
[54.017s] -- Installing: /home/ryanlin12/CSCE452_project2/install/turtlesim/share/turtlesim/cmake/export_turtlesim__rosidl_typesupport_fastrtps_cppExport-noconfig.cmake
[54.018s] -- Installing: /home/ryanlin12/CSCE452_project2/install/turtlesim/share/turtlesim/cmake/turtlesim__rosidl_typesupport_introspection_cExport.cmake
[54.019s] -- Installing: /home/ryanlin12/CSCE452_project2/install/turtlesim/share/turtlesim/cmake/turtlesim__rosidl_typesupport_introspection_cExport-noconfig.cmake
[54.021s] -- Installing: /home/ryanlin12/CSCE452_project2/install/turtlesim/share/turtlesim/cmake/turtlesim__rosidl_typesupport_cExport.cmake
[54.022s] -- Installing: /home/ryanlin12/CSCE452_project2/install/turtlesim/share/turtlesim/cmake/turtlesim__rosidl_typesupport_cExport-noconfig.cmake
[54.023s] -- Installing: /home/ryanlin12/CSCE452_project2/install/turtlesim/share/turtlesim/cmake/turtlesim__rosidl_typesupport_introspection_cppExport.cmake
[54.024s] -- Installing: /home/ryanlin12/CSCE452_project2/install/turtlesim/share/turtlesim/cmake/turtlesim__rosidl_typesupport_introspection_cppExport-noconfig.cmake
[54.026s] -- Installing: /home/ryanlin12/CSCE452_project2/install/turtlesim/share/turtlesim/cmake/turtlesim__rosidl_typesupport_cppExport.cmake
[54.027s] -- Installing: /home/ryanlin12/CSCE452_project2/install/turtlesim/share/turtlesim/cmake/turtlesim__rosidl_typesupport_cppExport-noconfig.cmake
[54.028s] -- Installing: /home/ryanlin12/CSCE452_project2/install/turtlesim/share/turtlesim/cmake/export_turtlesim__rosidl_generator_pyExport.cmake
[54.030s] -- Installing: /home/ryanlin12/CSCE452_project2/install/turtlesim/share/turtlesim/cmake/export_turtlesim__rosidl_generator_pyExport-noconfig.cmake
[54.031s] -- Installing: /home/ryanlin12/CSCE452_project2/install/turtlesim/share/turtlesim/cmake/rosidl_cmake-extras.cmake
[54.033s] -- Installing: /home/ryanlin12/CSCE452_project2/install/turtlesim/share/turtlesim/cmake/ament_cmake_export_dependencies-extras.cmake
[54.035s] -- Installing: /home/ryanlin12/CSCE452_project2/install/turtlesim/share/turtlesim/cmake/ament_cmake_export_include_directories-extras.cmake
[54.037s] -- Installing: /home/ryanlin12/CSCE452_project2/install/turtlesim/share/turtlesim/cmake/ament_cmake_export_libraries-extras.cmake
[54.039s] -- Installing: /home/ryanlin12/CSCE452_project2/install/turtlesim/share/turtlesim/cmake/ament_cmake_export_targets-extras.cmake
[54.041s] -- Installing: /home/ryanlin12/CSCE452_project2/install/turtlesim/share/turtlesim/cmake/rosidl_cmake_export_typesupport_targets-extras.cmake
[54.042s] -- Installing: /home/ryanlin12/CSCE452_project2/install/turtlesim/share/turtlesim/cmake/rosidl_cmake_export_typesupport_libraries-extras.cmake
[54.044s] -- Installing: /home/ryanlin12/CSCE452_project2/install/turtlesim/share/turtlesim/cmake/turtlesimConfig.cmake
[54.045s] -- Installing: /home/ryanlin12/CSCE452_project2/install/turtlesim/share/turtlesim/cmake/turtlesimConfig-version.cmake
[54.049s] -- Installing: /home/ryanlin12/CSCE452_project2/install/turtlesim/share/turtlesim/package.xml
[54.071s] Invoked command in '/home/ryanlin12/CSCE452_project2/build/turtlesim' returned '0': CMAKE_PREFIX_PATH=/opt/ros/humble /usr/bin/cmake --install /home/ryanlin12/CSCE452_project2/build/turtlesim
