[0.501s] Invoking command in '/home/ryanlin12/CSCE452_project2/src/my_package': PYTHONPATH=/home/ryanlin12/CSCE452_project2/build/my_package/prefix_override:/home/ryanlin12/CSCE452_project2/install/my_package/lib/python3.10/site-packages:${PYTHONPATH} /usr/bin/python3 setup.py egg_info --egg-base ../../build/my_package build --build-base /home/ryanlin12/CSCE452_project2/build/my_package/build install --record /home/ryanlin12/CSCE452_project2/build/my_package/install.log --single-version-externally-managed
[0.705s] running egg_info
[0.706s] writing ../../build/my_package/my_package.egg-info/PKG-INFO
[0.707s] writing dependency_links to ../../build/my_package/my_package.egg-info/dependency_links.txt
[0.707s] writing entry points to ../../build/my_package/my_package.egg-info/entry_points.txt
[0.708s] writing requirements to ../../build/my_package/my_package.egg-info/requires.txt
[0.708s] writing top-level names to ../../build/my_package/my_package.egg-info/top_level.txt
[0.710s] reading manifest file '../../build/my_package/my_package.egg-info/SOURCES.txt'
[0.714s] writing manifest file '../../build/my_package/my_package.egg-info/SOURCES.txt'
[0.714s] running build
[0.715s] running build_py
[0.716s] copying my_package/realfinalattempt.py -> /home/ryanlin12/CSCE452_project2/build/my_package/build/lib/my_package
[0.716s] running install
[0.716s] running install_lib
[0.716s] /usr/lib/python3/dist-packages/setuptools/command/install.py:34: SetuptoolsDeprecationWarning: setup.py install is deprecated. Use build and pip and other standards-based tools.
[0.716s]   warnings.warn(
[0.718s] copying /home/ryanlin12/CSCE452_project2/build/my_package/build/lib/my_package/realfinalattempt.py -> /home/ryanlin12/CSCE452_project2/install/my_package/lib/python3.10/site-packages/my_package
[0.718s] byte-compiling /home/ryanlin12/CSCE452_project2/install/my_package/lib/python3.10/site-packages/my_package/final_attempt.py to final_attempt.cpython-310.pyc
[0.718s] byte-compiling /home/ryanlin12/CSCE452_project2/install/my_package/lib/python3.10/site-packages/my_package/realfinalattempt.py to realfinalattempt.cpython-310.pyc
[0.719s]   File "/home/ryanlin12/CSCE452_project2/install/my_package/lib/python3.10/site-packages/my_package/final_attempt.py", line 63
[0.719s]     // wrap g_goal.theta to [-pi, pi)
[0.719s]                                     ^
[0.719s] SyntaxError: closing parenthesis ')' does not match opening parenthesis '['
[0.719s] 
[0.719s] running install_data
[0.720s] running install_egg_info
[0.722s] removing '/home/ryanlin12/CSCE452_project2/install/my_package/lib/python3.10/site-packages/my_package-0.0.0-py3.10.egg-info' (and everything under it)
[0.728s] Copying ../../build/my_package/my_package.egg-info to /home/ryanlin12/CSCE452_project2/install/my_package/lib/python3.10/site-packages/my_package-0.0.0-py3.10.egg-info
[0.728s] running install_scripts
[0.746s] Installing a_mlogo script to /home/ryanlin12/CSCE452_project2/install/my_package/lib/my_package
[0.747s] Installing final script to /home/ryanlin12/CSCE452_project2/install/my_package/lib/my_package
[0.747s] Installing listener script to /home/ryanlin12/CSCE452_project2/install/my_package/lib/my_package
[0.748s] Installing my_node script to /home/ryanlin12/CSCE452_project2/install/my_package/lib/my_package
[0.749s] Installing talker script to /home/ryanlin12/CSCE452_project2/install/my_package/lib/my_package
[0.750s] writing list of installed files to '/home/ryanlin12/CSCE452_project2/build/my_package/install.log'
[0.771s] Invoked command in '/home/ryanlin12/CSCE452_project2/src/my_package' returned '0': PYTHONPATH=/home/ryanlin12/CSCE452_project2/build/my_package/prefix_override:/home/ryanlin12/CSCE452_project2/install/my_package/lib/python3.10/site-packages:${PYTHONPATH} /usr/bin/python3 setup.py egg_info --egg-base ../../build/my_package build --build-base /home/ryanlin12/CSCE452_project2/build/my_package/build install --record /home/ryanlin12/CSCE452_project2/build/my_package/install.log --single-version-externally-managed
