[1.266s] Invoking command in '/home/ryanlin12/CSCE452_project2/src/my_package': PYTHONPATH=/home/ryanlin12/CSCE452_project2/build/my_package/prefix_override:/home/ryanlin12/CSCE452_project2/install/my_package/lib/python3.10/site-packages:${PYTHONPATH} /usr/bin/python3 setup.py egg_info --egg-base ../../build/my_package build --build-base /home/ryanlin12/CSCE452_project2/build/my_package/build install --record /home/ryanlin12/CSCE452_project2/build/my_package/install.log --single-version-externally-managed
[1.721s] running egg_info
[1.731s] writing ../../build/my_package/my_package.egg-info/PKG-INFO
[1.738s] writing dependency_links to ../../build/my_package/my_package.egg-info/dependency_links.txt
[1.740s] writing entry points to ../../build/my_package/my_package.egg-info/entry_points.txt
[1.742s] writing requirements to ../../build/my_package/my_package.egg-info/requires.txt
[1.747s] writing top-level names to ../../build/my_package/my_package.egg-info/top_level.txt
[1.751s] reading manifest file '../../build/my_package/my_package.egg-info/SOURCES.txt'
[1.751s] writing manifest file '../../build/my_package/my_package.egg-info/SOURCES.txt'
[1.751s] running build
[1.751s] running build_py
[1.751s] copying my_package/a_mlogo.py -> /home/ryanlin12/CSCE452_project2/build/my_package/build/lib/my_package
[1.752s] running install
[1.753s] /usr/lib/python3/dist-packages/setuptools/command/install.py:34: SetuptoolsDeprecationWarning: setup.py install is deprecated. Use build and pip and other standards-based tools.
[1.753s]   warnings.warn(
[1.754s] running install_lib
[1.757s] copying /home/ryanlin12/CSCE452_project2/build/my_package/build/lib/my_package/a_mlogo.py -> /home/ryanlin12/CSCE452_project2/install/my_package/lib/python3.10/site-packages/my_package
[1.758s] byte-compiling /home/ryanlin12/CSCE452_project2/install/my_package/lib/python3.10/site-packages/my_package/a_mlogo.py to a_mlogo.cpython-310.pyc
[1.763s] running install_data
[1.766s] running install_egg_info
[1.769s] removing '/home/ryanlin12/CSCE452_project2/install/my_package/lib/python3.10/site-packages/my_package-0.0.0-py3.10.egg-info' (and everything under it)
[1.770s] Copying ../../build/my_package/my_package.egg-info to /home/ryanlin12/CSCE452_project2/install/my_package/lib/python3.10/site-packages/my_package-0.0.0-py3.10.egg-info
[1.772s] running install_scripts
[1.813s] Installing a_mlogo script to /home/ryanlin12/CSCE452_project2/install/my_package/lib/my_package
[1.813s] Installing listener script to /home/ryanlin12/CSCE452_project2/install/my_package/lib/my_package
[1.813s] Installing my_node script to /home/ryanlin12/CSCE452_project2/install/my_package/lib/my_package
[1.813s] Installing talker script to /home/ryanlin12/CSCE452_project2/install/my_package/lib/my_package
[1.821s] writing list of installed files to '/home/ryanlin12/CSCE452_project2/build/my_package/install.log'
[1.869s] Invoked command in '/home/ryanlin12/CSCE452_project2/src/my_package' returned '0': PYTHONPATH=/home/ryanlin12/CSCE452_project2/build/my_package/prefix_override:/home/ryanlin12/CSCE452_project2/install/my_package/lib/python3.10/site-packages:${PYTHONPATH} /usr/bin/python3 setup.py egg_info --egg-base ../../build/my_package build --build-base /home/ryanlin12/CSCE452_project2/build/my_package/build install --record /home/ryanlin12/CSCE452_project2/build/my_package/install.log --single-version-externally-managed
