[0.953s] Invoking command in '/home/ryanlin12/CSCE452_project2/src/my_package': PYTHONPATH=/home/ryanlin12/CSCE452_project2/build/my_package/prefix_override:/home/ryanlin12/CSCE452_project2/install/my_package/lib/python3.10/site-packages:${PYTHONPATH} /usr/bin/python3 setup.py egg_info --egg-base ../../build/my_package build --build-base /home/ryanlin12/CSCE452_project2/build/my_package/build install --record /home/ryanlin12/CSCE452_project2/build/my_package/install.log --single-version-externally-managed
[1.417s] running egg_info
[1.418s] writing ../../build/my_package/my_package.egg-info/PKG-INFO
[1.420s] writing dependency_links to ../../build/my_package/my_package.egg-info/dependency_links.txt
[1.420s] writing entry points to ../../build/my_package/my_package.egg-info/entry_points.txt
[1.421s] writing requirements to ../../build/my_package/my_package.egg-info/requires.txt
[1.421s] writing top-level names to ../../build/my_package/my_package.egg-info/top_level.txt
[1.432s] reading manifest file '../../build/my_package/my_package.egg-info/SOURCES.txt'
[1.434s] writing manifest file '../../build/my_package/my_package.egg-info/SOURCES.txt'
[1.436s] running build
[1.436s] running build_py
[1.436s] copying my_package/a_mlogo.py -> /home/ryanlin12/CSCE452_project2/build/my_package/build/lib/my_package
[1.439s] running install
[1.439s] /usr/lib/python3/dist-packages/setuptools/command/install.py:34: SetuptoolsDeprecationWarning: setup.py install is deprecated. Use build and pip and other standards-based tools.
[1.440s]   warnings.warn(
[1.440s] running install_lib
[1.442s] copying /home/ryanlin12/CSCE452_project2/build/my_package/build/lib/my_package/a_mlogo.py -> /home/ryanlin12/CSCE452_project2/install/my_package/lib/python3.10/site-packages/my_package
[1.444s] byte-compiling /home/ryanlin12/CSCE452_project2/install/my_package/lib/python3.10/site-packages/my_package/a_mlogo.py to a_mlogo.cpython-310.pyc
[1.448s] running install_data
[1.449s] running install_egg_info
[1.454s] removing '/home/ryanlin12/CSCE452_project2/install/my_package/lib/python3.10/site-packages/my_package-0.0.0-py3.10.egg-info' (and everything under it)
[1.456s] Copying ../../build/my_package/my_package.egg-info to /home/ryanlin12/CSCE452_project2/install/my_package/lib/python3.10/site-packages/my_package-0.0.0-py3.10.egg-info
[1.458s] running install_scripts
[1.507s] Installing a_mlogo script to /home/ryanlin12/CSCE452_project2/install/my_package/lib/my_package
[1.508s] Installing listener script to /home/ryanlin12/CSCE452_project2/install/my_package/lib/my_package
[1.508s] Installing my_node script to /home/ryanlin12/CSCE452_project2/install/my_package/lib/my_package
[1.508s] Installing talker script to /home/ryanlin12/CSCE452_project2/install/my_package/lib/my_package
[1.508s] writing list of installed files to '/home/ryanlin12/CSCE452_project2/build/my_package/install.log'
[1.554s] Invoked command in '/home/ryanlin12/CSCE452_project2/src/my_package' returned '0': PYTHONPATH=/home/ryanlin12/CSCE452_project2/build/my_package/prefix_override:/home/ryanlin12/CSCE452_project2/install/my_package/lib/python3.10/site-packages:${PYTHONPATH} /usr/bin/python3 setup.py egg_info --egg-base ../../build/my_package build --build-base /home/ryanlin12/CSCE452_project2/build/my_package/build install --record /home/ryanlin12/CSCE452_project2/build/my_package/install.log --single-version-externally-managed
