[1.058s] Invoking command in '/home/ryanlin12/CSCE452_project2/src/my_package': PYTHONPATH=/home/ryanlin12/CSCE452_project2/build/my_package/prefix_override:/home/ryanlin12/CSCE452_project2/install/my_package/lib/python3.10/site-packages:${PYTHONPATH} /usr/bin/python3 setup.py egg_info --egg-base ../../build/my_package build --build-base /home/ryanlin12/CSCE452_project2/build/my_package/build install --record /home/ryanlin12/CSCE452_project2/build/my_package/install.log --single-version-externally-managed
[1.523s] running egg_info
[1.526s] writing ../../build/my_package/my_package.egg-info/PKG-INFO
[1.529s] writing dependency_links to ../../build/my_package/my_package.egg-info/dependency_links.txt
[1.530s] writing entry points to ../../build/my_package/my_package.egg-info/entry_points.txt
[1.531s] writing requirements to ../../build/my_package/my_package.egg-info/requires.txt
[1.534s] writing top-level names to ../../build/my_package/my_package.egg-info/top_level.txt
[1.537s] reading manifest file '../../build/my_package/my_package.egg-info/SOURCES.txt'
[1.540s] writing manifest file '../../build/my_package/my_package.egg-info/SOURCES.txt'
[1.542s] running build
[1.542s] running build_py
[1.542s] copying my_package/a_mlogo.py -> /home/ryanlin12/CSCE452_project2/build/my_package/build/lib/my_package
[1.544s] running install
[1.544s] /usr/lib/python3/dist-packages/setuptools/command/install.py:34: SetuptoolsDeprecationWarning: setup.py install is deprecated. Use build and pip and other standards-based tools.
[1.545s]   warnings.warn(
[1.546s] running install_lib
[1.549s] copying /home/ryanlin12/CSCE452_project2/build/my_package/build/lib/my_package/a_mlogo.py -> /home/ryanlin12/CSCE452_project2/install/my_package/lib/python3.10/site-packages/my_package
[1.551s] byte-compiling /home/ryanlin12/CSCE452_project2/install/my_package/lib/python3.10/site-packages/my_package/a_mlogo.py to a_mlogo.cpython-310.pyc
[1.554s] running install_data
[1.556s] running install_egg_info
[1.559s] removing '/home/ryanlin12/CSCE452_project2/install/my_package/lib/python3.10/site-packages/my_package-0.0.0-py3.10.egg-info' (and everything under it)
[1.567s] Copying ../../build/my_package/my_package.egg-info to /home/ryanlin12/CSCE452_project2/install/my_package/lib/python3.10/site-packages/my_package-0.0.0-py3.10.egg-info
[1.569s] running install_scripts
[1.621s] Installing a_mlogo script to /home/ryanlin12/CSCE452_project2/install/my_package/lib/my_package
[1.621s] Installing listener script to /home/ryanlin12/CSCE452_project2/install/my_package/lib/my_package
[1.621s] Installing my_node script to /home/ryanlin12/CSCE452_project2/install/my_package/lib/my_package
[1.621s] Installing talker script to /home/ryanlin12/CSCE452_project2/install/my_package/lib/my_package
[1.621s] writing list of installed files to '/home/ryanlin12/CSCE452_project2/build/my_package/install.log'
[1.672s] Invoked command in '/home/ryanlin12/CSCE452_project2/src/my_package' returned '0': PYTHONPATH=/home/ryanlin12/CSCE452_project2/build/my_package/prefix_override:/home/ryanlin12/CSCE452_project2/install/my_package/lib/python3.10/site-packages:${PYTHONPATH} /usr/bin/python3 setup.py egg_info --egg-base ../../build/my_package build --build-base /home/ryanlin12/CSCE452_project2/build/my_package/build install --record /home/ryanlin12/CSCE452_project2/build/my_package/install.log --single-version-externally-managed
