[0.448s] Invoking command in '/home/ryanlin12/CSCE452_project2/src/my_package': PYTHONPATH=/home/ryanlin12/CSCE452_project2/build/my_package/prefix_override:/home/ryanlin12/CSCE452_project2/install/my_package/lib/python3.10/site-packages:${PYTHONPATH} /usr/bin/python3 setup.py egg_info --egg-base ../../build/my_package build --build-base /home/ryanlin12/CSCE452_project2/build/my_package/build install --record /home/ryanlin12/CSCE452_project2/build/my_package/install.log --single-version-externally-managed
[0.649s] running egg_info
[0.649s] writing ../../build/my_package/my_package.egg-info/PKG-INFO
[0.650s] writing dependency_links to ../../build/my_package/my_package.egg-info/dependency_links.txt
[0.652s] writing entry points to ../../build/my_package/my_package.egg-info/entry_points.txt
[0.652s] writing requirements to ../../build/my_package/my_package.egg-info/requires.txt
[0.652s] writing top-level names to ../../build/my_package/my_package.egg-info/top_level.txt
[0.655s] reading manifest file '../../build/my_package/my_package.egg-info/SOURCES.txt'
[0.656s] writing manifest file '../../build/my_package/my_package.egg-info/SOURCES.txt'
[0.658s] running build
[0.658s] running build_py
[0.658s] copying my_package/anotherGoodAttempt.py -> /home/ryanlin12/CSCE452_project2/build/my_package/build/lib/my_package
[0.659s] running install
[0.660s] running install_lib
[0.660s] /usr/lib/python3/dist-packages/setuptools/command/install.py:34: SetuptoolsDeprecationWarning: setup.py install is deprecated. Use build and pip and other standards-based tools.
[0.660s]   warnings.warn(
[0.660s] copying /home/ryanlin12/CSCE452_project2/build/my_package/build/lib/my_package/anotherGoodAttempt.py -> /home/ryanlin12/CSCE452_project2/install/my_package/lib/python3.10/site-packages/my_package
[0.661s] byte-compiling /home/ryanlin12/CSCE452_project2/install/my_package/lib/python3.10/site-packages/my_package/anotherGoodAttempt.py to anotherGoodAttempt.cpython-310.pyc
[0.664s] running install_data
[0.665s] running install_egg_info
[0.667s] removing '/home/ryanlin12/CSCE452_project2/install/my_package/lib/python3.10/site-packages/my_package-0.0.0-py3.10.egg-info' (and everything under it)
[0.667s] Copying ../../build/my_package/my_package.egg-info to /home/ryanlin12/CSCE452_project2/install/my_package/lib/python3.10/site-packages/my_package-0.0.0-py3.10.egg-info
[0.668s] running install_scripts
[0.694s] Installing a_mlogo script to /home/ryanlin12/CSCE452_project2/install/my_package/lib/my_package
[0.694s] Installing listener script to /home/ryanlin12/CSCE452_project2/install/my_package/lib/my_package
[0.696s] Installing my_node script to /home/ryanlin12/CSCE452_project2/install/my_package/lib/my_package
[0.697s] Installing talker script to /home/ryanlin12/CSCE452_project2/install/my_package/lib/my_package
[0.698s] writing list of installed files to '/home/ryanlin12/CSCE452_project2/build/my_package/install.log'
[0.737s] Invoked command in '/home/ryanlin12/CSCE452_project2/src/my_package' returned '0': PYTHONPATH=/home/ryanlin12/CSCE452_project2/build/my_package/prefix_override:/home/ryanlin12/CSCE452_project2/install/my_package/lib/python3.10/site-packages:${PYTHONPATH} /usr/bin/python3 setup.py egg_info --egg-base ../../build/my_package build --build-base /home/ryanlin12/CSCE452_project2/build/my_package/build install --record /home/ryanlin12/CSCE452_project2/build/my_package/install.log --single-version-externally-managed
