[2.227s] Invoking command in '/home/ryanlin12/CSCE452_project2/src/my_package': PYTHONPATH=/home/ryanlin12/CSCE452_project2/build/my_package/prefix_override:/home/ryanlin12/CSCE452_project2/install/my_package/lib/python3.10/site-packages:${PYTHONPATH} /usr/bin/python3 setup.py egg_info --egg-base ../../build/my_package build --build-base /home/ryanlin12/CSCE452_project2/build/my_package/build install --record /home/ryanlin12/CSCE452_project2/build/my_package/install.log --single-version-externally-managed
[2.904s] running egg_info
[2.906s] writing ../../build/my_package/my_package.egg-info/PKG-INFO
[2.911s] writing dependency_links to ../../build/my_package/my_package.egg-info/dependency_links.txt
[2.912s] writing entry points to ../../build/my_package/my_package.egg-info/entry_points.txt
[2.913s] writing requirements to ../../build/my_package/my_package.egg-info/requires.txt
[2.919s] writing top-level names to ../../build/my_package/my_package.egg-info/top_level.txt
[2.921s] reading manifest file '../../build/my_package/my_package.egg-info/SOURCES.txt'
[2.924s] writing manifest file '../../build/my_package/my_package.egg-info/SOURCES.txt'
[2.924s] running build
[2.925s] running build_py
[2.926s] copying my_package/a_mlogo.py -> /home/ryanlin12/CSCE452_project2/build/my_package/build/lib/my_package
[2.929s] running install
[2.929s] /usr/lib/python3/dist-packages/setuptools/command/install.py:34: SetuptoolsDeprecationWarning: setup.py install is deprecated. Use build and pip and other standards-based tools.
[2.929s]   warnings.warn(
[2.930s] running install_lib
[2.933s] copying /home/ryanlin12/CSCE452_project2/build/my_package/build/lib/my_package/a_mlogo.py -> /home/ryanlin12/CSCE452_project2/install/my_package/lib/python3.10/site-packages/my_package
[2.936s] byte-compiling /home/ryanlin12/CSCE452_project2/install/my_package/lib/python3.10/site-packages/my_package/a_mlogo.py to a_mlogo.cpython-310.pyc
[2.938s] running install_data
[2.940s] running install_egg_info
[2.945s] removing '/home/ryanlin12/CSCE452_project2/install/my_package/lib/python3.10/site-packages/my_package-0.0.0-py3.10.egg-info' (and everything under it)
[2.946s] Copying ../../build/my_package/my_package.egg-info to /home/ryanlin12/CSCE452_project2/install/my_package/lib/python3.10/site-packages/my_package-0.0.0-py3.10.egg-info
[2.948s] running install_scripts
[3.008s] Installing a_mlogo script to /home/ryanlin12/CSCE452_project2/install/my_package/lib/my_package
[3.010s] Installing listener script to /home/ryanlin12/CSCE452_project2/install/my_package/lib/my_package
[3.012s] Installing my_node script to /home/ryanlin12/CSCE452_project2/install/my_package/lib/my_package
[3.013s] Installing talker script to /home/ryanlin12/CSCE452_project2/install/my_package/lib/my_package
[3.016s] writing list of installed files to '/home/ryanlin12/CSCE452_project2/build/my_package/install.log'
[3.075s] Invoked command in '/home/ryanlin12/CSCE452_project2/src/my_package' returned '0': PYTHONPATH=/home/ryanlin12/CSCE452_project2/build/my_package/prefix_override:/home/ryanlin12/CSCE452_project2/install/my_package/lib/python3.10/site-packages:${PYTHONPATH} /usr/bin/python3 setup.py egg_info --egg-base ../../build/my_package build --build-base /home/ryanlin12/CSCE452_project2/build/my_package/build install --record /home/ryanlin12/CSCE452_project2/build/my_package/install.log --single-version-externally-managed
