[1.344s] DEBUG:colcon:Command line arguments: ['/usr/bin/colcon', 'build', '--packages-select', 'my_package']
[1.344s] DEBUG:colcon:Parsed command line arguments: Namespace(log_base=None, log_level=None, verb_name='build', build_base='build', install_base='install', merge_install=False, symlink_install=False, test_result_base=None, continue_on_error=False, executor='parallel', parallel_workers=4, event_handlers=None, ignore_user_meta=False, metas=['./colcon.meta'], base_paths=['.'], packages_ignore=None, packages_ignore_regex=None, paths=None, packages_up_to=None, packages_up_to_regex=None, packages_above=None, packages_above_and_dependencies=None, packages_above_depth=None, packages_select_by_dep=None, packages_skip_by_dep=None, packages_skip_up_to=None, packages_select_build_failed=False, packages_skip_build_finished=False, packages_select_test_failures=False, packages_skip_test_passed=False, packages_select=['my_package'], packages_skip=None, packages_select_regex=None, packages_skip_regex=None, packages_start=None, packages_end=None, allow_overriding=[], cmake_args=None, cmake_target=None, cmake_target_skip_unavailable=False, cmake_clean_cache=False, cmake_clean_first=False, cmake_force_configure=False, ament_cmake_args=None, catkin_cmake_args=None, catkin_skip_building_tests=False, verb_parser=<colcon_defaults.argument_parser.defaults.DefaultArgumentsDecorator object at 0x7f6f0d0ae290>, verb_extension=<colcon_core.verb.build.BuildVerb object at 0x7f6f0d8c7130>, main=<bound method BuildVerb.main of <colcon_core.verb.build.BuildVerb object at 0x7f6f0d8c7130>>)
[1.488s] Level 1:colcon.colcon_core.package_discovery:discover_packages(colcon_meta) check parameters
[1.488s] Level 1:colcon.colcon_core.package_discovery:discover_packages(recursive) check parameters
[1.488s] Level 1:colcon.colcon_core.package_discovery:discover_packages(ignore) check parameters
[1.488s] Level 1:colcon.colcon_core.package_discovery:discover_packages(path) check parameters
[1.488s] Level 1:colcon.colcon_core.package_discovery:discover_packages(colcon_meta) discover
[1.489s] Level 1:colcon.colcon_core.package_discovery:discover_packages(recursive) discover
[1.489s] INFO:colcon.colcon_core.package_discovery:Crawling recursively for packages in '/home/ryanlin12/CSCE452_project2'
[1.489s] Level 1:colcon.colcon_core.package_identification:_identify(.) by extensions ['ignore', 'ignore_ament_install']
[1.489s] Level 1:colcon.colcon_core.package_identification:_identify(.) by extension 'ignore'
[1.489s] Level 1:colcon.colcon_core.package_identification:_identify(.) by extension 'ignore_ament_install'
[1.489s] Level 1:colcon.colcon_core.package_identification:_identify(.) by extensions ['colcon_pkg']
[1.489s] Level 1:colcon.colcon_core.package_identification:_identify(.) by extension 'colcon_pkg'
[1.489s] Level 1:colcon.colcon_core.package_identification:_identify(.) by extensions ['colcon_meta']
[1.489s] Level 1:colcon.colcon_core.package_identification:_identify(.) by extension 'colcon_meta'
[1.489s] Level 1:colcon.colcon_core.package_identification:_identify(.) by extensions ['ros']
[1.489s] Level 1:colcon.colcon_core.package_identification:_identify(.) by extension 'ros'
[1.517s] Level 1:colcon.colcon_core.package_identification:_identify(.) by extensions ['cmake', 'python']
[1.517s] Level 1:colcon.colcon_core.package_identification:_identify(.) by extension 'cmake'
[1.517s] Level 1:colcon.colcon_core.package_identification:_identify(.) by extension 'python'
[1.517s] Level 1:colcon.colcon_core.package_identification:_identify(.) by extensions ['python_setup_py']
[1.517s] Level 1:colcon.colcon_core.package_identification:_identify(.) by extension 'python_setup_py'
[1.517s] Level 1:colcon.colcon_core.package_identification:_identify(build) by extensions ['ignore', 'ignore_ament_install']
[1.517s] Level 1:colcon.colcon_core.package_identification:_identify(build) by extension 'ignore'
[1.517s] Level 1:colcon.colcon_core.package_identification:_identify(build) ignored
[1.517s] Level 1:colcon.colcon_core.package_identification:_identify(install) by extensions ['ignore', 'ignore_ament_install']
[1.518s] Level 1:colcon.colcon_core.package_identification:_identify(install) by extension 'ignore'
[1.518s] Level 1:colcon.colcon_core.package_identification:_identify(install) ignored
[1.518s] Level 1:colcon.colcon_core.package_identification:_identify(log) by extensions ['ignore', 'ignore_ament_install']
[1.518s] Level 1:colcon.colcon_core.package_identification:_identify(log) by extension 'ignore'
[1.518s] Level 1:colcon.colcon_core.package_identification:_identify(log) ignored
[1.518s] Level 1:colcon.colcon_core.package_identification:_identify(src) by extensions ['ignore', 'ignore_ament_install']
[1.518s] Level 1:colcon.colcon_core.package_identification:_identify(src) by extension 'ignore'
[1.518s] Level 1:colcon.colcon_core.package_identification:_identify(src) by extension 'ignore_ament_install'
[1.519s] Level 1:colcon.colcon_core.package_identification:_identify(src) by extensions ['colcon_pkg']
[1.519s] Level 1:colcon.colcon_core.package_identification:_identify(src) by extension 'colcon_pkg'
[1.519s] Level 1:colcon.colcon_core.package_identification:_identify(src) by extensions ['colcon_meta']
[1.519s] Level 1:colcon.colcon_core.package_identification:_identify(src) by extension 'colcon_meta'
[1.519s] Level 1:colcon.colcon_core.package_identification:_identify(src) by extensions ['ros']
[1.519s] Level 1:colcon.colcon_core.package_identification:_identify(src) by extension 'ros'
[1.519s] Level 1:colcon.colcon_core.package_identification:_identify(src) by extensions ['cmake', 'python']
[1.519s] Level 1:colcon.colcon_core.package_identification:_identify(src) by extension 'cmake'
[1.519s] Level 1:colcon.colcon_core.package_identification:_identify(src) by extension 'python'
[1.519s] Level 1:colcon.colcon_core.package_identification:_identify(src) by extensions ['python_setup_py']
[1.519s] Level 1:colcon.colcon_core.package_identification:_identify(src) by extension 'python_setup_py'
[1.519s] Level 1:colcon.colcon_core.package_identification:_identify(src/my_package) by extensions ['ignore', 'ignore_ament_install']
[1.519s] Level 1:colcon.colcon_core.package_identification:_identify(src/my_package) by extension 'ignore'
[1.519s] Level 1:colcon.colcon_core.package_identification:_identify(src/my_package) by extension 'ignore_ament_install'
[1.519s] Level 1:colcon.colcon_core.package_identification:_identify(src/my_package) by extensions ['colcon_pkg']
[1.519s] Level 1:colcon.colcon_core.package_identification:_identify(src/my_package) by extension 'colcon_pkg'
[1.519s] Level 1:colcon.colcon_core.package_identification:_identify(src/my_package) by extensions ['colcon_meta']
[1.519s] Level 1:colcon.colcon_core.package_identification:_identify(src/my_package) by extension 'colcon_meta'
[1.519s] Level 1:colcon.colcon_core.package_identification:_identify(src/my_package) by extensions ['ros']
[1.519s] Level 1:colcon.colcon_core.package_identification:_identify(src/my_package) by extension 'ros'
[1.525s] DEBUG:colcon.colcon_core.package_identification:Package 'src/my_package' with type 'ros.ament_python' and name 'my_package'
[1.526s] Level 1:colcon.colcon_core.package_identification:_identify(src/py_srvcli) by extensions ['ignore', 'ignore_ament_install']
[1.527s] Level 1:colcon.colcon_core.package_identification:_identify(src/py_srvcli) by extension 'ignore'
[1.527s] Level 1:colcon.colcon_core.package_identification:_identify(src/py_srvcli) by extension 'ignore_ament_install'
[1.527s] Level 1:colcon.colcon_core.package_identification:_identify(src/py_srvcli) by extensions ['colcon_pkg']
[1.527s] Level 1:colcon.colcon_core.package_identification:_identify(src/py_srvcli) by extension 'colcon_pkg'
[1.527s] Level 1:colcon.colcon_core.package_identification:_identify(src/py_srvcli) by extensions ['colcon_meta']
[1.527s] Level 1:colcon.colcon_core.package_identification:_identify(src/py_srvcli) by extension 'colcon_meta'
[1.527s] Level 1:colcon.colcon_core.package_identification:_identify(src/py_srvcli) by extensions ['ros']
[1.527s] Level 1:colcon.colcon_core.package_identification:_identify(src/py_srvcli) by extension 'ros'
[1.528s] DEBUG:colcon.colcon_core.package_identification:Package 'src/py_srvcli' with type 'ros.ament_python' and name 'py_srvcli'
[1.528s] Level 1:colcon.colcon_core.package_identification:_identify(src/ros_tutorials) by extensions ['ignore', 'ignore_ament_install']
[1.528s] Level 1:colcon.colcon_core.package_identification:_identify(src/ros_tutorials) by extension 'ignore'
[1.528s] Level 1:colcon.colcon_core.package_identification:_identify(src/ros_tutorials) by extension 'ignore_ament_install'
[1.528s] Level 1:colcon.colcon_core.package_identification:_identify(src/ros_tutorials) by extensions ['colcon_pkg']
[1.528s] Level 1:colcon.colcon_core.package_identification:_identify(src/ros_tutorials) by extension 'colcon_pkg'
[1.528s] Level 1:colcon.colcon_core.package_identification:_identify(src/ros_tutorials) by extensions ['colcon_meta']
[1.528s] Level 1:colcon.colcon_core.package_identification:_identify(src/ros_tutorials) by extension 'colcon_meta'
[1.529s] Level 1:colcon.colcon_core.package_identification:_identify(src/ros_tutorials) by extensions ['ros']
[1.529s] Level 1:colcon.colcon_core.package_identification:_identify(src/ros_tutorials) by extension 'ros'
[1.529s] Level 1:colcon.colcon_core.package_identification:_identify(src/ros_tutorials) by extensions ['cmake', 'python']
[1.529s] Level 1:colcon.colcon_core.package_identification:_identify(src/ros_tutorials) by extension 'cmake'
[1.529s] Level 1:colcon.colcon_core.package_identification:_identify(src/ros_tutorials) by extension 'python'
[1.529s] Level 1:colcon.colcon_core.package_identification:_identify(src/ros_tutorials) by extensions ['python_setup_py']
[1.529s] Level 1:colcon.colcon_core.package_identification:_identify(src/ros_tutorials) by extension 'python_setup_py'
[1.529s] Level 1:colcon.colcon_core.package_identification:_identify(src/ros_tutorials/ros_tutorials) by extensions ['ignore', 'ignore_ament_install']
[1.529s] Level 1:colcon.colcon_core.package_identification:_identify(src/ros_tutorials/ros_tutorials) by extension 'ignore'
[1.529s] Level 1:colcon.colcon_core.package_identification:_identify(src/ros_tutorials/ros_tutorials) ignored
[1.529s] Level 1:colcon.colcon_core.package_identification:_identify(src/ros_tutorials/roscpp_tutorials) by extensions ['ignore', 'ignore_ament_install']
[1.530s] Level 1:colcon.colcon_core.package_identification:_identify(src/ros_tutorials/roscpp_tutorials) by extension 'ignore'
[1.530s] Level 1:colcon.colcon_core.package_identification:_identify(src/ros_tutorials/roscpp_tutorials) ignored
[1.530s] Level 1:colcon.colcon_core.package_identification:_identify(src/ros_tutorials/rospy_tutorials) by extensions ['ignore', 'ignore_ament_install']
[1.530s] Level 1:colcon.colcon_core.package_identification:_identify(src/ros_tutorials/rospy_tutorials) by extension 'ignore'
[1.530s] Level 1:colcon.colcon_core.package_identification:_identify(src/ros_tutorials/rospy_tutorials) ignored
[1.530s] Level 1:colcon.colcon_core.package_identification:_identify(src/ros_tutorials/turtlesim) by extensions ['ignore', 'ignore_ament_install']
[1.530s] Level 1:colcon.colcon_core.package_identification:_identify(src/ros_tutorials/turtlesim) by extension 'ignore'
[1.530s] Level 1:colcon.colcon_core.package_identification:_identify(src/ros_tutorials/turtlesim) by extension 'ignore_ament_install'
[1.530s] Level 1:colcon.colcon_core.package_identification:_identify(src/ros_tutorials/turtlesim) by extensions ['colcon_pkg']
[1.530s] Level 1:colcon.colcon_core.package_identification:_identify(src/ros_tutorials/turtlesim) by extension 'colcon_pkg'
[1.530s] Level 1:colcon.colcon_core.package_identification:_identify(src/ros_tutorials/turtlesim) by extensions ['colcon_meta']
[1.530s] Level 1:colcon.colcon_core.package_identification:_identify(src/ros_tutorials/turtlesim) by extension 'colcon_meta'
[1.530s] Level 1:colcon.colcon_core.package_identification:_identify(src/ros_tutorials/turtlesim) by extensions ['ros']
[1.530s] Level 1:colcon.colcon_core.package_identification:_identify(src/ros_tutorials/turtlesim) by extension 'ros'
[1.533s] DEBUG:colcon.colcon_core.package_identification:Package 'src/ros_tutorials/turtlesim' with type 'ros.ament_cmake' and name 'turtlesim'
[1.533s] Level 1:colcon.colcon_core.package_discovery:discover_packages(recursive) using defaults
[1.533s] Level 1:colcon.colcon_core.package_discovery:discover_packages(ignore) discover
[1.533s] Level 1:colcon.colcon_core.package_discovery:discover_packages(ignore) using defaults
[1.533s] Level 1:colcon.colcon_core.package_discovery:discover_packages(path) discover
[1.533s] Level 1:colcon.colcon_core.package_discovery:discover_packages(path) using defaults
[1.597s] INFO:colcon.colcon_core.package_selection:Skipping not selected package 'turtlesim' in 'src/ros_tutorials/turtlesim'
[1.598s] INFO:colcon.colcon_core.package_selection:Skipping not selected package 'py_srvcli' in 'src/py_srvcli'
[1.600s] Level 1:colcon.colcon_core.package_discovery:discover_packages(prefix_path) check parameters
[1.600s] Level 1:colcon.colcon_core.package_discovery:discover_packages(prefix_path) discover
[1.615s] DEBUG:colcon.colcon_installed_package_information.package_discovery:Found 284 installed packages in /opt/ros/humble
[1.617s] Level 1:colcon.colcon_core.package_discovery:discover_packages(prefix_path) using defaults
[1.893s] Level 5:colcon.colcon_core.verb:set package 'my_package' build argument 'cmake_args' from command line to 'None'
[1.894s] Level 5:colcon.colcon_core.verb:set package 'my_package' build argument 'cmake_target' from command line to 'None'
[1.894s] Level 5:colcon.colcon_core.verb:set package 'my_package' build argument 'cmake_target_skip_unavailable' from command line to 'False'
[1.894s] Level 5:colcon.colcon_core.verb:set package 'my_package' build argument 'cmake_clean_cache' from command line to 'False'
[1.894s] Level 5:colcon.colcon_core.verb:set package 'my_package' build argument 'cmake_clean_first' from command line to 'False'
[1.895s] Level 5:colcon.colcon_core.verb:set package 'my_package' build argument 'cmake_force_configure' from command line to 'False'
[1.895s] Level 5:colcon.colcon_core.verb:set package 'my_package' build argument 'ament_cmake_args' from command line to 'None'
[1.895s] Level 5:colcon.colcon_core.verb:set package 'my_package' build argument 'catkin_cmake_args' from command line to 'None'
[1.895s] Level 5:colcon.colcon_core.verb:set package 'my_package' build argument 'catkin_skip_building_tests' from command line to 'False'
[1.895s] DEBUG:colcon.colcon_core.verb:Building package 'my_package' with the following arguments: {'ament_cmake_args': None, 'build_base': '/home/ryanlin12/CSCE452_project2/build/my_package', 'catkin_cmake_args': None, 'catkin_skip_building_tests': False, 'cmake_args': None, 'cmake_clean_cache': False, 'cmake_clean_first': False, 'cmake_force_configure': False, 'cmake_target': None, 'cmake_target_skip_unavailable': False, 'install_base': '/home/ryanlin12/CSCE452_project2/install/my_package', 'merge_install': False, 'path': '/home/ryanlin12/CSCE452_project2/src/my_package', 'symlink_install': False, 'test_result_base': None}
[1.896s] INFO:colcon.colcon_core.executor:Executing jobs using 'parallel' executor
[1.903s] DEBUG:colcon.colcon_parallel_executor.executor.parallel:run_until_complete
[1.903s] INFO:colcon.colcon_ros.task.ament_python.build:Building ROS package in '/home/ryanlin12/CSCE452_project2/src/my_package' with build type 'ament_python'
[1.904s] Level 1:colcon.colcon_core.shell:create_environment_hook('my_package', 'ament_prefix_path')
[1.937s] INFO:colcon.colcon_core.plugin_system:Skipping extension 'colcon_core.shell.bat': Not used on non-Windows systems
[1.938s] INFO:colcon.colcon_core.shell:Creating environment hook '/home/ryanlin12/CSCE452_project2/install/my_package/share/my_package/hook/ament_prefix_path.ps1'
[1.945s] INFO:colcon.colcon_core.shell:Creating environment descriptor '/home/ryanlin12/CSCE452_project2/install/my_package/share/my_package/hook/ament_prefix_path.dsv'
[1.948s] INFO:colcon.colcon_core.shell:Creating environment hook '/home/ryanlin12/CSCE452_project2/install/my_package/share/my_package/hook/ament_prefix_path.sh'
[1.952s] INFO:colcon.colcon_core.shell:Skip shell extension 'powershell' for command environment: Not usable outside of PowerShell
[1.953s] DEBUG:colcon.colcon_core.shell:Skip shell extension 'dsv' for command environment
[2.430s] INFO:colcon.colcon_core.task.python.build:Building Python package in '/home/ryanlin12/CSCE452_project2/src/my_package'
[2.432s] INFO:colcon.colcon_core.shell:Skip shell extension 'powershell' for command environment: Not usable outside of PowerShell
[2.432s] DEBUG:colcon.colcon_core.shell:Skip shell extension 'dsv' for command environment
[3.238s] DEBUG:colcon.colcon_core.event_handler.log_command:Invoking command in '/home/ryanlin12/CSCE452_project2/src/my_package': PYTHONPATH=/home/ryanlin12/CSCE452_project2/build/my_package/prefix_override:/home/ryanlin12/CSCE452_project2/install/my_package/lib/python3.10/site-packages:${PYTHONPATH} /usr/bin/python3 setup.py egg_info --egg-base ../../build/my_package build --build-base /home/ryanlin12/CSCE452_project2/build/my_package/build install --record /home/ryanlin12/CSCE452_project2/build/my_package/install.log --single-version-externally-managed
[3.961s] DEBUG:colcon.colcon_core.event_handler.log_command:Invoked command in '/home/ryanlin12/CSCE452_project2/src/my_package' returned '0': PYTHONPATH=/home/ryanlin12/CSCE452_project2/build/my_package/prefix_override:/home/ryanlin12/CSCE452_project2/install/my_package/lib/python3.10/site-packages:${PYTHONPATH} /usr/bin/python3 setup.py egg_info --egg-base ../../build/my_package build --build-base /home/ryanlin12/CSCE452_project2/build/my_package/build install --record /home/ryanlin12/CSCE452_project2/build/my_package/install.log --single-version-externally-managed
[3.992s] Level 1:colcon.colcon_core.environment:checking '/home/ryanlin12/CSCE452_project2/install/my_package' for CMake module files
[3.994s] Level 1:colcon.colcon_core.environment:checking '/home/ryanlin12/CSCE452_project2/install/my_package' for CMake config files
[3.995s] Level 1:colcon.colcon_core.environment:checking '/home/ryanlin12/CSCE452_project2/install/my_package/lib'
[3.995s] Level 1:colcon.colcon_core.environment:checking '/home/ryanlin12/CSCE452_project2/install/my_package/bin'
[3.996s] Level 1:colcon.colcon_core.environment:checking '/home/ryanlin12/CSCE452_project2/install/my_package/lib/pkgconfig/my_package.pc'
[3.997s] Level 1:colcon.colcon_core.environment:checking '/home/ryanlin12/CSCE452_project2/install/my_package/lib/python3.10/site-packages'
[3.997s] Level 1:colcon.colcon_core.shell:create_environment_hook('my_package', 'pythonpath')
[4.000s] INFO:colcon.colcon_core.shell:Creating environment hook '/home/ryanlin12/CSCE452_project2/install/my_package/share/my_package/hook/pythonpath.ps1'
[4.004s] INFO:colcon.colcon_core.shell:Creating environment descriptor '/home/ryanlin12/CSCE452_project2/install/my_package/share/my_package/hook/pythonpath.dsv'
[4.010s] INFO:colcon.colcon_core.shell:Creating environment hook '/home/ryanlin12/CSCE452_project2/install/my_package/share/my_package/hook/pythonpath.sh'
[4.011s] Level 1:colcon.colcon_core.environment:checking '/home/ryanlin12/CSCE452_project2/install/my_package/bin'
[4.012s] Level 1:colcon.colcon_core.environment:create_environment_scripts_only(my_package)
[4.015s] INFO:colcon.colcon_core.shell:Creating package script '/home/ryanlin12/CSCE452_project2/install/my_package/share/my_package/package.ps1'
[4.018s] INFO:colcon.colcon_core.shell:Creating package descriptor '/home/ryanlin12/CSCE452_project2/install/my_package/share/my_package/package.dsv'
[4.022s] INFO:colcon.colcon_core.shell:Creating package script '/home/ryanlin12/CSCE452_project2/install/my_package/share/my_package/package.sh'
[4.026s] INFO:colcon.colcon_core.shell:Creating package script '/home/ryanlin12/CSCE452_project2/install/my_package/share/my_package/package.bash'
[4.030s] INFO:colcon.colcon_core.shell:Creating package script '/home/ryanlin12/CSCE452_project2/install/my_package/share/my_package/package.zsh'
[4.034s] Level 1:colcon.colcon_core.environment:create_file_with_runtime_dependencies(/home/ryanlin12/CSCE452_project2/install/my_package/share/colcon-core/packages/my_package)
[4.036s] DEBUG:colcon.colcon_parallel_executor.executor.parallel:closing loop
[4.046s] DEBUG:colcon.colcon_parallel_executor.executor.parallel:loop closed
[4.046s] DEBUG:colcon.colcon_parallel_executor.executor.parallel:run_until_complete finished with '0'
[4.047s] DEBUG:colcon.colcon_core.event_reactor:joining thread
[4.094s] INFO:colcon.colcon_core.plugin_system:Skipping extension 'colcon_notification.desktop_notification.terminal_notifier': Not used on non-Darwin systems
[4.095s] INFO:colcon.colcon_core.plugin_system:Skipping extension 'colcon_notification.desktop_notification.win32': Not used on non-Windows systems
[4.095s] INFO:colcon.colcon_notification.desktop_notification:Sending desktop notification using 'notify2'
[4.131s] DEBUG:colcon.colcon_core.event_reactor:joined thread
[4.133s] INFO:colcon.colcon_core.shell:Creating prefix script '/home/ryanlin12/CSCE452_project2/install/local_setup.ps1'
[4.140s] INFO:colcon.colcon_core.shell:Creating prefix util module '/home/ryanlin12/CSCE452_project2/install/_local_setup_util_ps1.py'
[4.158s] INFO:colcon.colcon_core.shell:Creating prefix chain script '/home/ryanlin12/CSCE452_project2/install/setup.ps1'
[4.161s] INFO:colcon.colcon_core.shell:Creating prefix script '/home/ryanlin12/CSCE452_project2/install/local_setup.sh'
[4.176s] INFO:colcon.colcon_core.shell:Creating prefix util module '/home/ryanlin12/CSCE452_project2/install/_local_setup_util_sh.py'
[4.177s] INFO:colcon.colcon_core.shell:Creating prefix chain script '/home/ryanlin12/CSCE452_project2/install/setup.sh'
[4.182s] INFO:colcon.colcon_core.shell:Creating prefix script '/home/ryanlin12/CSCE452_project2/install/local_setup.bash'
[4.186s] INFO:colcon.colcon_core.shell:Creating prefix chain script '/home/ryanlin12/CSCE452_project2/install/setup.bash'
[4.190s] INFO:colcon.colcon_core.shell:Creating prefix script '/home/ryanlin12/CSCE452_project2/install/local_setup.zsh'
[4.193s] INFO:colcon.colcon_core.shell:Creating prefix chain script '/home/ryanlin12/CSCE452_project2/install/setup.zsh'
