[0.624s] Invoking command in '/home/ryanlin12/CSCE452_project2/src/py_srvcli': AMENT_PREFIX_PATH=/home/ryanlin12/CSCE452_project2/install/turtlesim:${AMENT_PREFIX_PATH} CMAKE_PREFIX_PATH=/home/ryanlin12/CSCE452_project2/install/turtlesim LD_LIBRARY_PATH=/home/ryanlin12/CSCE452_project2/install/turtlesim/lib:${LD_LIBRARY_PATH} PYTHONPATH=/home/ryanlin12/CSCE452_project2/build/py_srvcli/prefix_override:/home/ryanlin12/CSCE452_project2/install/py_srvcli/lib/python3.10/site-packages:/home/ryanlin12/CSCE452_project2/install/turtlesim/local/lib/python3.10/dist-packages:${PYTHONPATH} /usr/bin/python3 setup.py egg_info --egg-base ../../build/py_srvcli build --build-base /home/ryanlin12/CSCE452_project2/build/py_srvcli/build install --record /home/ryanlin12/CSCE452_project2/build/py_srvcli/install.log --single-version-externally-managed
[0.971s] running egg_info
[0.973s] writing ../../build/py_srvcli/py_srvcli.egg-info/PKG-INFO
[0.980s] writing dependency_links to ../../build/py_srvcli/py_srvcli.egg-info/dependency_links.txt
[0.980s] writing entry points to ../../build/py_srvcli/py_srvcli.egg-info/entry_points.txt
[0.982s] writing requirements to ../../build/py_srvcli/py_srvcli.egg-info/requires.txt
[0.982s] writing top-level names to ../../build/py_srvcli/py_srvcli.egg-info/top_level.txt
[0.985s] reading manifest file '../../build/py_srvcli/py_srvcli.egg-info/SOURCES.txt'
[0.987s] writing manifest file '../../build/py_srvcli/py_srvcli.egg-info/SOURCES.txt'
[0.988s] running build
[0.988s] running build_py
[0.989s] copying py_srvcli/clear_line_service.py -> /home/ryanlin12/CSCE452_project2/build/py_srvcli/build/lib/py_srvcli
[0.989s] copying py_srvcli/clear_line_client.py -> /home/ryanlin12/CSCE452_project2/build/py_srvcli/build/lib/py_srvcli
[0.991s] running install
[0.991s] /usr/lib/python3/dist-packages/setuptools/command/install.py:34: SetuptoolsDeprecationWarning: setup.py install is deprecated. Use build and pip and other standards-based tools.
[0.991s]   warnings.warn(
[0.992s] running install_lib
[0.993s] copying /home/ryanlin12/CSCE452_project2/build/py_srvcli/build/lib/py_srvcli/clear_line_service.py -> /home/ryanlin12/CSCE452_project2/install/py_srvcli/lib/python3.10/site-packages/py_srvcli
[0.994s] copying /home/ryanlin12/CSCE452_project2/build/py_srvcli/build/lib/py_srvcli/clear_line_client.py -> /home/ryanlin12/CSCE452_project2/install/py_srvcli/lib/python3.10/site-packages/py_srvcli
[0.995s] byte-compiling /home/ryanlin12/CSCE452_project2/install/py_srvcli/lib/python3.10/site-packages/py_srvcli/clear_line_service.py to clear_line_service.cpython-310.pyc
[0.997s] byte-compiling /home/ryanlin12/CSCE452_project2/install/py_srvcli/lib/python3.10/site-packages/py_srvcli/clear_line_client.py to clear_line_client.cpython-310.pyc
[0.997s] running install_data
[0.998s] running install_egg_info
[1.001s] removing '/home/ryanlin12/CSCE452_project2/install/py_srvcli/lib/python3.10/site-packages/py_srvcli-0.0.0-py3.10.egg-info' (and everything under it)
[1.001s] Copying ../../build/py_srvcli/py_srvcli.egg-info to /home/ryanlin12/CSCE452_project2/install/py_srvcli/lib/python3.10/site-packages/py_srvcli-0.0.0-py3.10.egg-info
[1.003s] running install_scripts
[1.032s] Installing clear_line_client script to /home/ryanlin12/CSCE452_project2/install/py_srvcli/lib/py_srvcli
[1.032s] Installing clear_line_service script to /home/ryanlin12/CSCE452_project2/install/py_srvcli/lib/py_srvcli
[1.034s] Installing set_color_client script to /home/ryanlin12/CSCE452_project2/install/py_srvcli/lib/py_srvcli
[1.035s] Installing set_color_service script to /home/ryanlin12/CSCE452_project2/install/py_srvcli/lib/py_srvcli
[1.035s] writing list of installed files to '/home/ryanlin12/CSCE452_project2/build/py_srvcli/install.log'
[1.075s] Invoked command in '/home/ryanlin12/CSCE452_project2/src/py_srvcli' returned '0': AMENT_PREFIX_PATH=/home/ryanlin12/CSCE452_project2/install/turtlesim:${AMENT_PREFIX_PATH} CMAKE_PREFIX_PATH=/home/ryanlin12/CSCE452_project2/install/turtlesim LD_LIBRARY_PATH=/home/ryanlin12/CSCE452_project2/install/turtlesim/lib:${LD_LIBRARY_PATH} PYTHONPATH=/home/ryanlin12/CSCE452_project2/build/py_srvcli/prefix_override:/home/ryanlin12/CSCE452_project2/install/py_srvcli/lib/python3.10/site-packages:/home/ryanlin12/CSCE452_project2/install/turtlesim/local/lib/python3.10/dist-packages:${PYTHONPATH} /usr/bin/python3 setup.py egg_info --egg-base ../../build/py_srvcli build --build-base /home/ryanlin12/CSCE452_project2/build/py_srvcli/build install --record /home/ryanlin12/CSCE452_project2/build/py_srvcli/install.log --single-version-externally-managed
