[0.733s] Invoking command in '/home/ryanlin12/CSCE452_project2/src/my_package': PYTHONPATH=/home/ryanlin12/CSCE452_project2/build/my_package/prefix_override:/home/ryanlin12/CSCE452_project2/install/my_package/lib/python3.10/site-packages:${PYTHONPATH} /usr/bin/python3 setup.py egg_info --egg-base ../../build/my_package build --build-base /home/ryanlin12/CSCE452_project2/build/my_package/build install --record /home/ryanlin12/CSCE452_project2/build/my_package/install.log --single-version-externally-managed
[1.037s] running egg_info
[1.037s] writing ../../build/my_package/my_package.egg-info/PKG-INFO
[1.039s] writing dependency_links to ../../build/my_package/my_package.egg-info/dependency_links.txt
[1.039s] writing entry points to ../../build/my_package/my_package.egg-info/entry_points.txt
[1.041s] writing requirements to ../../build/my_package/my_package.egg-info/requires.txt
[1.041s] writing top-level names to ../../build/my_package/my_package.egg-info/top_level.txt
[1.043s] reading manifest file '../../build/my_package/my_package.egg-info/SOURCES.txt'
[1.045s] writing manifest file '../../build/my_package/my_package.egg-info/SOURCES.txt'
[1.045s] running build
[1.045s] running build_py
[1.045s] copying my_package/realfinalattempt.py -> /home/ryanlin12/CSCE452_project2/build/my_package/build/lib/my_package
[1.046s] running install
[1.046s] /usr/lib/python3/dist-packages/setuptools/command/install.py:34: SetuptoolsDeprecationWarning: setup.py install is deprecated. Use build and pip and other standards-based tools.
[1.046s]   warnings.warn(
[1.046s] running install_lib
[1.047s] copying /home/ryanlin12/CSCE452_project2/build/my_package/build/lib/my_package/realfinalattempt.py -> /home/ryanlin12/CSCE452_project2/install/my_package/lib/python3.10/site-packages/my_package
[1.050s] byte-compiling /home/ryanlin12/CSCE452_project2/install/my_package/lib/python3.10/site-packages/my_package/final_attempt.py to final_attempt.cpython-310.pyc
[1.050s] byte-compiling /home/ryanlin12/CSCE452_project2/install/my_package/lib/python3.10/site-packages/my_package/realfinalattempt.py to realfinalattempt.cpython-310.pyc
[1.050s]   File "/home/ryanlin12/CSCE452_project2/install/my_package/lib/python3.10/site-packages/my_package/final_attempt.py", line 63
[1.050s]     // wrap g_goal.theta to [-pi, pi)
[1.050s]                                     ^
[1.050s] SyntaxError: closing parenthesis ')' does not match opening parenthesis '['
[1.050s] 
[1.052s] running install_data
[1.052s] running install_egg_info
[1.062s] removing '/home/ryanlin12/CSCE452_project2/install/my_package/lib/python3.10/site-packages/my_package-0.0.0-py3.10.egg-info' (and everything under it)
[1.063s] Copying ../../build/my_package/my_package.egg-info to /home/ryanlin12/CSCE452_project2/install/my_package/lib/python3.10/site-packages/my_package-0.0.0-py3.10.egg-info
[1.063s] running install_scripts
[1.085s] Installing a_mlogo script to /home/ryanlin12/CSCE452_project2/install/my_package/lib/my_package
[1.086s] Installing final script to /home/ryanlin12/CSCE452_project2/install/my_package/lib/my_package
[1.086s] Installing listener script to /home/ryanlin12/CSCE452_project2/install/my_package/lib/my_package
[1.087s] Installing my_node script to /home/ryanlin12/CSCE452_project2/install/my_package/lib/my_package
[1.087s] Installing talker script to /home/ryanlin12/CSCE452_project2/install/my_package/lib/my_package
[1.087s] writing list of installed files to '/home/ryanlin12/CSCE452_project2/build/my_package/install.log'
[1.118s] Invoked command in '/home/ryanlin12/CSCE452_project2/src/my_package' returned '0': PYTHONPATH=/home/ryanlin12/CSCE452_project2/build/my_package/prefix_override:/home/ryanlin12/CSCE452_project2/install/my_package/lib/python3.10/site-packages:${PYTHONPATH} /usr/bin/python3 setup.py egg_info --egg-base ../../build/my_package build --build-base /home/ryanlin12/CSCE452_project2/build/my_package/build install --record /home/ryanlin12/CSCE452_project2/build/my_package/install.log --single-version-externally-managed
