[0.996s] DEBUG:colcon:Command line arguments: ['/usr/bin/colcon', 'build', '--packages-select', 'py_srvcli']
[0.996s] DEBUG:colcon:Parsed command line arguments: Namespace(log_base=None, log_level=None, verb_name='build', build_base='build', install_base='install', merge_install=False, symlink_install=False, test_result_base=None, continue_on_error=False, executor='parallel', parallel_workers=4, event_handlers=None, ignore_user_meta=False, metas=['./colcon.meta'], base_paths=['.'], packages_ignore=None, packages_ignore_regex=None, paths=None, packages_up_to=None, packages_up_to_regex=None, packages_above=None, packages_above_and_dependencies=None, packages_above_depth=None, packages_select_by_dep=None, packages_skip_by_dep=None, packages_skip_up_to=None, packages_select_build_failed=False, packages_skip_build_finished=False, packages_select_test_failures=False, packages_skip_test_passed=False, packages_select=['py_srvcli'], packages_skip=None, packages_select_regex=None, packages_skip_regex=None, packages_start=None, packages_end=None, allow_overriding=[], cmake_args=None, cmake_target=None, cmake_target_skip_unavailable=False, cmake_clean_cache=False, cmake_clean_first=False, cmake_force_configure=False, ament_cmake_args=None, catkin_cmake_args=None, catkin_skip_building_tests=False, verb_parser=<colcon_defaults.argument_parser.defaults.DefaultArgumentsDecorator object at 0x7f4989b25f90>, verb_extension=<colcon_core.verb.build.BuildVerb object at 0x7f498a32aec0>, main=<bound method BuildVerb.main of <colcon_core.verb.build.BuildVerb object at 0x7f498a32aec0>>)
[1.103s] Level 1:colcon.colcon_core.package_discovery:discover_packages(colcon_meta) check parameters
[1.103s] Level 1:colcon.colcon_core.package_discovery:discover_packages(recursive) check parameters
[1.103s] Level 1:colcon.colcon_core.package_discovery:discover_packages(ignore) check parameters
[1.103s] Level 1:colcon.colcon_core.package_discovery:discover_packages(path) check parameters
[1.103s] Level 1:colcon.colcon_core.package_discovery:discover_packages(colcon_meta) discover
[1.103s] Level 1:colcon.colcon_core.package_discovery:discover_packages(recursive) discover
[1.103s] INFO:colcon.colcon_core.package_discovery:Crawling recursively for packages in '/home/ryanlin12/CSCE452_project2'
[1.103s] Level 1:colcon.colcon_core.package_identification:_identify(.) by extensions ['ignore', 'ignore_ament_install']
[1.103s] Level 1:colcon.colcon_core.package_identification:_identify(.) by extension 'ignore'
[1.103s] Level 1:colcon.colcon_core.package_identification:_identify(.) by extension 'ignore_ament_install'
[1.103s] Level 1:colcon.colcon_core.package_identification:_identify(.) by extensions ['colcon_pkg']
[1.103s] Level 1:colcon.colcon_core.package_identification:_identify(.) by extension 'colcon_pkg'
[1.103s] Level 1:colcon.colcon_core.package_identification:_identify(.) by extensions ['colcon_meta']
[1.103s] Level 1:colcon.colcon_core.package_identification:_identify(.) by extension 'colcon_meta'
[1.103s] Level 1:colcon.colcon_core.package_identification:_identify(.) by extensions ['ros']
[1.103s] Level 1:colcon.colcon_core.package_identification:_identify(.) by extension 'ros'
[1.115s] Level 1:colcon.colcon_core.package_identification:_identify(.) by extensions ['cmake', 'python']
[1.115s] Level 1:colcon.colcon_core.package_identification:_identify(.) by extension 'cmake'
[1.115s] Level 1:colcon.colcon_core.package_identification:_identify(.) by extension 'python'
[1.115s] Level 1:colcon.colcon_core.package_identification:_identify(.) by extensions ['python_setup_py']
[1.115s] Level 1:colcon.colcon_core.package_identification:_identify(.) by extension 'python_setup_py'
[1.115s] Level 1:colcon.colcon_core.package_identification:_identify(build) by extensions ['ignore', 'ignore_ament_install']
[1.115s] Level 1:colcon.colcon_core.package_identification:_identify(build) by extension 'ignore'
[1.115s] Level 1:colcon.colcon_core.package_identification:_identify(build) ignored
[1.115s] Level 1:colcon.colcon_core.package_identification:_identify(install) by extensions ['ignore', 'ignore_ament_install']
[1.116s] Level 1:colcon.colcon_core.package_identification:_identify(install) by extension 'ignore'
[1.116s] Level 1:colcon.colcon_core.package_identification:_identify(install) ignored
[1.116s] Level 1:colcon.colcon_core.package_identification:_identify(log) by extensions ['ignore', 'ignore_ament_install']
[1.116s] Level 1:colcon.colcon_core.package_identification:_identify(log) by extension 'ignore'
[1.116s] Level 1:colcon.colcon_core.package_identification:_identify(log) ignored
[1.116s] Level 1:colcon.colcon_core.package_identification:_identify(src) by extensions ['ignore', 'ignore_ament_install']
[1.116s] Level 1:colcon.colcon_core.package_identification:_identify(src) by extension 'ignore'
[1.116s] Level 1:colcon.colcon_core.package_identification:_identify(src) by extension 'ignore_ament_install'
[1.116s] Level 1:colcon.colcon_core.package_identification:_identify(src) by extensions ['colcon_pkg']
[1.116s] Level 1:colcon.colcon_core.package_identification:_identify(src) by extension 'colcon_pkg'
[1.116s] Level 1:colcon.colcon_core.package_identification:_identify(src) by extensions ['colcon_meta']
[1.116s] Level 1:colcon.colcon_core.package_identification:_identify(src) by extension 'colcon_meta'
[1.116s] Level 1:colcon.colcon_core.package_identification:_identify(src) by extensions ['ros']
[1.116s] Level 1:colcon.colcon_core.package_identification:_identify(src) by extension 'ros'
[1.116s] Level 1:colcon.colcon_core.package_identification:_identify(src) by extensions ['cmake', 'python']
[1.116s] Level 1:colcon.colcon_core.package_identification:_identify(src) by extension 'cmake'
[1.116s] Level 1:colcon.colcon_core.package_identification:_identify(src) by extension 'python'
[1.116s] Level 1:colcon.colcon_core.package_identification:_identify(src) by extensions ['python_setup_py']
[1.116s] Level 1:colcon.colcon_core.package_identification:_identify(src) by extension 'python_setup_py'
[1.116s] Level 1:colcon.colcon_core.package_identification:_identify(src/my_package) by extensions ['ignore', 'ignore_ament_install']
[1.116s] Level 1:colcon.colcon_core.package_identification:_identify(src/my_package) by extension 'ignore'
[1.116s] Level 1:colcon.colcon_core.package_identification:_identify(src/my_package) by extension 'ignore_ament_install'
[1.116s] Level 1:colcon.colcon_core.package_identification:_identify(src/my_package) by extensions ['colcon_pkg']
[1.116s] Level 1:colcon.colcon_core.package_identification:_identify(src/my_package) by extension 'colcon_pkg'
[1.116s] Level 1:colcon.colcon_core.package_identification:_identify(src/my_package) by extensions ['colcon_meta']
[1.116s] Level 1:colcon.colcon_core.package_identification:_identify(src/my_package) by extension 'colcon_meta'
[1.116s] Level 1:colcon.colcon_core.package_identification:_identify(src/my_package) by extensions ['ros']
[1.116s] Level 1:colcon.colcon_core.package_identification:_identify(src/my_package) by extension 'ros'
[1.124s] DEBUG:colcon.colcon_core.package_identification:Package 'src/my_package' with type 'ros.ament_python' and name 'my_package'
[1.124s] Level 1:colcon.colcon_core.package_identification:_identify(src/py_srvcli) by extensions ['ignore', 'ignore_ament_install']
[1.124s] Level 1:colcon.colcon_core.package_identification:_identify(src/py_srvcli) by extension 'ignore'
[1.124s] Level 1:colcon.colcon_core.package_identification:_identify(src/py_srvcli) by extension 'ignore_ament_install'
[1.124s] Level 1:colcon.colcon_core.package_identification:_identify(src/py_srvcli) by extensions ['colcon_pkg']
[1.124s] Level 1:colcon.colcon_core.package_identification:_identify(src/py_srvcli) by extension 'colcon_pkg'
[1.124s] Level 1:colcon.colcon_core.package_identification:_identify(src/py_srvcli) by extensions ['colcon_meta']
[1.124s] Level 1:colcon.colcon_core.package_identification:_identify(src/py_srvcli) by extension 'colcon_meta'
[1.124s] Level 1:colcon.colcon_core.package_identification:_identify(src/py_srvcli) by extensions ['ros']
[1.124s] Level 1:colcon.colcon_core.package_identification:_identify(src/py_srvcli) by extension 'ros'
[1.125s] DEBUG:colcon.colcon_core.package_identification:Package 'src/py_srvcli' with type 'ros.ament_python' and name 'py_srvcli'
[1.125s] Level 1:colcon.colcon_core.package_identification:_identify(src/ros_tutorials) by extensions ['ignore', 'ignore_ament_install']
[1.125s] Level 1:colcon.colcon_core.package_identification:_identify(src/ros_tutorials) by extension 'ignore'
[1.125s] Level 1:colcon.colcon_core.package_identification:_identify(src/ros_tutorials) by extension 'ignore_ament_install'
[1.125s] Level 1:colcon.colcon_core.package_identification:_identify(src/ros_tutorials) by extensions ['colcon_pkg']
[1.125s] Level 1:colcon.colcon_core.package_identification:_identify(src/ros_tutorials) by extension 'colcon_pkg'
[1.125s] Level 1:colcon.colcon_core.package_identification:_identify(src/ros_tutorials) by extensions ['colcon_meta']
[1.125s] Level 1:colcon.colcon_core.package_identification:_identify(src/ros_tutorials) by extension 'colcon_meta'
[1.125s] Level 1:colcon.colcon_core.package_identification:_identify(src/ros_tutorials) by extensions ['ros']
[1.125s] Level 1:colcon.colcon_core.package_identification:_identify(src/ros_tutorials) by extension 'ros'
[1.125s] Level 1:colcon.colcon_core.package_identification:_identify(src/ros_tutorials) by extensions ['cmake', 'python']
[1.125s] Level 1:colcon.colcon_core.package_identification:_identify(src/ros_tutorials) by extension 'cmake'
[1.125s] Level 1:colcon.colcon_core.package_identification:_identify(src/ros_tutorials) by extension 'python'
[1.125s] Level 1:colcon.colcon_core.package_identification:_identify(src/ros_tutorials) by extensions ['python_setup_py']
[1.125s] Level 1:colcon.colcon_core.package_identification:_identify(src/ros_tutorials) by extension 'python_setup_py'
[1.125s] Level 1:colcon.colcon_core.package_identification:_identify(src/ros_tutorials/ros_tutorials) by extensions ['ignore', 'ignore_ament_install']
[1.125s] Level 1:colcon.colcon_core.package_identification:_identify(src/ros_tutorials/ros_tutorials) by extension 'ignore'
[1.125s] Level 1:colcon.colcon_core.package_identification:_identify(src/ros_tutorials/ros_tutorials) ignored
[1.125s] Level 1:colcon.colcon_core.package_identification:_identify(src/ros_tutorials/roscpp_tutorials) by extensions ['ignore', 'ignore_ament_install']
[1.125s] Level 1:colcon.colcon_core.package_identification:_identify(src/ros_tutorials/roscpp_tutorials) by extension 'ignore'
[1.125s] Level 1:colcon.colcon_core.package_identification:_identify(src/ros_tutorials/roscpp_tutorials) ignored
[1.125s] Level 1:colcon.colcon_core.package_identification:_identify(src/ros_tutorials/rospy_tutorials) by extensions ['ignore', 'ignore_ament_install']
[1.126s] Level 1:colcon.colcon_core.package_identification:_identify(src/ros_tutorials/rospy_tutorials) by extension 'ignore'
[1.126s] Level 1:colcon.colcon_core.package_identification:_identify(src/ros_tutorials/rospy_tutorials) ignored
[1.126s] Level 1:colcon.colcon_core.package_identification:_identify(src/ros_tutorials/turtlesim) by extensions ['ignore', 'ignore_ament_install']
[1.126s] Level 1:colcon.colcon_core.package_identification:_identify(src/ros_tutorials/turtlesim) by extension 'ignore'
[1.126s] Level 1:colcon.colcon_core.package_identification:_identify(src/ros_tutorials/turtlesim) by extension 'ignore_ament_install'
[1.126s] Level 1:colcon.colcon_core.package_identification:_identify(src/ros_tutorials/turtlesim) by extensions ['colcon_pkg']
[1.126s] Level 1:colcon.colcon_core.package_identification:_identify(src/ros_tutorials/turtlesim) by extension 'colcon_pkg'
[1.126s] Level 1:colcon.colcon_core.package_identification:_identify(src/ros_tutorials/turtlesim) by extensions ['colcon_meta']
[1.126s] Level 1:colcon.colcon_core.package_identification:_identify(src/ros_tutorials/turtlesim) by extension 'colcon_meta'
[1.126s] Level 1:colcon.colcon_core.package_identification:_identify(src/ros_tutorials/turtlesim) by extensions ['ros']
[1.126s] Level 1:colcon.colcon_core.package_identification:_identify(src/ros_tutorials/turtlesim) by extension 'ros'
[1.128s] DEBUG:colcon.colcon_core.package_identification:Package 'src/ros_tutorials/turtlesim' with type 'ros.ament_cmake' and name 'turtlesim'
[1.128s] Level 1:colcon.colcon_core.package_discovery:discover_packages(recursive) using defaults
[1.128s] Level 1:colcon.colcon_core.package_discovery:discover_packages(ignore) discover
[1.128s] Level 1:colcon.colcon_core.package_discovery:discover_packages(ignore) using defaults
[1.128s] Level 1:colcon.colcon_core.package_discovery:discover_packages(path) discover
[1.128s] Level 1:colcon.colcon_core.package_discovery:discover_packages(path) using defaults
[1.185s] INFO:colcon.colcon_core.package_selection:Skipping not selected package 'my_package' in 'src/my_package'
[1.185s] INFO:colcon.colcon_core.package_selection:Skipping not selected package 'turtlesim' in 'src/ros_tutorials/turtlesim'
[1.187s] Level 1:colcon.colcon_core.package_discovery:discover_packages(prefix_path) check parameters
[1.187s] Level 1:colcon.colcon_core.package_discovery:discover_packages(prefix_path) discover
[1.199s] DEBUG:colcon.colcon_installed_package_information.package_discovery:Found 284 installed packages in /opt/ros/humble
[1.200s] Level 1:colcon.colcon_core.package_discovery:discover_packages(prefix_path) using defaults
[1.385s] Level 5:colcon.colcon_core.verb:set package 'py_srvcli' build argument 'cmake_args' from command line to 'None'
[1.386s] Level 5:colcon.colcon_core.verb:set package 'py_srvcli' build argument 'cmake_target' from command line to 'None'
[1.386s] Level 5:colcon.colcon_core.verb:set package 'py_srvcli' build argument 'cmake_target_skip_unavailable' from command line to 'False'
[1.386s] Level 5:colcon.colcon_core.verb:set package 'py_srvcli' build argument 'cmake_clean_cache' from command line to 'False'
[1.386s] Level 5:colcon.colcon_core.verb:set package 'py_srvcli' build argument 'cmake_clean_first' from command line to 'False'
[1.386s] Level 5:colcon.colcon_core.verb:set package 'py_srvcli' build argument 'cmake_force_configure' from command line to 'False'
[1.386s] Level 5:colcon.colcon_core.verb:set package 'py_srvcli' build argument 'ament_cmake_args' from command line to 'None'
[1.386s] Level 5:colcon.colcon_core.verb:set package 'py_srvcli' build argument 'catkin_cmake_args' from command line to 'None'
[1.386s] Level 5:colcon.colcon_core.verb:set package 'py_srvcli' build argument 'catkin_skip_building_tests' from command line to 'False'
[1.386s] DEBUG:colcon.colcon_core.verb:Building package 'py_srvcli' with the following arguments: {'ament_cmake_args': None, 'build_base': '/home/ryanlin12/CSCE452_project2/build/py_srvcli', 'catkin_cmake_args': None, 'catkin_skip_building_tests': False, 'cmake_args': None, 'cmake_clean_cache': False, 'cmake_clean_first': False, 'cmake_force_configure': False, 'cmake_target': None, 'cmake_target_skip_unavailable': False, 'install_base': '/home/ryanlin12/CSCE452_project2/install/py_srvcli', 'merge_install': False, 'path': '/home/ryanlin12/CSCE452_project2/src/py_srvcli', 'symlink_install': False, 'test_result_base': None}
[1.386s] INFO:colcon.colcon_core.executor:Executing jobs using 'parallel' executor
[1.389s] DEBUG:colcon.colcon_parallel_executor.executor.parallel:run_until_complete
[1.389s] INFO:colcon.colcon_ros.task.ament_python.build:Building ROS package in '/home/ryanlin12/CSCE452_project2/src/py_srvcli' with build type 'ament_python'
[1.390s] Level 1:colcon.colcon_core.shell:create_environment_hook('py_srvcli', 'ament_prefix_path')
[1.408s] INFO:colcon.colcon_core.plugin_system:Skipping extension 'colcon_core.shell.bat': Not used on non-Windows systems
[1.408s] INFO:colcon.colcon_core.shell:Creating environment hook '/home/ryanlin12/CSCE452_project2/install/py_srvcli/share/py_srvcli/hook/ament_prefix_path.ps1'
[1.410s] INFO:colcon.colcon_core.shell:Creating environment descriptor '/home/ryanlin12/CSCE452_project2/install/py_srvcli/share/py_srvcli/hook/ament_prefix_path.dsv'
[1.411s] INFO:colcon.colcon_core.shell:Creating environment hook '/home/ryanlin12/CSCE452_project2/install/py_srvcli/share/py_srvcli/hook/ament_prefix_path.sh'
[1.414s] INFO:colcon.colcon_core.shell:Skip shell extension 'powershell' for command environment: Not usable outside of PowerShell
[1.414s] DEBUG:colcon.colcon_core.shell:Skip shell extension 'dsv' for command environment
[1.663s] INFO:colcon.colcon_core.task.python.build:Building Python package in '/home/ryanlin12/CSCE452_project2/src/py_srvcli'
[1.667s] INFO:colcon.colcon_core.shell:Skip shell extension 'powershell' for command environment: Not usable outside of PowerShell
[1.667s] DEBUG:colcon.colcon_core.shell:Skip shell extension 'dsv' for command environment
[2.121s] DEBUG:colcon.colcon_core.event_handler.log_command:Invoking command in '/home/ryanlin12/CSCE452_project2/src/py_srvcli': AMENT_PREFIX_PATH=/home/ryanlin12/CSCE452_project2/install/turtlesim:${AMENT_PREFIX_PATH} CMAKE_PREFIX_PATH=/home/ryanlin12/CSCE452_project2/install/turtlesim LD_LIBRARY_PATH=/home/ryanlin12/CSCE452_project2/install/turtlesim/lib:${LD_LIBRARY_PATH} PYTHONPATH=/home/ryanlin12/CSCE452_project2/build/py_srvcli/prefix_override:/home/ryanlin12/CSCE452_project2/install/py_srvcli/lib/python3.10/site-packages:/home/ryanlin12/CSCE452_project2/install/turtlesim/local/lib/python3.10/dist-packages:${PYTHONPATH} /usr/bin/python3 setup.py egg_info --egg-base ../../build/py_srvcli build --build-base /home/ryanlin12/CSCE452_project2/build/py_srvcli/build install --record /home/ryanlin12/CSCE452_project2/build/py_srvcli/install.log --single-version-externally-managed
[2.385s] DEBUG:colcon.colcon_core.event_handler.log_command:Invoked command in '/home/ryanlin12/CSCE452_project2/src/py_srvcli' returned '0': AMENT_PREFIX_PATH=/home/ryanlin12/CSCE452_project2/install/turtlesim:${AMENT_PREFIX_PATH} CMAKE_PREFIX_PATH=/home/ryanlin12/CSCE452_project2/install/turtlesim LD_LIBRARY_PATH=/home/ryanlin12/CSCE452_project2/install/turtlesim/lib:${LD_LIBRARY_PATH} PYTHONPATH=/home/ryanlin12/CSCE452_project2/build/py_srvcli/prefix_override:/home/ryanlin12/CSCE452_project2/install/py_srvcli/lib/python3.10/site-packages:/home/ryanlin12/CSCE452_project2/install/turtlesim/local/lib/python3.10/dist-packages:${PYTHONPATH} /usr/bin/python3 setup.py egg_info --egg-base ../../build/py_srvcli build --build-base /home/ryanlin12/CSCE452_project2/build/py_srvcli/build install --record /home/ryanlin12/CSCE452_project2/build/py_srvcli/install.log --single-version-externally-managed
[2.404s] Level 1:colcon.colcon_core.environment:checking '/home/ryanlin12/CSCE452_project2/install/py_srvcli' for CMake module files
[2.405s] Level 1:colcon.colcon_core.environment:checking '/home/ryanlin12/CSCE452_project2/install/py_srvcli' for CMake config files
[2.406s] Level 1:colcon.colcon_core.environment:checking '/home/ryanlin12/CSCE452_project2/install/py_srvcli/lib'
[2.406s] Level 1:colcon.colcon_core.environment:checking '/home/ryanlin12/CSCE452_project2/install/py_srvcli/bin'
[2.406s] Level 1:colcon.colcon_core.environment:checking '/home/ryanlin12/CSCE452_project2/install/py_srvcli/lib/pkgconfig/py_srvcli.pc'
[2.406s] Level 1:colcon.colcon_core.environment:checking '/home/ryanlin12/CSCE452_project2/install/py_srvcli/lib/python3.10/site-packages'
[2.406s] Level 1:colcon.colcon_core.shell:create_environment_hook('py_srvcli', 'pythonpath')
[2.407s] INFO:colcon.colcon_core.shell:Creating environment hook '/home/ryanlin12/CSCE452_project2/install/py_srvcli/share/py_srvcli/hook/pythonpath.ps1'
[2.408s] INFO:colcon.colcon_core.shell:Creating environment descriptor '/home/ryanlin12/CSCE452_project2/install/py_srvcli/share/py_srvcli/hook/pythonpath.dsv'
[2.408s] INFO:colcon.colcon_core.shell:Creating environment hook '/home/ryanlin12/CSCE452_project2/install/py_srvcli/share/py_srvcli/hook/pythonpath.sh'
[2.409s] Level 1:colcon.colcon_core.environment:checking '/home/ryanlin12/CSCE452_project2/install/py_srvcli/bin'
[2.409s] Level 1:colcon.colcon_core.environment:create_environment_scripts_only(py_srvcli)
[2.410s] INFO:colcon.colcon_core.shell:Creating package script '/home/ryanlin12/CSCE452_project2/install/py_srvcli/share/py_srvcli/package.ps1'
[2.412s] INFO:colcon.colcon_core.shell:Creating package descriptor '/home/ryanlin12/CSCE452_project2/install/py_srvcli/share/py_srvcli/package.dsv'
[2.424s] INFO:colcon.colcon_core.shell:Creating package script '/home/ryanlin12/CSCE452_project2/install/py_srvcli/share/py_srvcli/package.sh'
[2.425s] INFO:colcon.colcon_core.shell:Creating package script '/home/ryanlin12/CSCE452_project2/install/py_srvcli/share/py_srvcli/package.bash'
[2.427s] INFO:colcon.colcon_core.shell:Creating package script '/home/ryanlin12/CSCE452_project2/install/py_srvcli/share/py_srvcli/package.zsh'
[2.428s] Level 1:colcon.colcon_core.environment:create_file_with_runtime_dependencies(/home/ryanlin12/CSCE452_project2/install/py_srvcli/share/colcon-core/packages/py_srvcli)
[2.431s] DEBUG:colcon.colcon_parallel_executor.executor.parallel:closing loop
[2.431s] DEBUG:colcon.colcon_parallel_executor.executor.parallel:loop closed
[2.431s] DEBUG:colcon.colcon_parallel_executor.executor.parallel:run_until_complete finished with '0'
[2.431s] DEBUG:colcon.colcon_core.event_reactor:joining thread
[2.475s] INFO:colcon.colcon_core.plugin_system:Skipping extension 'colcon_notification.desktop_notification.terminal_notifier': Not used on non-Darwin systems
[2.476s] INFO:colcon.colcon_core.plugin_system:Skipping extension 'colcon_notification.desktop_notification.win32': Not used on non-Windows systems
[2.476s] INFO:colcon.colcon_notification.desktop_notification:Sending desktop notification using 'notify2'
[2.496s] DEBUG:colcon.colcon_core.event_reactor:joined thread
[2.497s] INFO:colcon.colcon_core.shell:Creating prefix script '/home/ryanlin12/CSCE452_project2/install/local_setup.ps1'
[2.500s] INFO:colcon.colcon_core.shell:Creating prefix util module '/home/ryanlin12/CSCE452_project2/install/_local_setup_util_ps1.py'
[2.502s] INFO:colcon.colcon_core.shell:Creating prefix chain script '/home/ryanlin12/CSCE452_project2/install/setup.ps1'
[2.505s] INFO:colcon.colcon_core.shell:Creating prefix script '/home/ryanlin12/CSCE452_project2/install/local_setup.sh'
[2.507s] INFO:colcon.colcon_core.shell:Creating prefix util module '/home/ryanlin12/CSCE452_project2/install/_local_setup_util_sh.py'
[2.508s] INFO:colcon.colcon_core.shell:Creating prefix chain script '/home/ryanlin12/CSCE452_project2/install/setup.sh'
[2.510s] INFO:colcon.colcon_core.shell:Creating prefix script '/home/ryanlin12/CSCE452_project2/install/local_setup.bash'
[2.511s] INFO:colcon.colcon_core.shell:Creating prefix chain script '/home/ryanlin12/CSCE452_project2/install/setup.bash'
[2.513s] INFO:colcon.colcon_core.shell:Creating prefix script '/home/ryanlin12/CSCE452_project2/install/local_setup.zsh'
[2.515s] INFO:colcon.colcon_core.shell:Creating prefix chain script '/home/ryanlin12/CSCE452_project2/install/setup.zsh'
