[1.272s] Invoking command in '/home/ryanlin12/CSCE452_project2/src/my_package': PYTHONPATH=/home/ryanlin12/CSCE452_project2/build/my_package/prefix_override:/home/ryanlin12/CSCE452_project2/install/my_package/lib/python3.10/site-packages:${PYTHONPATH} /usr/bin/python3 setup.py egg_info --egg-base ../../build/my_package build --build-base /home/ryanlin12/CSCE452_project2/build/my_package/build install --record /home/ryanlin12/CSCE452_project2/build/my_package/install.log --single-version-externally-managed
[1.704s] running egg_info
[1.706s] writing ../../build/my_package/my_package.egg-info/PKG-INFO
[1.709s] writing dependency_links to ../../build/my_package/my_package.egg-info/dependency_links.txt
[1.712s] writing entry points to ../../build/my_package/my_package.egg-info/entry_points.txt
[1.714s] writing requirements to ../../build/my_package/my_package.egg-info/requires.txt
[1.717s] writing top-level names to ../../build/my_package/my_package.egg-info/top_level.txt
[1.719s] reading manifest file '../../build/my_package/my_package.egg-info/SOURCES.txt'
[1.721s] writing manifest file '../../build/my_package/my_package.egg-info/SOURCES.txt'
[1.721s] running build
[1.721s] running build_py
[1.722s] copying my_package/a_mlogo.py -> /home/ryanlin12/CSCE452_project2/build/my_package/build/lib/my_package
[1.723s] running install
[1.724s] /usr/lib/python3/dist-packages/setuptools/command/install.py:34: SetuptoolsDeprecationWarning: setup.py install is deprecated. Use build and pip and other standards-based tools.
[1.724s]   warnings.warn(
[1.724s] running install_lib
[1.726s] copying /home/ryanlin12/CSCE452_project2/build/my_package/build/lib/my_package/a_mlogo.py -> /home/ryanlin12/CSCE452_project2/install/my_package/lib/python3.10/site-packages/my_package
[1.727s] byte-compiling /home/ryanlin12/CSCE452_project2/install/my_package/lib/python3.10/site-packages/my_package/a_mlogo.py to a_mlogo.cpython-310.pyc
[1.730s] running install_data
[1.731s] running install_egg_info
[1.734s] removing '/home/ryanlin12/CSCE452_project2/install/my_package/lib/python3.10/site-packages/my_package-0.0.0-py3.10.egg-info' (and everything under it)
[1.738s] Copying ../../build/my_package/my_package.egg-info to /home/ryanlin12/CSCE452_project2/install/my_package/lib/python3.10/site-packages/my_package-0.0.0-py3.10.egg-info
[1.739s] running install_scripts
[1.778s] Installing a_mlogo script to /home/ryanlin12/CSCE452_project2/install/my_package/lib/my_package
[1.778s] Installing listener script to /home/ryanlin12/CSCE452_project2/install/my_package/lib/my_package
[1.779s] Installing my_node script to /home/ryanlin12/CSCE452_project2/install/my_package/lib/my_package
[1.779s] Installing talker script to /home/ryanlin12/CSCE452_project2/install/my_package/lib/my_package
[1.780s] writing list of installed files to '/home/ryanlin12/CSCE452_project2/build/my_package/install.log'
[1.826s] Invoked command in '/home/ryanlin12/CSCE452_project2/src/my_package' returned '0': PYTHONPATH=/home/ryanlin12/CSCE452_project2/build/my_package/prefix_override:/home/ryanlin12/CSCE452_project2/install/my_package/lib/python3.10/site-packages:${PYTHONPATH} /usr/bin/python3 setup.py egg_info --egg-base ../../build/my_package build --build-base /home/ryanlin12/CSCE452_project2/build/my_package/build install --record /home/ryanlin12/CSCE452_project2/build/my_package/install.log --single-version-externally-managed
