[0.504s] Invoking command in '/home/ryanlin12/CSCE452_project2/src/my_package': PYTHONPATH=/home/ryanlin12/CSCE452_project2/build/my_package/prefix_override:/home/ryanlin12/CSCE452_project2/install/my_package/lib/python3.10/site-packages:${PYTHONPATH} /usr/bin/python3 setup.py egg_info --egg-base ../../build/my_package build --build-base /home/ryanlin12/CSCE452_project2/build/my_package/build install --record /home/ryanlin12/CSCE452_project2/build/my_package/install.log --single-version-externally-managed
[0.747s] running egg_info
[0.749s] writing ../../build/my_package/my_package.egg-info/PKG-INFO
[0.749s] writing dependency_links to ../../build/my_package/my_package.egg-info/dependency_links.txt
[0.750s] writing entry points to ../../build/my_package/my_package.egg-info/entry_points.txt
[0.751s] writing requirements to ../../build/my_package/my_package.egg-info/requires.txt
[0.752s] writing top-level names to ../../build/my_package/my_package.egg-info/top_level.txt
[0.755s] reading manifest file '../../build/my_package/my_package.egg-info/SOURCES.txt'
[0.756s] writing manifest file '../../build/my_package/my_package.egg-info/SOURCES.txt'
[0.757s] running build
[0.758s] running build_py
[0.758s] running install
[0.758s] /usr/lib/python3/dist-packages/setuptools/command/install.py:34: SetuptoolsDeprecationWarning: setup.py install is deprecated. Use build and pip and other standards-based tools.
[0.758s]   warnings.warn(
[0.759s] running install_lib
[0.762s] running install_data
[0.762s] running install_egg_info
[0.763s] removing '/home/ryanlin12/CSCE452_project2/install/my_package/lib/python3.10/site-packages/my_package-0.0.0-py3.10.egg-info' (and everything under it)
[0.763s] Copying ../../build/my_package/my_package.egg-info to /home/ryanlin12/CSCE452_project2/install/my_package/lib/python3.10/site-packages/my_package-0.0.0-py3.10.egg-info
[0.764s] running install_scripts
[0.782s] Installing a_mlogo script to /home/ryanlin12/CSCE452_project2/install/my_package/lib/my_package
[0.783s] Installing listener script to /home/ryanlin12/CSCE452_project2/install/my_package/lib/my_package
[0.784s] Installing my_node script to /home/ryanlin12/CSCE452_project2/install/my_package/lib/my_package
[0.785s] Installing talker script to /home/ryanlin12/CSCE452_project2/install/my_package/lib/my_package
[0.785s] writing list of installed files to '/home/ryanlin12/CSCE452_project2/build/my_package/install.log'
[0.817s] Invoked command in '/home/ryanlin12/CSCE452_project2/src/my_package' returned '0': PYTHONPATH=/home/ryanlin12/CSCE452_project2/build/my_package/prefix_override:/home/ryanlin12/CSCE452_project2/install/my_package/lib/python3.10/site-packages:${PYTHONPATH} /usr/bin/python3 setup.py egg_info --egg-base ../../build/my_package build --build-base /home/ryanlin12/CSCE452_project2/build/my_package/build install --record /home/ryanlin12/CSCE452_project2/build/my_package/install.log --single-version-externally-managed
