[0.827s] Invoking command in '/home/ryanlin12/CSCE452_project2/src/my_package': PYTHONPATH=/home/ryanlin12/CSCE452_project2/build/my_package/prefix_override:/home/ryanlin12/CSCE452_project2/install/my_package/lib/python3.10/site-packages:${PYTHONPATH} /usr/bin/python3 setup.py egg_info --egg-base ../../build/my_package build --build-base /home/ryanlin12/CSCE452_project2/build/my_package/build install --record /home/ryanlin12/CSCE452_project2/build/my_package/install.log --single-version-externally-managed
[1.147s] running egg_info
[1.160s] writing ../../build/my_package/my_package.egg-info/PKG-INFO
[1.164s] writing dependency_links to ../../build/my_package/my_package.egg-info/dependency_links.txt
[1.179s] writing entry points to ../../build/my_package/my_package.egg-info/entry_points.txt
[1.179s] writing requirements to ../../build/my_package/my_package.egg-info/requires.txt
[1.180s] writing top-level names to ../../build/my_package/my_package.egg-info/top_level.txt
[1.183s] reading manifest file '../../build/my_package/my_package.egg-info/SOURCES.txt'
[1.249s] writing manifest file '../../build/my_package/my_package.egg-info/SOURCES.txt'
[1.250s] running build
[1.251s] running build_py
[1.251s] copying my_package/a_mlogo.py -> /home/ryanlin12/CSCE452_project2/build/my_package/build/lib/my_package
[1.252s] running install
[1.252s] running install_lib
[1.252s] /usr/lib/python3/dist-packages/setuptools/command/install.py:34: SetuptoolsDeprecationWarning: setup.py install is deprecated. Use build and pip and other standards-based tools.
[1.252s]   warnings.warn(
[1.253s] copying /home/ryanlin12/CSCE452_project2/build/my_package/build/lib/my_package/a_mlogo.py -> /home/ryanlin12/CSCE452_project2/install/my_package/lib/python3.10/site-packages/my_package
[1.254s] byte-compiling /home/ryanlin12/CSCE452_project2/install/my_package/lib/python3.10/site-packages/my_package/final_attempt.py to final_attempt.cpython-310.pyc
[1.255s] byte-compiling /home/ryanlin12/CSCE452_project2/install/my_package/lib/python3.10/site-packages/my_package/a_mlogo.py to a_mlogo.cpython-310.pyc
[1.255s]   File "/home/ryanlin12/CSCE452_project2/install/my_package/lib/python3.10/site-packages/my_package/final_attempt.py", line 63
[1.255s]     // wrap g_goal.theta to [-pi, pi)
[1.255s]                                     ^
[1.255s] SyntaxError: closing parenthesis ')' does not match opening parenthesis '['
[1.255s] 
[1.260s] running install_data
[1.261s] running install_egg_info
[1.264s] removing '/home/ryanlin12/CSCE452_project2/install/my_package/lib/python3.10/site-packages/my_package-0.0.0-py3.10.egg-info' (and everything under it)
[1.264s] Copying ../../build/my_package/my_package.egg-info to /home/ryanlin12/CSCE452_project2/install/my_package/lib/python3.10/site-packages/my_package-0.0.0-py3.10.egg-info
[1.266s] running install_scripts
[1.383s] Installing a_mlogo script to /home/ryanlin12/CSCE452_project2/install/my_package/lib/my_package
[1.383s] Installing listener script to /home/ryanlin12/CSCE452_project2/install/my_package/lib/my_package
[1.386s] Installing my_node script to /home/ryanlin12/CSCE452_project2/install/my_package/lib/my_package
[1.386s] Installing talker script to /home/ryanlin12/CSCE452_project2/install/my_package/lib/my_package
[1.386s] writing list of installed files to '/home/ryanlin12/CSCE452_project2/build/my_package/install.log'
[1.415s] Invoked command in '/home/ryanlin12/CSCE452_project2/src/my_package' returned '0': PYTHONPATH=/home/ryanlin12/CSCE452_project2/build/my_package/prefix_override:/home/ryanlin12/CSCE452_project2/install/my_package/lib/python3.10/site-packages:${PYTHONPATH} /usr/bin/python3 setup.py egg_info --egg-base ../../build/my_package build --build-base /home/ryanlin12/CSCE452_project2/build/my_package/build install --record /home/ryanlin12/CSCE452_project2/build/my_package/install.log --single-version-externally-managed
