[0.631s] Invoking command in '/home/ryanlin12/CSCE452_project2/src/my_package': PYTHONPATH=/home/ryanlin12/CSCE452_project2/build/my_package/prefix_override:/home/ryanlin12/CSCE452_project2/install/my_package/lib/python3.10/site-packages:${PYTHONPATH} /usr/bin/python3 setup.py egg_info --egg-base ../../build/my_package build --build-base /home/ryanlin12/CSCE452_project2/build/my_package/build install --record /home/ryanlin12/CSCE452_project2/build/my_package/install.log --single-version-externally-managed
[0.835s] running egg_info
[0.835s] writing ../../build/my_package/my_package.egg-info/PKG-INFO
[0.835s] writing dependency_links to ../../build/my_package/my_package.egg-info/dependency_links.txt
[0.836s] writing entry points to ../../build/my_package/my_package.egg-info/entry_points.txt
[0.836s] writing requirements to ../../build/my_package/my_package.egg-info/requires.txt
[0.836s] writing top-level names to ../../build/my_package/my_package.egg-info/top_level.txt
[0.838s] reading manifest file '../../build/my_package/my_package.egg-info/SOURCES.txt'
[0.839s] writing manifest file '../../build/my_package/my_package.egg-info/SOURCES.txt'
[0.839s] running build
[0.839s] running build_py
[0.839s] copying my_package/a_mlogo.py -> /home/ryanlin12/CSCE452_project2/build/my_package/build/lib/my_package
[0.840s] running install
[0.840s] running install_lib
[0.841s] /usr/lib/python3/dist-packages/setuptools/command/install.py:34: SetuptoolsDeprecationWarning: setup.py install is deprecated. Use build and pip and other standards-based tools.
[0.841s]   warnings.warn(
[0.841s] copying /home/ryanlin12/CSCE452_project2/build/my_package/build/lib/my_package/a_mlogo.py -> /home/ryanlin12/CSCE452_project2/install/my_package/lib/python3.10/site-packages/my_package
[0.842s] byte-compiling /home/ryanlin12/CSCE452_project2/install/my_package/lib/python3.10/site-packages/my_package/a_mlogo.py to a_mlogo.cpython-310.pyc
[0.844s] running install_data
[0.844s] running install_egg_info
[0.846s] removing '/home/ryanlin12/CSCE452_project2/install/my_package/lib/python3.10/site-packages/my_package-0.0.0-py3.10.egg-info' (and everything under it)
[0.846s] Copying ../../build/my_package/my_package.egg-info to /home/ryanlin12/CSCE452_project2/install/my_package/lib/python3.10/site-packages/my_package-0.0.0-py3.10.egg-info
[0.847s] running install_scripts
[0.867s] Installing a_mlogo script to /home/ryanlin12/CSCE452_project2/install/my_package/lib/my_package
[0.868s] Installing listener script to /home/ryanlin12/CSCE452_project2/install/my_package/lib/my_package
[0.868s] Installing my_node script to /home/ryanlin12/CSCE452_project2/install/my_package/lib/my_package
[0.868s] Installing talker script to /home/ryanlin12/CSCE452_project2/install/my_package/lib/my_package
[0.869s] writing list of installed files to '/home/ryanlin12/CSCE452_project2/build/my_package/install.log'
[0.897s] Invoked command in '/home/ryanlin12/CSCE452_project2/src/my_package' returned '0': PYTHONPATH=/home/ryanlin12/CSCE452_project2/build/my_package/prefix_override:/home/ryanlin12/CSCE452_project2/install/my_package/lib/python3.10/site-packages:${PYTHONPATH} /usr/bin/python3 setup.py egg_info --egg-base ../../build/my_package build --build-base /home/ryanlin12/CSCE452_project2/build/my_package/build install --record /home/ryanlin12/CSCE452_project2/build/my_package/install.log --single-version-externally-managed
