[0.421s] Invoking command in '/home/ryanlin12/CSCE452_project2/src/my_package': PYTHONPATH=/home/ryanlin12/CSCE452_project2/build/my_package/prefix_override:/home/ryanlin12/CSCE452_project2/install/my_package/lib/python3.10/site-packages:${PYTHONPATH} /usr/bin/python3 setup.py egg_info --egg-base ../../build/my_package build --build-base /home/ryanlin12/CSCE452_project2/build/my_package/build install --record /home/ryanlin12/CSCE452_project2/build/my_package/install.log --single-version-externally-managed
[0.616s] running egg_info
[0.617s] writing ../../build/my_package/my_package.egg-info/PKG-INFO
[0.617s] writing dependency_links to ../../build/my_package/my_package.egg-info/dependency_links.txt
[0.617s] writing entry points to ../../build/my_package/my_package.egg-info/entry_points.txt
[0.617s] writing requirements to ../../build/my_package/my_package.egg-info/requires.txt
[0.617s] writing top-level names to ../../build/my_package/my_package.egg-info/top_level.txt
[0.619s] reading manifest file '../../build/my_package/my_package.egg-info/SOURCES.txt'
[0.620s] writing manifest file '../../build/my_package/my_package.egg-info/SOURCES.txt'
[0.620s] running build
[0.620s] running build_py
[0.621s] /usr/lib/python3/dist-packages/setuptools/command/install.py:34: SetuptoolsDeprecationWarning: setup.py install is deprecated. Use build and pip and other standards-based tools.
[0.621s]   warnings.warn(
[0.621s] copying my_package/a_mlogo.py -> /home/ryanlin12/CSCE452_project2/build/my_package/build/lib/my_package
[0.621s] running install
[0.621s] running install_lib
[0.623s]   File "/home/ryanlin12/CSCE452_project2/install/my_package/lib/python3.10/site-packages/my_package/final_attempt.py", line 63
[0.623s]     // wrap g_goal.theta to [-pi, pi)
[0.623s]                                     ^
[0.623s] SyntaxError: closing parenthesis ')' does not match opening parenthesis '['
[0.623s] 
[0.623s] copying /home/ryanlin12/CSCE452_project2/build/my_package/build/lib/my_package/a_mlogo.py -> /home/ryanlin12/CSCE452_project2/install/my_package/lib/python3.10/site-packages/my_package
[0.623s] byte-compiling /home/ryanlin12/CSCE452_project2/install/my_package/lib/python3.10/site-packages/my_package/final_attempt.py to final_attempt.cpython-310.pyc
[0.623s] byte-compiling /home/ryanlin12/CSCE452_project2/install/my_package/lib/python3.10/site-packages/my_package/a_mlogo.py to a_mlogo.cpython-310.pyc
[0.624s] running install_data
[0.624s] running install_egg_info
[0.626s] removing '/home/ryanlin12/CSCE452_project2/install/my_package/lib/python3.10/site-packages/my_package-0.0.0-py3.10.egg-info' (and everything under it)
[0.626s] Copying ../../build/my_package/my_package.egg-info to /home/ryanlin12/CSCE452_project2/install/my_package/lib/python3.10/site-packages/my_package-0.0.0-py3.10.egg-info
[0.627s] running install_scripts
[0.649s] Installing a_mlogo script to /home/ryanlin12/CSCE452_project2/install/my_package/lib/my_package
[0.650s] Installing listener script to /home/ryanlin12/CSCE452_project2/install/my_package/lib/my_package
[0.650s] Installing my_node script to /home/ryanlin12/CSCE452_project2/install/my_package/lib/my_package
[0.650s] Installing talker script to /home/ryanlin12/CSCE452_project2/install/my_package/lib/my_package
[0.651s] writing list of installed files to '/home/ryanlin12/CSCE452_project2/build/my_package/install.log'
[0.683s] Invoked command in '/home/ryanlin12/CSCE452_project2/src/my_package' returned '0': PYTHONPATH=/home/ryanlin12/CSCE452_project2/build/my_package/prefix_override:/home/ryanlin12/CSCE452_project2/install/my_package/lib/python3.10/site-packages:${PYTHONPATH} /usr/bin/python3 setup.py egg_info --egg-base ../../build/my_package build --build-base /home/ryanlin12/CSCE452_project2/build/my_package/build install --record /home/ryanlin12/CSCE452_project2/build/my_package/install.log --single-version-externally-managed
