[0.961s] Invoking command in '/home/ryanlin12/CSCE452_project2/src/my_package': PYTHONPATH=/home/ryanlin12/CSCE452_project2/build/my_package/prefix_override:/home/ryanlin12/CSCE452_project2/install/my_package/lib/python3.10/site-packages:${PYTHONPATH} /usr/bin/python3 setup.py egg_info --egg-base ../../build/my_package build --build-base /home/ryanlin12/CSCE452_project2/build/my_package/build install --record /home/ryanlin12/CSCE452_project2/build/my_package/install.log --single-version-externally-managed
[1.400s] running egg_info
[1.403s] writing ../../build/my_package/my_package.egg-info/PKG-INFO
[1.405s] writing dependency_links to ../../build/my_package/my_package.egg-info/dependency_links.txt
[1.407s] writing entry points to ../../build/my_package/my_package.egg-info/entry_points.txt
[1.407s] writing requirements to ../../build/my_package/my_package.egg-info/requires.txt
[1.408s] writing top-level names to ../../build/my_package/my_package.egg-info/top_level.txt
[1.413s] reading manifest file '../../build/my_package/my_package.egg-info/SOURCES.txt'
[1.415s] writing manifest file '../../build/my_package/my_package.egg-info/SOURCES.txt'
[1.416s] running build
[1.416s] running build_py
[1.417s] copying my_package/a_mlogo.py -> /home/ryanlin12/CSCE452_project2/build/my_package/build/lib/my_package
[1.417s] running install
[1.419s] /usr/lib/python3/dist-packages/setuptools/command/install.py:34: SetuptoolsDeprecationWarning: setup.py install is deprecated. Use build and pip and other standards-based tools.
[1.419s]   warnings.warn(
[1.419s] running install_lib
[1.421s] copying /home/ryanlin12/CSCE452_project2/build/my_package/build/lib/my_package/a_mlogo.py -> /home/ryanlin12/CSCE452_project2/install/my_package/lib/python3.10/site-packages/my_package
[1.422s] byte-compiling /home/ryanlin12/CSCE452_project2/install/my_package/lib/python3.10/site-packages/my_package/a_mlogo.py to a_mlogo.cpython-310.pyc
[1.425s] running install_data
[1.425s]   File "/home/ryanlin12/CSCE452_project2/install/my_package/lib/python3.10/site-packages/my_package/a_mlogo.py", line 23
[1.425s]     def move_turtle(self, float(dist)):
[1.425s]                                ^
[1.426s] SyntaxError: invalid syntax
[1.426s] 
[1.426s] running install_egg_info
[1.427s] removing '/home/ryanlin12/CSCE452_project2/install/my_package/lib/python3.10/site-packages/my_package-0.0.0-py3.10.egg-info' (and everything under it)
[1.433s] Copying ../../build/my_package/my_package.egg-info to /home/ryanlin12/CSCE452_project2/install/my_package/lib/python3.10/site-packages/my_package-0.0.0-py3.10.egg-info
[1.436s] running install_scripts
[1.476s] Installing a_mlogo script to /home/ryanlin12/CSCE452_project2/install/my_package/lib/my_package
[1.478s] Installing listener script to /home/ryanlin12/CSCE452_project2/install/my_package/lib/my_package
[1.479s] Installing my_node script to /home/ryanlin12/CSCE452_project2/install/my_package/lib/my_package
[1.480s] Installing talker script to /home/ryanlin12/CSCE452_project2/install/my_package/lib/my_package
[1.482s] writing list of installed files to '/home/ryanlin12/CSCE452_project2/build/my_package/install.log'
[1.537s] Invoked command in '/home/ryanlin12/CSCE452_project2/src/my_package' returned '0': PYTHONPATH=/home/ryanlin12/CSCE452_project2/build/my_package/prefix_override:/home/ryanlin12/CSCE452_project2/install/my_package/lib/python3.10/site-packages:${PYTHONPATH} /usr/bin/python3 setup.py egg_info --egg-base ../../build/my_package build --build-base /home/ryanlin12/CSCE452_project2/build/my_package/build install --record /home/ryanlin12/CSCE452_project2/build/my_package/install.log --single-version-externally-managed
