[1.051s] Invoking command in '/home/ryanlin12/CSCE452_project2/src/my_package': PYTHONPATH=/home/ryanlin12/CSCE452_project2/build/my_package/prefix_override:/home/ryanlin12/CSCE452_project2/install/my_package/lib/python3.10/site-packages:${PYTHONPATH} /usr/bin/python3 setup.py egg_info --egg-base ../../build/my_package build --build-base /home/ryanlin12/CSCE452_project2/build/my_package/build install --record /home/ryanlin12/CSCE452_project2/build/my_package/install.log --single-version-externally-managed
[1.441s] running egg_info
[1.442s] writing ../../build/my_package/my_package.egg-info/PKG-INFO
[1.443s] writing dependency_links to ../../build/my_package/my_package.egg-info/dependency_links.txt
[1.444s] writing entry points to ../../build/my_package/my_package.egg-info/entry_points.txt
[1.446s] writing requirements to ../../build/my_package/my_package.egg-info/requires.txt
[1.446s] writing top-level names to ../../build/my_package/my_package.egg-info/top_level.txt
[1.450s] reading manifest file '../../build/my_package/my_package.egg-info/SOURCES.txt'
[1.453s] writing manifest file '../../build/my_package/my_package.egg-info/SOURCES.txt'
[1.457s] running build
[1.457s] running build_py
[1.458s] copying my_package/a_mlogo.py -> /home/ryanlin12/CSCE452_project2/build/my_package/build/lib/my_package
[1.458s] running install
[1.459s] /usr/lib/python3/dist-packages/setuptools/command/install.py:34: SetuptoolsDeprecationWarning: setup.py install is deprecated. Use build and pip and other standards-based tools.
[1.459s]   warnings.warn(
[1.459s] running install_lib
[1.460s] copying /home/ryanlin12/CSCE452_project2/build/my_package/build/lib/my_package/a_mlogo.py -> /home/ryanlin12/CSCE452_project2/install/my_package/lib/python3.10/site-packages/my_package
[1.461s] byte-compiling /home/ryanlin12/CSCE452_project2/install/my_package/lib/python3.10/site-packages/my_package/a_mlogo.py to a_mlogo.cpython-310.pyc
[1.464s] running install_data
[1.465s] running install_egg_info
[1.467s] removing '/home/ryanlin12/CSCE452_project2/install/my_package/lib/python3.10/site-packages/my_package-0.0.0-py3.10.egg-info' (and everything under it)
[1.468s] Copying ../../build/my_package/my_package.egg-info to /home/ryanlin12/CSCE452_project2/install/my_package/lib/python3.10/site-packages/my_package-0.0.0-py3.10.egg-info
[1.469s] running install_scripts
[1.503s] Installing a_mlogo script to /home/ryanlin12/CSCE452_project2/install/my_package/lib/my_package
[1.504s] Installing listener script to /home/ryanlin12/CSCE452_project2/install/my_package/lib/my_package
[1.506s] Installing my_node script to /home/ryanlin12/CSCE452_project2/install/my_package/lib/my_package
[1.507s] Installing talker script to /home/ryanlin12/CSCE452_project2/install/my_package/lib/my_package
[1.508s] writing list of installed files to '/home/ryanlin12/CSCE452_project2/build/my_package/install.log'
[1.560s] Invoked command in '/home/ryanlin12/CSCE452_project2/src/my_package' returned '0': PYTHONPATH=/home/ryanlin12/CSCE452_project2/build/my_package/prefix_override:/home/ryanlin12/CSCE452_project2/install/my_package/lib/python3.10/site-packages:${PYTHONPATH} /usr/bin/python3 setup.py egg_info --egg-base ../../build/my_package build --build-base /home/ryanlin12/CSCE452_project2/build/my_package/build install --record /home/ryanlin12/CSCE452_project2/build/my_package/install.log --single-version-externally-managed
