[0.686s] Invoking command in '/home/ryanlin12/CSCE452_project2/src/py_srvcli': AMENT_PREFIX_PATH=/home/ryanlin12/CSCE452_project2/install/turtlesim:${AMENT_PREFIX_PATH} CMAKE_PREFIX_PATH=/home/ryanlin12/CSCE452_project2/install/turtlesim LD_LIBRARY_PATH=/home/ryanlin12/CSCE452_project2/install/turtlesim/lib:${LD_LIBRARY_PATH} PYTHONPATH=/home/ryanlin12/CSCE452_project2/build/py_srvcli/prefix_override:/home/ryanlin12/CSCE452_project2/install/py_srvcli/lib/python3.10/site-packages:/home/ryanlin12/CSCE452_project2/install/turtlesim/local/lib/python3.10/dist-packages:${PYTHONPATH} /usr/bin/python3 setup.py egg_info --egg-base ../../build/py_srvcli build --build-base /home/ryanlin12/CSCE452_project2/build/py_srvcli/build install --record /home/ryanlin12/CSCE452_project2/build/py_srvcli/install.log --single-version-externally-managed
[0.888s] running egg_info
[0.888s] writing ../../build/py_srvcli/py_srvcli.egg-info/PKG-INFO
[0.889s] writing dependency_links to ../../build/py_srvcli/py_srvcli.egg-info/dependency_links.txt
[0.892s] writing entry points to ../../build/py_srvcli/py_srvcli.egg-info/entry_points.txt
[0.892s] writing requirements to ../../build/py_srvcli/py_srvcli.egg-info/requires.txt
[0.893s] writing top-level names to ../../build/py_srvcli/py_srvcli.egg-info/top_level.txt
[0.895s] reading manifest file '../../build/py_srvcli/py_srvcli.egg-info/SOURCES.txt'
[0.901s] writing manifest file '../../build/py_srvcli/py_srvcli.egg-info/SOURCES.txt'
[0.902s] running build
[0.902s] running build_py
[0.903s] copying py_srvcli/clear_line_service.py -> /home/ryanlin12/CSCE452_project2/build/py_srvcli/build/lib/py_srvcli
[0.907s] copying py_srvcli/set_color_service.py -> /home/ryanlin12/CSCE452_project2/build/py_srvcli/build/lib/py_srvcli
[0.908s] running install
[0.910s] /usr/lib/python3/dist-packages/setuptools/command/install.py:34: SetuptoolsDeprecationWarning: setup.py install is deprecated. Use build and pip and other standards-based tools.
[0.910s]   warnings.warn(
[0.911s] running install_lib
[0.912s] copying /home/ryanlin12/CSCE452_project2/build/py_srvcli/build/lib/py_srvcli/clear_line_service.py -> /home/ryanlin12/CSCE452_project2/install/py_srvcli/lib/python3.10/site-packages/py_srvcli
[0.913s] copying /home/ryanlin12/CSCE452_project2/build/py_srvcli/build/lib/py_srvcli/set_color_service.py -> /home/ryanlin12/CSCE452_project2/install/py_srvcli/lib/python3.10/site-packages/py_srvcli
[0.914s] byte-compiling /home/ryanlin12/CSCE452_project2/install/py_srvcli/lib/python3.10/site-packages/py_srvcli/clear_line_service.py to clear_line_service.cpython-310.pyc
[0.916s] byte-compiling /home/ryanlin12/CSCE452_project2/install/py_srvcli/lib/python3.10/site-packages/py_srvcli/set_color_service.py to set_color_service.cpython-310.pyc
[0.919s] running install_data
[0.919s] running install_egg_info
[0.922s] removing '/home/ryanlin12/CSCE452_project2/install/py_srvcli/lib/python3.10/site-packages/py_srvcli-0.0.0-py3.10.egg-info' (and everything under it)
[0.929s] Copying ../../build/py_srvcli/py_srvcli.egg-info to /home/ryanlin12/CSCE452_project2/install/py_srvcli/lib/python3.10/site-packages/py_srvcli-0.0.0-py3.10.egg-info
[0.931s] running install_scripts
[0.949s] Installing clear_line_client script to /home/ryanlin12/CSCE452_project2/install/py_srvcli/lib/py_srvcli
[0.954s] Installing clear_line_service script to /home/ryanlin12/CSCE452_project2/install/py_srvcli/lib/py_srvcli
[0.955s] Installing set_background_color script to /home/ryanlin12/CSCE452_project2/install/py_srvcli/lib/py_srvcli
[0.955s] Installing set_color_client script to /home/ryanlin12/CSCE452_project2/install/py_srvcli/lib/py_srvcli
[0.956s] Installing set_color_service script to /home/ryanlin12/CSCE452_project2/install/py_srvcli/lib/py_srvcli
[0.956s] writing list of installed files to '/home/ryanlin12/CSCE452_project2/build/py_srvcli/install.log'
[0.988s] Invoked command in '/home/ryanlin12/CSCE452_project2/src/py_srvcli' returned '0': AMENT_PREFIX_PATH=/home/ryanlin12/CSCE452_project2/install/turtlesim:${AMENT_PREFIX_PATH} CMAKE_PREFIX_PATH=/home/ryanlin12/CSCE452_project2/install/turtlesim LD_LIBRARY_PATH=/home/ryanlin12/CSCE452_project2/install/turtlesim/lib:${LD_LIBRARY_PATH} PYTHONPATH=/home/ryanlin12/CSCE452_project2/build/py_srvcli/prefix_override:/home/ryanlin12/CSCE452_project2/install/py_srvcli/lib/python3.10/site-packages:/home/ryanlin12/CSCE452_project2/install/turtlesim/local/lib/python3.10/dist-packages:${PYTHONPATH} /usr/bin/python3 setup.py egg_info --egg-base ../../build/py_srvcli build --build-base /home/ryanlin12/CSCE452_project2/build/py_srvcli/build install --record /home/ryanlin12/CSCE452_project2/build/py_srvcli/install.log --single-version-externally-managed
