/home/ryanlin12/CSCE452_project2/install/my_package/lib/python3.10/site-packages/my_package/my_node.py
/home/ryanlin12/CSCE452_project2/install/my_package/lib/python3.10/site-packages/my_package/publisher_member_function.py
/home/ryanlin12/CSCE452_project2/install/my_package/lib/python3.10/site-packages/my_package/subscriber_member_function.py
/home/ryanlin12/CSCE452_project2/install/my_package/lib/python3.10/site-packages/my_package/__init__.py
/home/ryanlin12/CSCE452_project2/install/my_package/lib/python3.10/site-packages/my_package/__pycache__/my_node.cpython-310.pyc
/home/ryanlin12/CSCE452_project2/install/my_package/lib/python3.10/site-packages/my_package/__pycache__/publisher_member_function.cpython-310.pyc
/home/ryanlin12/CSCE452_project2/install/my_package/lib/python3.10/site-packages/my_package/__pycache__/subscriber_member_function.cpython-310.pyc
/home/ryanlin12/CSCE452_project2/install/my_package/lib/python3.10/site-packages/my_package/__pycache__/__init__.cpython-310.pyc
/home/ryanlin12/CSCE452_project2/install/my_package/share/ament_index/resource_index/packages/my_package
/home/ryanlin12/CSCE452_project2/install/my_package/share/my_package/package.xml
/home/ryanlin12/CSCE452_project2/install/my_package/lib/python3.10/site-packages/my_package-0.0.0-py3.10.egg-info/SOURCES.txt
/home/ryanlin12/CSCE452_project2/install/my_package/lib/python3.10/site-packages/my_package-0.0.0-py3.10.egg-info/top_level.txt
/home/ryanlin12/CSCE452_project2/install/my_package/lib/python3.10/site-packages/my_package-0.0.0-py3.10.egg-info/requires.txt
/home/ryanlin12/CSCE452_project2/install/my_package/lib/python3.10/site-packages/my_package-0.0.0-py3.10.egg-info/entry_points.txt
/home/ryanlin12/CSCE452_project2/install/my_package/lib/python3.10/site-packages/my_package-0.0.0-py3.10.egg-info/zip-safe
/home/ryanlin12/CSCE452_project2/install/my_package/lib/python3.10/site-packages/my_package-0.0.0-py3.10.egg-info/PKG-INFO
/home/ryanlin12/CSCE452_project2/install/my_package/lib/python3.10/site-packages/my_package-0.0.0-py3.10.egg-info/dependency_links.txt
/home/ryanlin12/CSCE452_project2/install/my_package/lib/my_package/listener
/home/ryanlin12/CSCE452_project2/install/my_package/lib/my_package/my_node
/home/ryanlin12/CSCE452_project2/install/my_package/lib/my_package/talker
