[0.453s] Invoking command in '/home/ryanlin12/CSCE452_project2/src/my_package': PYTHONPATH=/home/ryanlin12/CSCE452_project2/build/my_package/prefix_override:/home/ryanlin12/CSCE452_project2/install/my_package/lib/python3.10/site-packages:${PYTHONPATH} /usr/bin/python3 setup.py egg_info --egg-base ../../build/my_package build --build-base /home/ryanlin12/CSCE452_project2/build/my_package/build install --record /home/ryanlin12/CSCE452_project2/build/my_package/install.log --single-version-externally-managed
[0.616s] running egg_info
[0.616s] writing ../../build/my_package/my_package.egg-info/PKG-INFO
[0.618s] writing dependency_links to ../../build/my_package/my_package.egg-info/dependency_links.txt
[0.622s] writing entry points to ../../build/my_package/my_package.egg-info/entry_points.txt
[0.622s] writing requirements to ../../build/my_package/my_package.egg-info/requires.txt
[0.622s] writing top-level names to ../../build/my_package/my_package.egg-info/top_level.txt
[0.622s] reading manifest file '../../build/my_package/my_package.egg-info/SOURCES.txt'
[0.622s] writing manifest file '../../build/my_package/my_package.egg-info/SOURCES.txt'
[0.622s] running build
[0.622s] running build_py
[0.622s] running install
[0.622s] running install_lib
[0.623s] /usr/lib/python3/dist-packages/setuptools/command/install.py:34: SetuptoolsDeprecationWarning: setup.py install is deprecated. Use build and pip and other standards-based tools.
[0.623s]   warnings.warn(
[0.625s] running install_data
[0.625s] running install_egg_info
[0.625s] removing '/home/ryanlin12/CSCE452_project2/install/my_package/lib/python3.10/site-packages/my_package-0.0.0-py3.10.egg-info' (and everything under it)
[0.625s] Copying ../../build/my_package/my_package.egg-info to /home/ryanlin12/CSCE452_project2/install/my_package/lib/python3.10/site-packages/my_package-0.0.0-py3.10.egg-info
[0.626s] running install_scripts
[0.642s] Installing a_mlogo script to /home/ryanlin12/CSCE452_project2/install/my_package/lib/my_package
[0.644s] Installing listener script to /home/ryanlin12/CSCE452_project2/install/my_package/lib/my_package
[0.644s] Installing my_node script to /home/ryanlin12/CSCE452_project2/install/my_package/lib/my_package
[0.644s] Installing talker script to /home/ryanlin12/CSCE452_project2/install/my_package/lib/my_package
[0.645s] writing list of installed files to '/home/ryanlin12/CSCE452_project2/build/my_package/install.log'
[0.668s] Invoked command in '/home/ryanlin12/CSCE452_project2/src/my_package' returned '0': PYTHONPATH=/home/ryanlin12/CSCE452_project2/build/my_package/prefix_override:/home/ryanlin12/CSCE452_project2/install/my_package/lib/python3.10/site-packages:${PYTHONPATH} /usr/bin/python3 setup.py egg_info --egg-base ../../build/my_package build --build-base /home/ryanlin12/CSCE452_project2/build/my_package/build install --record /home/ryanlin12/CSCE452_project2/build/my_package/install.log --single-version-externally-managed
