[0.548s] Invoking command in '/home/ryanlin12/CSCE452_project2/src/my_package': PYTHONPATH=/home/ryanlin12/CSCE452_project2/build/my_package/prefix_override:/home/ryanlin12/CSCE452_project2/install/my_package/lib/python3.10/site-packages:${PYTHONPATH} /usr/bin/python3 setup.py egg_info --egg-base ../../build/my_package build --build-base /home/ryanlin12/CSCE452_project2/build/my_package/build install --record /home/ryanlin12/CSCE452_project2/build/my_package/install.log --single-version-externally-managed
[0.848s] running egg_info
[0.849s] writing ../../build/my_package/my_package.egg-info/PKG-INFO
[0.850s] writing dependency_links to ../../build/my_package/my_package.egg-info/dependency_links.txt
[0.852s] writing entry points to ../../build/my_package/my_package.egg-info/entry_points.txt
[0.854s] writing requirements to ../../build/my_package/my_package.egg-info/requires.txt
[0.854s] writing top-level names to ../../build/my_package/my_package.egg-info/top_level.txt
[0.860s] reading manifest file '../../build/my_package/my_package.egg-info/SOURCES.txt'
[0.860s] writing manifest file '../../build/my_package/my_package.egg-info/SOURCES.txt'
[0.864s] running build
[0.864s] running build_py
[0.864s] copying my_package/aGoodAttempt.py -> /home/ryanlin12/CSCE452_project2/build/my_package/build/lib/my_package
[0.866s] running install
[0.867s] /usr/lib/python3/dist-packages/setuptools/command/install.py:34: SetuptoolsDeprecationWarning: setup.py install is deprecated. Use build and pip and other standards-based tools.
[0.867s]   warnings.warn(
[0.867s] running install_lib
[0.870s] copying /home/ryanlin12/CSCE452_project2/build/my_package/build/lib/my_package/aGoodAttempt.py -> /home/ryanlin12/CSCE452_project2/install/my_package/lib/python3.10/site-packages/my_package
[0.872s] byte-compiling /home/ryanlin12/CSCE452_project2/install/my_package/lib/python3.10/site-packages/my_package/aGoodAttempt.py to aGoodAttempt.cpython-310.pyc
[0.876s] running install_data
[0.877s] running install_egg_info
[0.880s] removing '/home/ryanlin12/CSCE452_project2/install/my_package/lib/python3.10/site-packages/my_package-0.0.0-py3.10.egg-info' (and everything under it)
[0.884s] Copying ../../build/my_package/my_package.egg-info to /home/ryanlin12/CSCE452_project2/install/my_package/lib/python3.10/site-packages/my_package-0.0.0-py3.10.egg-info
[0.886s] running install_scripts
[0.918s] Installing a_mlogo script to /home/ryanlin12/CSCE452_project2/install/my_package/lib/my_package
[0.921s] Installing listener script to /home/ryanlin12/CSCE452_project2/install/my_package/lib/my_package
[0.921s] Installing my_node script to /home/ryanlin12/CSCE452_project2/install/my_package/lib/my_package
[0.921s] Installing talker script to /home/ryanlin12/CSCE452_project2/install/my_package/lib/my_package
[0.922s] writing list of installed files to '/home/ryanlin12/CSCE452_project2/build/my_package/install.log'
[0.957s] Invoked command in '/home/ryanlin12/CSCE452_project2/src/my_package' returned '0': PYTHONPATH=/home/ryanlin12/CSCE452_project2/build/my_package/prefix_override:/home/ryanlin12/CSCE452_project2/install/my_package/lib/python3.10/site-packages:${PYTHONPATH} /usr/bin/python3 setup.py egg_info --egg-base ../../build/my_package build --build-base /home/ryanlin12/CSCE452_project2/build/my_package/build install --record /home/ryanlin12/CSCE452_project2/build/my_package/install.log --single-version-externally-managed
