[0.576s] Invoking command in '/home/ryanlin12/CSCE452_project2/src/my_package': PYTHONPATH=/home/ryanlin12/CSCE452_project2/build/my_package/prefix_override:/home/ryanlin12/CSCE452_project2/install/my_package/lib/python3.10/site-packages:${PYTHONPATH} /usr/bin/python3 setup.py egg_info --egg-base ../../build/my_package build --build-base /home/ryanlin12/CSCE452_project2/build/my_package/build install --record /home/ryanlin12/CSCE452_project2/build/my_package/install.log --single-version-externally-managed
[0.864s] running egg_info
[0.864s] writing ../../build/my_package/my_package.egg-info/PKG-INFO
[0.865s] writing dependency_links to ../../build/my_package/my_package.egg-info/dependency_links.txt
[0.866s] writing entry points to ../../build/my_package/my_package.egg-info/entry_points.txt
[0.866s] writing requirements to ../../build/my_package/my_package.egg-info/requires.txt
[0.867s] writing top-level names to ../../build/my_package/my_package.egg-info/top_level.txt
[0.870s] reading manifest file '../../build/my_package/my_package.egg-info/SOURCES.txt'
[0.875s] writing manifest file '../../build/my_package/my_package.egg-info/SOURCES.txt'
[0.875s] running build
[0.875s] running build_py
[0.875s] copying my_package/realfinalattempt.py -> /home/ryanlin12/CSCE452_project2/build/my_package/build/lib/my_package
[0.876s] running install
[0.876s] running install_lib
[0.876s] copying /home/ryanlin12/CSCE452_project2/build/my_package/build/lib/my_package/realfinalattempt.py -> /home/ryanlin12/CSCE452_project2/install/my_package/lib/python3.10/site-packages/my_package
[0.876s] /usr/lib/python3/dist-packages/setuptools/command/install.py:34: SetuptoolsDeprecationWarning: setup.py install is deprecated. Use build and pip and other standards-based tools.
[0.876s]   warnings.warn(
[0.878s] byte-compiling /home/ryanlin12/CSCE452_project2/install/my_package/lib/python3.10/site-packages/my_package/final_attempt.py to final_attempt.cpython-310.pyc
[0.878s]   File "/home/ryanlin12/CSCE452_project2/install/my_package/lib/python3.10/site-packages/my_package/final_attempt.py", line 63
[0.878s]     // wrap g_goal.theta to [-pi, pi)
[0.878s]                                     ^
[0.878s] SyntaxError: closing parenthesis ')' does not match opening parenthesis '['
[0.879s] 
[0.879s] byte-compiling /home/ryanlin12/CSCE452_project2/install/my_package/lib/python3.10/site-packages/my_package/realfinalattempt.py to realfinalattempt.cpython-310.pyc
[0.882s] running install_data
[0.883s] running install_egg_info
[0.889s] removing '/home/ryanlin12/CSCE452_project2/install/my_package/lib/python3.10/site-packages/my_package-0.0.0-py3.10.egg-info' (and everything under it)
[0.889s] Copying ../../build/my_package/my_package.egg-info to /home/ryanlin12/CSCE452_project2/install/my_package/lib/python3.10/site-packages/my_package-0.0.0-py3.10.egg-info
[0.889s] running install_scripts
[0.922s] Installing a_mlogo script to /home/ryanlin12/CSCE452_project2/install/my_package/lib/my_package
[0.923s] Installing final script to /home/ryanlin12/CSCE452_project2/install/my_package/lib/my_package
[0.923s] Installing listener script to /home/ryanlin12/CSCE452_project2/install/my_package/lib/my_package
[0.925s] Installing my_node script to /home/ryanlin12/CSCE452_project2/install/my_package/lib/my_package
[0.925s] Installing talker script to /home/ryanlin12/CSCE452_project2/install/my_package/lib/my_package
[0.927s] writing list of installed files to '/home/ryanlin12/CSCE452_project2/build/my_package/install.log'
[0.959s] Invoked command in '/home/ryanlin12/CSCE452_project2/src/my_package' returned '0': PYTHONPATH=/home/ryanlin12/CSCE452_project2/build/my_package/prefix_override:/home/ryanlin12/CSCE452_project2/install/my_package/lib/python3.10/site-packages:${PYTHONPATH} /usr/bin/python3 setup.py egg_info --egg-base ../../build/my_package build --build-base /home/ryanlin12/CSCE452_project2/build/my_package/build install --record /home/ryanlin12/CSCE452_project2/build/my_package/install.log --single-version-externally-managed
