[1.091s] Invoking command in '/home/ryanlin12/CSCE452_project2/src/my_package': PYTHONPATH=/home/ryanlin12/CSCE452_project2/build/my_package/prefix_override:/home/ryanlin12/CSCE452_project2/install/my_package/lib/python3.10/site-packages:${PYTHONPATH} /usr/bin/python3 setup.py egg_info --egg-base ../../build/my_package build --build-base /home/ryanlin12/CSCE452_project2/build/my_package/build install --record /home/ryanlin12/CSCE452_project2/build/my_package/install.log --single-version-externally-managed
[1.679s] running egg_info
[1.681s] writing ../../build/my_package/my_package.egg-info/PKG-INFO
[1.693s] writing dependency_links to ../../build/my_package/my_package.egg-info/dependency_links.txt
[1.694s] writing entry points to ../../build/my_package/my_package.egg-info/entry_points.txt
[1.695s] writing requirements to ../../build/my_package/my_package.egg-info/requires.txt
[1.695s] writing top-level names to ../../build/my_package/my_package.egg-info/top_level.txt
[1.702s] reading manifest file '../../build/my_package/my_package.egg-info/SOURCES.txt'
[1.707s] writing manifest file '../../build/my_package/my_package.egg-info/SOURCES.txt'
[1.707s] running build
[1.707s] running build_py
[1.708s] copying my_package/a_mlogo.py -> /home/ryanlin12/CSCE452_project2/build/my_package/build/lib/my_package
[1.709s] running install
[1.710s] /usr/lib/python3/dist-packages/setuptools/command/install.py:34: SetuptoolsDeprecationWarning: setup.py install is deprecated. Use build and pip and other standards-based tools.
[1.710s]   warnings.warn(
[1.711s] running install_lib
[1.713s] copying /home/ryanlin12/CSCE452_project2/build/my_package/build/lib/my_package/a_mlogo.py -> /home/ryanlin12/CSCE452_project2/install/my_package/lib/python3.10/site-packages/my_package
[1.714s] byte-compiling /home/ryanlin12/CSCE452_project2/install/my_package/lib/python3.10/site-packages/my_package/a_mlogo.py to a_mlogo.cpython-310.pyc
[1.715s]   File "/home/ryanlin12/CSCE452_project2/install/my_package/lib/python3.10/site-packages/my_package/a_mlogo.py", line 31
[1.716s]     def turn_turtle(self, dist)):
[1.716s]                                ^
[1.717s] SyntaxError: unmatched ')'
[1.717s] 
[1.718s] running install_data
[1.718s] running install_egg_info
[1.723s] removing '/home/ryanlin12/CSCE452_project2/install/my_package/lib/python3.10/site-packages/my_package-0.0.0-py3.10.egg-info' (and everything under it)
[1.723s] Copying ../../build/my_package/my_package.egg-info to /home/ryanlin12/CSCE452_project2/install/my_package/lib/python3.10/site-packages/my_package-0.0.0-py3.10.egg-info
[1.724s] running install_scripts
[1.775s] Installing a_mlogo script to /home/ryanlin12/CSCE452_project2/install/my_package/lib/my_package
[1.778s] Installing listener script to /home/ryanlin12/CSCE452_project2/install/my_package/lib/my_package
[1.778s] Installing my_node script to /home/ryanlin12/CSCE452_project2/install/my_package/lib/my_package
[1.778s] Installing talker script to /home/ryanlin12/CSCE452_project2/install/my_package/lib/my_package
[1.779s] writing list of installed files to '/home/ryanlin12/CSCE452_project2/build/my_package/install.log'
[1.845s] Invoked command in '/home/ryanlin12/CSCE452_project2/src/my_package' returned '0': PYTHONPATH=/home/ryanlin12/CSCE452_project2/build/my_package/prefix_override:/home/ryanlin12/CSCE452_project2/install/my_package/lib/python3.10/site-packages:${PYTHONPATH} /usr/bin/python3 setup.py egg_info --egg-base ../../build/my_package build --build-base /home/ryanlin12/CSCE452_project2/build/my_package/build install --record /home/ryanlin12/CSCE452_project2/build/my_package/install.log --single-version-externally-managed
